171458,060111,052236484,009436099,000,00000,00713,3,0,0
171459,060111,052236474,009436096,000,00000,00713,3,0,0
171500,060111,052236467,009436093,000,00000,00713,3,0,0
171501,060111,052236459,009436090,000,00000,00713,3,0,0
171502,060111,052236451,009436087,000,00000,00713,3,0,0
171503,060111,052236444,009436083,000,00000,00713,3,0,0
171504,060111,052236498,009436079,000,18000,00636,4,1,0
171505,060111,052236500,009436076,000,31510,00624,4,1,0
171507,060111,052236501,009436074,000,30679,00618,4,1,0
171508,060111,052236502,009436073,000,30575,00613,4,1,0
171509,060111,052236503,009436072,000,32697,00609,4,1,0
171510,060111,052236503,009436071,000,32583,00605,4,1,0
171511,060111,052236504,009436070,000,31398,00602,4,1,0
171512,060111,052236504,009436069,000,30309,00599,4,1,0
171513,060111,052236505,009436068,000,31581,00597,4,1,0
171514,060111,052236505,009436068,000,32419,00595,4,1,0
171515,060111,052236505,009436067,000,30972,00593,4,1,0
171516,060111,052236505,009436066,000,32600,00591,4,1,0
171517,060111,052236505,009436066,000,32462,00590,4,1,0
171518,060111,052236505,009436065,000,31962,00588,4,1,0
171519,060111,052236505,009436065,000,-32182,00587,4,1,0
171520,060111,052236505,009436065,000,31479,00587,4,1,0
171521,060111,052236505,009436064,000,32509,00586,4,1,0
171522,060111,052236505,009436064,000,31783,00585,4,1,0
171523,060111,052236505,009436063,000,32645,00585,4,1,0
171524,060111,052236505,009436063,000,32408,00583,4,1,0
171525,060111,052236505,009436062,000,32541,00583,4,1,0
171526,060111,052236505,009436062,000,-32032,00581,4,1,0
171527,060111,052236505,009436061,000,32623,00580,4,1,0
171528,060111,052236505,009436060,000,30882,00578,4,1,0
171529,060111,052236505,009436060,000,32661,00577,4,1,0
171530,060111,052236505,009436059,000,-32723,00576,4,1,0
171531,060111,052236505,009436058,000,32516,00574,4,1,0
171532,060111,052236506,009436058,000,-32664,00572,4,1,0
171533,060111,052236506,009436057,000,-31849,00570,4,1,0
171534,060111,052236494,009436060,000,28964,00594,6,1,0
171535,060111,052236488,009436062,000,24721,00607,6,1,0
171536,060111,052236484,009436063,000,02781,00615,6,1,0
171537,060111,052236481,009436064,000,05480,00620,6,1,0
171538,060111,052236479,009436064,000,02842,00624,6,1,0
171539,060111,052236478,009436064,000,04398,00628,6,1,0
171540,060111,052236477,009436064,000,-30915,00630,6,1,0
171541,060111,052236476,009436064,000,00553,00632,6,1,0
171542,060111,052236475,009436063,000,02957,00634,6,1,0
171543,060111,052236475,009436063,000,-31918,00635,6,1,0
171544,060111,052236474,009436063,000,00182,00637,6,1,0
171545,060111,052236474,009436063,000,03178,00638,6,1,0
171546,060111,052236474,009436062,000,-30309,00639,6,1,0
171547,060111,052236473,009436062,000,-31963,00640,6,1,0
171548,060111,052236473,009436062,000,-31183,00641,6,1,0
171549,060111,052236473,009436062,000,00414,00642,6,1,0
171550,060111,052236473,009436062,000,-31154,00643,6,1,0
171551,060111,052236473,009436061,000,-31958,00644,6,1,0
171552,060111,052236473,009436061,000,-30116,00645,6,1,0
171553,060111,052236472,009436061,000,00068,00646,6,1,0
171554,060111,052236472,009436061,000,-29874,00647,6,1,0
171555,060111,052236472,009436061,000,-31495,00648,6,1,0
171556,060111,052236472,009436061,000,-31069,00648,6,1,0
171557,060111,052236472,009436061,000,-30256,00649,6,1,0
171558,060111,052236472,009436061,000,01114,00649,6,1,0
171559,060111,052236472,009436061,000,-30348,00650,6,1,0
171600,060111,052236472,009436061,000,31875,00650,6,1,0
171601,060111,052236471,009436061,000,01227,00650,6,1,0
171602,060111,052236471,009436061,000,-31120,00650,6,1,0
171603,060111,052236471,009436061,000,-31973,00650,6,1,0
171604,060111,052236471,009436061,000,-30581,00650,6,1,0
171605,060111,052236471,009436061,000,-32116,00650,6,1,0
171606,060111,052236471,009436061,000,-30841,00650,6,1,0
171607,060111,052236471,009436061,000,-32063,00650,6,1,0
171608,060111,052236471,009436061,000,-30349,00650,6,1,0
171609,060111,052236472,009436061,000,-32255,00650,6,1,0
171609,060111,052236472,009436061,000,-32228,00649,6,1,0
171610,060111,052236472,009436061,000,-30989,00649,6,1,0
171611,060111,052236472,009436061,000,-30412,00649,6,1,0
171612,060111,052236472,009436061,000,-31496,00649,6,1,0
171613,060111,052236474,009436061,000,-31181,00650,6,1,0
171614,060111,052236475,009436061,000,-29604,00650,6,1,0
171615,060111,052236476,009436061,000,-31250,00651,6,1,0
171616,060111,052236477,009436061,000,00659,00650,6,1,0
171617,060111,052236477,009436061,000,-30796,00652,6,1,0
171618,060111,052236478,009436062,000,03137,00653,6,1,0
171619,060111,052236478,009436063,000,07043,00654,6,1,0
171620,060111,052236478,009436063,000,01882,00656,6,1,0
171621,060111,052236478,009436064,000,08172,00657,6,1,0
171622,060111,052236478,009436064,000,09738,00658,6,1,0
171623,060111,052236478,009436065,000,-32611,00660,6,1,0
171624,060111,052236478,009436065,000,06186,00661,6,1,0
171625,060111,052236479,009436065,000,08354,00662,6,1,0
171626,060111,052236479,009436066,000,-32336,00664,6,1,0
171627,060111,052236479,009436066,000,32191,00666,6,1,0
171628,060111,052236479,009436066,000,01611,00667,6,1,0
171629,060111,052236478,009436066,000,11885,00668,6,1,0
171630,060111,052236478,009436067,000,-32678,00670,6,1,0
171631,060111,052236478,009436067,000,05727,00670,6,1,0
171632,060111,052236480,009436063,000,-30940,00646,6,1,0
171633,060111,052236481,009436061,000,30450,00633,6,1,0
171634,060111,052236481,009436059,000,30661,00616,6,1,0
171635,060111,052236482,009436056,000,30739,00599,6,1,0
171636,060111,052236484,009436053,001,24475,00583,6,1,0
171637,060111,052236484,009436051,001,31502,00568,6,1,0
171638,060111,052236488,009436048,001,32067,00555,6,1,0
171639,060111,052236493,009436046,001,32297,00544,6,1,0
171640,060111,052236494,009436044,001,29596,00532,6,1,0
171641,060111,052236491,009436042,001,22909,00520,6,1,0
171642,060111,052236489,009436041,001,28360,00509,6,1,0
171643,060111,052236492,009436039,001,32317,00502,6,1,0
171644,060111,052236495,009436038,001,-32240,00495,6,1,0
171645,060111,052236494,009436037,001,29457,00487,6,1,0
171646,060111,052236498,009436035,001,-32362,00483,6,1,0
171647,060111,052236503,009436034,001,-31909,00479,6,1,0
171648,060111,052236504,009436033,001,31669,00473,6,1,0
171649,060111,052236507,009436032,001,31521,00470,6,1,0
171650,060111,052236509,009436031,001,-31874,00466,6,1,0
171651,060111,052236507,009436031,001,-31979,00461,6,1,0
171652,060111,052236505,009436031,000,23075,00457,6,1,0
171653,060111,052236501,009436031,001,19325,00452,6,1,0
171654,060111,052236497,009436031,000,29061,00448,6,1,0
171655,060111,052236496,009436031,001,-32041,00445,6,1,0
171656,060111,052236494,009436031,000,22272,00443,6,1,0
171657,060111,052236495,009436031,001,-32073,00442,6,1,0
171658,060111,052236495,009436030,001,-31513,00441,6,1,0
171659,060111,052236494,009436030,000,29627,00440,6,1,0
171700,060111,052236497,009436030,001,-30928,00441,6,1,0
171701,060111,052236498,009436030,001,-30912,00441,6,1,0
171702,060111,052236500,009436030,001,-31034,00442,6,1,0
171703,060111,052236501,009436030,000,21762,00440,6,1,0
171704,060111,052236499,009436032,000,32166,00450,6,1,0
171705,060111,052236498,009436035,001,-30730,00471,6,1,0
171706,060111,052236496,009436038,000,02583,00489,6,1,0
171707,060111,052236491,009436042,000,15953,00507,6,1,0
171708,060111,052236486,009436046,000,10211,00528,6,1,0
171709,060111,052236482,009436049,001,08219,00544,6,1,0
171710,060111,052236481,009436051,001,06868,00546,6,1,0
171711,060111,052236477,009436054,001,16815,00562,6,1,0
171712,060111,052236472,009436056,001,15016,00576,6,1,0
171713,060111,052236465,009436059,002,17174,00588,6,1,0
171714,060111,052236461,009436060,002,16124,00594,6,1,0
171715,060111,052236457,009436063,001,13371,00604,6,1,0
171716,060111,052236458,009436063,001,14929,00605,6,1,0
171717,060111,052236457,009436064,001,12252,00604,6,1,0
171718,060111,052236455,009436066,000,12130,00618,6,1,0
171719,060111,052236453,009436068,001,14386,00627,6,1,0
171720,060111,052236449,009436069,001,11327,00631,6,1,0
171721,060111,052236446,009436070,001,12496,00633,6,1,0
171722,060111,052236449,009436069,000,02316,00632,6,1,0
171723,060111,052236452,009436068,000,17083,00634,6,1,0
171724,060111,052236451,009436068,000,11465,00633,6,1,0
171725,060111,052236453,009436068,000,09534,00634,6,1,0
171726,060111,052236455,009436068,000,02789,00634,6,1,0
171727,060111,052236460,009436067,000,02945,00633,6,1,0
171728,060111,052236462,009436065,001,00111,00626,6,1,0
171729,060111,052236465,009436062,000,01642,00614,6,1,0
171730,060111,052236467,009436060,000,-30701,00603,6,1,0
171731,060111,052236471,009436058,000,-31359,00594,6,1,0
171732,060111,052236472,009436056,000,-32071,00585,6,1,0
171733,060111,052236475,009436054,000,25847,00576,6,1,0
171734,060111,052236475,009436051,000,23996,00566,6,1,0
171735,060111,052236479,009436049,000,31087,00558,6,1,0
171736,060111,052236484,009436046,001,-31791,00549,6,1,0
171737,060111,052236488,009436044,001,-32236,00541,6,1,0
171738,060111,052236489,009436041,001,31488,00532,6,1,0
171739,060111,052236489,009436040,001,31521,00524,6,1,0
171740,060111,052236491,009436041,001,-32356,00520,6,1,0
171741,060111,052236491,009436040,000,28365,00514,6,1,0
171742,060111,052236491,009436041,001,31301,00509,6,1,0
171743,060111,052236491,009436041,001,31592,00504,6,1,0
171744,060111,052236490,009436041,001,31686,00500,6,1,0
171745,060111,052236490,009436041,001,31403,00496,6,1,0
171746,060111,052236490,009436042,001,31312,00493,6,1,0
171747,060111,052236491,009436043,001,32184,00491,6,1,0
171748,060111,052236491,009436045,000,31448,00491,6,1,0
171749,060111,052236491,009436046,001,31456,00491,6,1,0
171750,060111,052236491,009436049,000,02092,00493,6,1,0
171751,060111,052236491,009436052,000,-32450,00494,6,1,0
171752,060111,052236491,009436054,000,-31436,00496,6,1,0
171753,060111,052236491,009436059,000,02588,00492,6,1,0
171754,060111,052236490,009436064,000,03861,00488,6,1,0
171755,060111,052236492,009436063,000,32261,00475,6,1,0
171756,060111,052236493,009436061,001,31728,00473,6,1,0
171757,060111,052236497,009436055,000,32397,00468,6,1,0
171758,060111,052236504,009436038,001,31065,00456,6,1,0
171759,060111,052236514,009436012,001,31637,00435,6,1,0
171800,060111,052236522,009435994,001,30737,00424,6,1,0
171801,060111,052236527,009435981,001,31005,00418,6,1,0
171802,060111,052236531,009435971,001,30854,00416,6,1,0
171803,060111,052236535,009435964,001,30949,00417,6,1,0
171804,060111,052236538,009435958,001,30889,00418,6,1,0
171805,060111,052236540,009435953,001,32001,00421,6,1,0
171806,060111,052236542,009435950,000,-32023,00423,6,1,0
171807,060111,052236543,009435948,000,-32307,00426,6,1,0
171808,060111,052236543,009435951,000,08746,00433,6,1,0
171809,060111,052236542,009435955,000,07245,00442,6,1,0
171810,060111,052236541,009435959,000,05853,00451,6,1,0
171811,060111,052236540,009435963,000,-31055,00460,6,1,0
171812,060111,052236539,009435966,000,09071,00468,6,1,0
171813,060111,052236538,009435970,000,10813,00476,6,1,0
171814,060111,052236537,009435974,000,11521,00483,6,1,0
171815,060111,052236536,009435979,001,10773,00491,6,1,0
171816,060111,052236534,009435983,001,11423,00498,6,1,0
171817,060111,052236532,009435987,000,09714,00506,6,1,0
171818,060111,052236531,009435990,000,09777,00513,6,1,0
171819,060111,052236531,009435988,000,10718,00515,6,1,0
171820,060111,052236530,009435987,001,11704,00517,6,1,0
171821,060111,052236530,009435987,000,11595,00520,6,1,0
171822,060111,052236529,009435987,000,11202,00522,6,1,0
171823,060111,052236528,009435987,000,11618,00524,6,1,0
171824,060111,052236527,009435986,000,01446,00527,6,1,0
171825,060111,052236526,009435986,000,09501,00530,6,1,0
171826,060111,052236523,009435986,000,15042,00532,6,1,0
171827,060111,052236522,009435987,000,10678,00536,6,1,0
171828,060111,052236520,009435987,000,12953,00537,6,1,0
171829,060111,052236520,009435983,000,29402,00537,6,1,0
171830,060111,052236519,009435984,000,09940,00541,6,1,0
171831,060111,052236517,009435986,001,11440,00544,6,1,0
171832,060111,052236515,009435987,000,12203,00546,6,1,0
171833,060111,052236513,009435988,000,32464,00548,6,1,0
171834,060111,052236511,009435988,000,12000,00549,6,1,0
171835,060111,052236506,009435986,001,13340,00548,6,1,0
171836,060111,052236505,009435988,001,14354,00549,6,1,0
171837,060111,052236502,009435988,000,10222,00550,6,1,0
171838,060111,052236500,009435986,001,27930,00550,6,1,0
171839,060111,052236497,009435984,000,22345,00549,6,1,0
171840,060111,052236495,009435982,000,29024,00549,6,1,0
171841,060111,052236498,009435976,000,31071,00547,6,1,0
171842,060111,052236500,009435975,000,31812,00549,6,1,0
171843,060111,052236497,009435976,000,30334,00552,6,1,0
171844,060111,052236496,009435978,001,-30017,00556,6,1,0
171845,060111,052236496,009435982,000,-31367,00561,6,1,0
171846,060111,052236495,009435987,000,08087,00565,6,1,0
171847,060111,052236492,009435993,000,09939,00569,5,1,0
171848,060111,052236490,009435999,000,11776,00574,5,1,0
171849,060111,052236490,009436004,001,15218,00578,5,1,0
171850,060111,052236486,009436011,000,11906,00584,5,1,0
171851,060111,052236481,009436018,001,12281,00590,5,1,0
171852,060111,052236477,009436024,001,16097,00594,5,1,0
171853,060111,052236472,009436031,000,10926,00599,5,1,0
171854,060111,052236471,009436036,000,10030,00603,5,1,0
171855,060111,052236472,009436041,001,03155,00607,5,1,0
171856,060111,052236468,009436047,000,08580,00613,5,1,0
171857,060111,052236464,009436053,000,05591,00618,5,1,0
171858,060111,052236461,009436059,000,07210,00623,5,1,0
171859,060111,052236456,009436064,000,10180,00627,5,1,0
171900,060111,052236452,009436070,001,14718,00631,5,1,0
171901,060111,052236452,009436074,000,07803,00635,5,1,0
171902,060111,052236450,009436078,001,13708,00638,6,1,0
171903,060111,052236447,009436083,001,07710,00640,6,1,0
171904,060111,052236445,009436087,001,02400,00644,6,1,0
171905,060111,052236443,009436091,001,01397,00647,6,1,0
171906,060111,052236439,009436094,000,11873,00649,6,1,0
171907,060111,052236440,009436094,000,05029,00635,6,1,0
171908,060111,052236438,009436096,001,15995,00628,6,1,0
171909,060111,052236436,009436099,000,12941,00631,6,1,0
171910,060111,052236434,009436101,000,18145,00634,6,1,0
171911,060111,052236433,009436103,000,14736,00636,6,1,0
171912,060111,052236436,009436104,000,-30312,00640,6,1,0
171913,060111,052236440,009436105,001,-29845,00643,6,1,0
171914,060111,052236441,009436106,001,01894,00645,6,1,0
171915,060111,052236443,009436107,000,12852,00646,6,1,0
171916,060111,052236443,009436108,000,04111,00648,6,1,0
171917,060111,052236444,009436109,000,00759,00650,6,1,0
171918,060111,052236444,009436110,000,00704,00651,5,1,0
171919,060111,052236443,009436111,000,01329,00653,5,1,0
171920,060111,052236444,009436111,000,00666,00654,5,1,0
171921,060111,052236445,009436111,000,00779,00655,5,1,0
171922,060111,052236446,009436112,000,01010,00656,5,1,0
171923,060111,052236446,009436112,000,-30116,00657,5,1,0
171924,060111,052236446,009436112,000,03788,00657,5,1,0
171925,060111,052236445,009436113,000,05366,00658,5,1,0
171926,060111,052236445,009436113,000,03373,00658,5,1,0
171927,060111,052236445,009436113,000,01472,00658,5,1,0
171928,060111,052236446,009436114,000,00416,00658,5,1,0
171929,060111,052236446,009436114,000,00886,00657,5,1,0
171930,060111,052236446,009436114,000,-30681,00657,5,1,0
171931,060111,052236446,009436114,000,01174,00656,5,1,0
171932,060111,052236447,009436113,000,-32560,00655,5,1,0
171933,060111,052236447,009436113,000,00734,00654,5,1,0
171934,060111,052236448,009436113,000,-31967,00653,5,1,0
171935,060111,052236448,009436113,000,-31461,00651,5,1,0
171936,060111,052236448,009436113,000,00949,00649,5,1,0
171937,060111,052236449,009436113,000,-32311,00648,5,1,0
171938,060111,052236449,009436112,000,-31375,00646,5,1,0
171939,060111,052236450,009436112,000,32594,00645,5,1,0
171940,060111,052236450,009436112,000,-31196,00643,5,1,0
171941,060111,052236451,009436111,000,-32337,00643,5,1,0
171942,060111,052236451,009436111,000,-31392,00642,5,1,0
171943,060111,052236451,009436110,000,-31910,00641,5,1,0
171944,060111,052236452,009436110,000,-31588,00640,5,1,0
171945,060111,052236454,009436104,000,30529,00636,5,1,0
171946,060111,052236455,009436101,000,32221,00635,5,1,0
171947,060111,052236457,009436097,000,31739,00632,5,1,0
171948,060111,052236458,009436092,000,31288,00629,5,1,0
171949,060111,052236460,009436089,000,31354,00627,5,1,0
171950,060111,052236461,009436086,000,31783,00625,5,1,0
171951,060111,052236462,009436083,000,31525,00622,5,1,0
171952,060111,052236463,009436080,000,31831,00620,5,1,0
171953,060111,052236464,009436078,000,31785,00617,5,1,0
171954,060111,052236465,009436075,000,31108,00615,5,1,0
171955,060111,052236466,009436073,000,31454,00613,5,1,0
171956,060111,052236467,009436071,000,31362,00612,5,1,0
171957,060111,052236467,009436070,000,30769,00611,5,1,0
171958,060111,052236467,009436069,000,30950,00610,5,1,0
171959,000000,052236468,009436013,-100,00000,00610,5,1,0
172000,060111,052236468,009436068,000,31498,00610,5,1,0
172001,060111,052236468,009436068,000,32411,00610,5,1,0
172002,060111,052236468,009436068,000,32127,00610,5,1,0
172003,060111,052236467,009436068,000,30445,00610,5,1,0
172004,060111,052236467,009436069,000,31862,00611,5,1,0
172005,060111,052236467,009436069,000,-31422,00611,5,1,0
172006,060111,052236467,009436069,000,-32428,00611,5,1,0
172007,060111,052236466,009436070,000,31991,00611,5,1,0
172008,060111,052236466,009436070,000,31674,00611,5,1,0
172009,060111,052236466,009436071,000,-31947,00611,5,1,0
172010,060111,052236466,009436071,000,-30877,00612,5,1,0
172011,060111,052236465,009436071,000,-32645,00612,5,1,0
172012,060111,052236465,009436071,000,-32701,00612,5,1,0
172013,060111,052236465,009436071,000,-31634,00612,5,1,0
172014,060111,052236465,009436072,000,31064,00612,5,1,0
172015,060111,052236461,009436072,000,-31345,00611,5,1,0
172016,060111,052236459,009436072,000,19450,00611,5,1,0
172017,060111,052236457,009436072,000,20319,00610,5,1,0
172018,060111,052236455,009436072,000,19374,00610,5,1,0
172019,060111,052236454,009436072,000,31281,00610,5,1,0
172020,060111,052236454,009436071,000,30191,00609,5,1,0
172021,060111,052236453,009436070,000,06847,00609,5,1,0
172022,060111,052236452,009436070,000,10321,00608,5,1,0
172023,060111,052236454,009436073,001,08228,00610,5,1,0
172024,060111,052236455,009436074,000,05503,00611,5,1,0
172025,060111,052236456,009436073,000,-32186,00611,5,1,0
172026,060111,052236457,009436069,001,29639,00609,5,1,0
172027,060111,052236458,009436063,000,30585,00605,5,1,0
172028,060111,052236461,009436052,001,29911,00599,5,1,0
172029,060111,052236463,009436049,000,06265,00596,5,1,0
172030,060111,052236464,009436045,000,01687,00593,5,1,0
172031,060111,052236465,009436041,000,04167,00590,5,1,0
172032,060111,052236466,009436038,000,08655,00587,5,1,0
172033,060111,052236471,009436025,001,29623,00578,5,1,0
172034,060111,052236472,009436021,001,30148,00574,5,1,0
172035,060111,052236473,009436017,001,29621,00571,5,1,0
172036,060111,052236476,009436007,001,29685,00565,5,1,0
172037,060111,052236475,009436010,000,31047,00566,5,1,0
172038,060111,052236476,009436009,001,29612,00565,5,1,0
172039,060111,052236475,009436012,000,30780,00566,5,1,0
172040,060111,052236474,009436016,000,05209,00568,5,1,0
172041,060111,052236472,009436024,000,11045,00572,6,1,0
172042,060111,052236470,009436030,000,10376,00573,6,1,0
172043,060111,052236469,009436035,000,01162,00577,6,1,0
172044,060111,052236467,009436039,000,10411,00580,6,1,0
172045,060111,052236466,009436044,000,08247,00583,6,1,0
172046,060111,052236464,009436048,000,10533,00585,6,1,0
172047,060111,052236463,009436051,000,10607,00587,6,1,0
172048,060111,052236463,009436054,000,-30088,00591,6,1,0
172049,060111,052236462,009436057,000,08704,00593,6,1,0
172050,060111,052236462,009436059,000,-31074,00597,6,1,0
172051,060111,052236461,009436061,000,10247,00598,6,1,0
172052,060111,052236460,009436064,000,00645,00602,6,1,0
172053,060111,052236460,009436070,000,07565,00614,6,1,0
172054,060111,052236460,009436078,001,08148,00632,6,1,0
172055,060111,052236460,009436083,001,11556,00642,6,1,0
172056,060111,052236460,009436092,001,10620,00662,6,1,0
172057,060111,052236458,009436093,001,11718,00660,6,1,0
172058,060111,052236457,009436094,000,10788,00658,5,1,0
172059,060111,052236455,009436087,000,16992,00635,5,1,0
172100,060111,052236454,009436089,000,02395,00639,5,1,0
172101,060111,052236454,009436094,000,03065,00652,5,1,0
172102,060111,052236453,009436093,000,05087,00644,5,1,0
172103,060111,052236453,009436095,000,04362,00648,5,1,0
172104,060111,052236453,009436102,000,07858,00665,5,1,0
172105,060111,052236453,009436110,001,05598,00688,5,1,0
172106,060111,052236453,009436116,001,05018,00703,5,1,0
172107,060111,052236453,009436123,001,05891,00718,5,1,0
172108,060111,052236453,009436129,001,05983,00737,5,1,0
172109,060111,052236453,009436136,001,08365,00752,5,1,0
172110,060111,052236452,009436140,001,08422,00762,5,1,0
172111,060111,052236452,009436147,001,10695,00778,6,1,0
172112,060111,052236452,009436157,001,08118,00806,6,1,0
172113,060111,052236451,009436160,001,08655,00812,6,1,0
172114,060111,052236450,009436155,001,12163,00781,6,1,0
172115,060111,052236449,009436151,001,12481,00757,5,1,0
172116,060111,052236449,009436149,000,08551,00748,5,1,0
172117,060111,052236448,009436138,000,17509,00704,5,1,0
172118,060111,052236446,009436124,001,21241,00647,5,1,0
172119,060111,052236445,009436118,001,24714,00623,5,1,0
172120,060111,052236444,009436104,001,26624,00572,5,1,0
172121,060111,052236444,009436093,001,27351,00534,5,1,0
172122,060111,052236444,009436084,002,27712,00502,5,1,0
172123,060111,052236443,009436074,002,27620,00471,5,1,0
172124,060111,052236443,009436066,002,27751,00442,5,1,0
172125,060111,052236443,009436060,002,27916,00423,5,1,0
172126,060111,052236444,009436056,002,28050,00411,5,1,0
172127,060111,052236444,009436053,002,28309,00401,5,1,0
172128,060111,052236444,009436050,002,28424,00393,5,1,0
172129,060111,052236445,009436049,002,28703,00390,5,1,0
172130,060111,052236445,009436047,002,28477,00382,5,1,0
172131,060111,052236445,009436044,001,27953,00373,5,1,0
172132,060111,052236445,009436042,001,27981,00367,5,1,0
172133,060111,052236445,009436040,001,27915,00361,5,1,0
172134,060111,052236445,009436040,001,27945,00360,5,1,0
172135,060111,052236445,009436039,001,28516,00360,5,1,0
172136,060111,052236446,009436040,001,28282,00360,5,1,0
172137,060111,052236446,009436040,001,27544,00362,5,1,0
172138,060111,052236446,009436040,001,28787,00362,5,1,0
172139,060111,052236446,009436036,001,28395,00349,5,1,0
172140,060111,052236446,009436031,001,27890,00336,5,1,0
172141,060111,052236446,009436027,001,29414,00317,6,1,0
172142,060111,052236449,009436036,001,29806,00335,6,1,0
172143,060111,052236451,009436043,000,31964,00353,6,1,0
172144,060111,052236452,009436051,000,-31172,00374,6,1,0
172145,060111,052236454,009436059,000,05983,00395,6,1,0
172146,060111,052236456,009436054,000,17780,00393,6,1,0
172147,060111,052236456,009436046,000,28115,00384,6,1,0
172148,060111,052236457,009436037,000,25162,00373,6,1,0
172149,060111,052236459,009436034,000,25641,00377,6,1,0
172150,060111,052236461,009436031,000,31493,00382,6,1,0
172151,060111,052236462,009436024,001,30429,00374,6,1,0
172152,060111,052236463,009436023,001,-31894,00382,5,1,0
172153,060111,052236465,009436027,001,00100,00401,5,1,0
172154,060111,052236465,009436020,000,27229,00390,5,1,0
172155,060111,052236466,009436011,000,31394,00375,5,1,0
172156,060111,052236466,009436001,001,28655,00358,5,1,0
172157,060111,052236469,009435981,001,27488,00327,5,1,0
172158,060111,052236470,009435977,001,30508,00327,5,1,0
172159,060111,052236472,009435967,001,28386,00312,5,1,0
172200,060111,052236474,009435963,001,27281,00301,5,1,0
172201,060111,052236475,009435966,000,30938,00309,5,1,0
172202,060111,052236478,009435963,001,30535,00306,5,1,0
172203,060111,052236481,009435956,001,31105,00287,6,1,0
172204,060111,052236485,009435939,002,29570,00229,6,1,0
172205,060111,052236487,009435930,002,29451,00200,6,1,0
172206,060111,052236489,009435925,001,28853,00183,6,1,0
172207,060111,052236490,009435926,001,31105,00171,6,1,0
172208,060111,052236488,009435924,001,28277,00162,6,1,0
172209,060111,052236486,009435922,000,26307,00143,6,1,0
172210,060111,052236485,009435921,000,29899,00135,6,1,0
172211,060111,052236485,009435923,000,32635,00144,6,1,0
172212,060111,052236486,009435921,001,31142,00138,6,1,0
172213,060111,052236486,009435919,002,30131,00133,6,1,0
172214,060111,052236487,009435916,001,30414,00131,6,1,0
172215,060111,052236490,009435902,001,30561,00115,6,1,0
172216,060111,052236491,009435896,002,29607,00109,6,1,0
172217,060111,052236493,009435886,002,29226,00099,6,1,0
172218,060111,052236494,009435878,002,28992,00091,6,1,0
172219,060111,052236493,009435876,002,29241,00091,6,1,0
172220,060111,052236493,009435869,002,29179,00084,6,1,0
172221,060111,052236491,009435870,002,29251,00088,6,1,0
172222,060111,052236491,009435867,001,29386,00087,6,1,0
172223,060111,052236488,009435873,001,31366,00096,6,1,0
172224,060111,052236486,009435878,001,29426,00104,6,1,0
172225,060111,052236482,009435887,000,-30913,00117,6,1,0
172226,060111,052236480,009435893,000,08109,00136,6,1,0
172227,060111,052236478,009435898,000,05992,00150,6,1,0
172228,060111,052236474,009435904,000,21665,00161,6,1,0
172229,060111,052236468,009435911,000,21989,00171,6,1,0
172230,060111,052236464,009435917,000,11697,00179,6,1,0
172231,060111,052236463,009435912,001,00739,00182,6,1,0
172232,060111,052236463,009435911,000,04287,00175,5,1,0
172233,060111,052236464,009435903,000,30195,00155,5,1,0
172234,060111,052236466,009435896,000,29488,00144,5,1,0
172235,060111,052236468,009435888,001,28436,00140,5,1,0
172236,060111,052236471,009435880,001,26441,00129,6,1,0
172237,060111,052236470,009435888,000,11690,00133,6,1,0
172238,060111,052236471,009435891,000,00900,00134,6,1,0
172239,060111,052236471,009435897,001,08883,00145,6,1,0
172240,060111,052236471,009435912,001,08167,00168,6,1,0
172241,060111,052236471,009435921,000,-30521,00183,6,1,0
172242,060111,052236469,009435928,001,10175,00192,6,1,0
172243,060111,052236473,009435932,001,07559,00201,6,1,0
172244,060111,052236473,009435946,001,09396,00213,6,1,0
172245,060111,052236473,009435954,001,09450,00221,6,1,0
172246,060111,052236475,009435957,001,10377,00221,6,1,0
172247,060111,052236477,009435959,001,10271,00226,6,1,0
172248,060111,052236476,009435965,001,13035,00243,6,1,0
172249,060111,052236475,009435972,001,10777,00263,6,1,0
172250,060111,052236473,009435982,001,09165,00285,6,1,0
172251,060111,052236471,009435991,001,11514,00303,6,1,0
172252,060111,052236470,009435996,001,11103,00316,6,1,0
172253,060111,052236470,009435997,002,10941,00326,6,1,0
172254,060111,052236471,009435996,001,11692,00333,6,1,0
172255,060111,052236470,009435998,001,11083,00344,6,1,0
172256,060111,052236467,009436008,001,11241,00360,6,1,0
172257,060111,052236465,009436013,001,11824,00372,6,1,0
172258,060111,052236466,009436007,001,11623,00375,6,1,0
172259,060111,052236465,009436010,001,11183,00383,6,1,0
172300,060111,052236463,009436014,001,11554,00393,6,1,0
172301,060111,052236465,009436008,000,12566,00394,6,1,0
172302,060111,052236465,009436003,001,10942,00397,6,1,0
172303,060111,052236465,009436004,001,10554,00403,6,1,0
172304,060111,052236466,009435998,001,10881,00402,6,1,0
172305,060111,052236468,009435993,001,12932,00405,6,1,0
172306,060111,052236468,009435995,000,11714,00416,6,1,0
172307,060111,052236469,009435994,000,13553,00423,6,1,0
172308,060111,052236468,009435999,000,11623,00435,6,1,0
172309,060111,052236468,009436000,000,-31630,00445,6,1,0
172310,060111,052236471,009435991,000,00238,00446,5,1,0
172311,060111,052236474,009435983,000,28442,00443,6,1,0
172312,060111,052236478,009435978,001,30096,00460,6,1,0
172313,060111,052236480,009435981,002,32024,00479,6,1,0
172314,060111,052236484,009435975,001,-32463,00492,6,1,0
172315,060111,052236484,009435979,001,05715,00511,6,1,0
172316,060111,052236482,009435983,001,09733,00514,6,1,0
172317,060111,052236483,009435989,001,05241,00530,6,1,0
172318,060111,052236483,009435992,000,06162,00539,5,1,0
172319,060111,052236484,009435998,001,05596,00558,6,1,0
172320,060111,052236487,009435995,000,-31647,00553,6,1,0
172321,060111,052236491,009435984,001,-31012,00538,6,1,0
172322,060111,052236494,009435985,002,-31759,00544,6,1,0
172323,060111,052236495,009435990,001,01528,00542,4,1,0
172324,060111,052236499,009435983,001,09222,00511,6,1,0
172325,060111,052236497,009435989,002,10866,00514,6,1,0
172326,060111,052236494,009436003,002,12669,00531,6,1,0
172327,060111,052236490,009436011,002,12751,00531,4,1,0
172328,060111,052236485,009436021,002,12704,00531,4,1,0
172329,060111,052236482,009436026,001,13986,00529,5,1,0
172330,060111,052236479,009436030,001,11937,00520,5,1,0
172331,060111,052236479,009436022,001,30765,00497,6,1,0
172332,060111,052236478,009436018,000,01204,00483,6,1,0
172333,060111,052236477,009436018,000,07154,00472,6,1,0
172334,060111,052236474,009436014,000,26348,00449,6,1,0
172335,060111,052236473,009436013,000,30172,00436,6,1,0
172336,060111,052236472,009436016,001,32192,00432,6,1,0
172337,060111,052236472,009436012,001,29826,00420,6,1,0
172338,060111,052236474,009436006,002,29691,00413,6,1,0
172339,060111,052236476,009435998,001,30324,00402,6,1,0
172340,060111,052236476,009435996,001,30732,00396,6,1,0
172341,060111,052236475,009435998,001,31133,00393,6,1,0
172342,060111,052236474,009436001,000,04260,00389,6,1,0
172343,060111,052236473,009436001,001,29724,00382,6,1,0
172344,060111,052236472,009436004,000,05337,00379,6,1,0
172345,060111,052236470,009436006,001,30499,00375,6,1,0
172346,060111,052236469,009436008,000,03813,00372,6,1,0
172347,060111,052236469,009436006,000,00420,00366,6,1,0
172348,060111,052236468,009436007,001,30509,00363,6,1,0
172349,060111,052236468,009436008,001,31407,00362,6,1,0
172350,060111,052236470,009435999,001,30566,00354,6,1,0
172351,060111,052236469,009435999,001,30814,00352,6,1,0
172352,060111,052236468,009436001,000,28677,00351,6,1,0
172353,060111,052236468,009436001,000,07570,00349,6,1,0
172354,060111,052236468,009436000,000,32321,00346,6,1,0
172355,060111,052236471,009435988,001,30989,00336,6,1,0
172356,060111,052236474,009435977,001,30972,00326,6,1,0
172357,060111,052236474,009435976,000,32405,00325,6,1,0
172358,060111,052236473,009435980,001,30698,00328,6,1,0
172400,060111,052236475,009435973,001,30299,00324,6,1,0
172401,060111,052236475,009435971,001,29569,00323,6,1,0
172402,060111,052236474,009435971,001,29828,00331,6,1,0
172403,060111,052236472,009435976,000,03130,00325,6,1,0
172404,060111,052236471,009435982,001,09588,00328,6,1,0
172405,060111,052236470,009435982,001,08920,00327,6,1,0
172406,060111,052236473,009435976,001,30411,00326,6,1,0
172407,060111,052236476,009435968,001,28603,00312,6,1,0
172408,060111,052236482,009435956,001,31911,00289,6,1,0
172409,060111,052236487,009435947,001,00523,00278,6,1,0
172410,060111,052236489,009435945,000,-29679,00258,5,1,0
172411,060111,052236489,009435949,000,05947,00249,5,1,0
172412,060111,052236489,009435953,000,04568,00248,5,1,0
172413,060111,052236491,009435956,001,04515,00246,5,1,0
172414,060111,052236491,009435960,001,04867,00247,5,1,0
172415,060111,052236492,009435964,001,06877,00250,5,1,0
172416,060111,052236491,009435969,001,10891,00252,5,1,0
172417,060111,052236493,009435972,001,10018,00235,5,1,0
172418,060111,052236492,009435975,001,09697,00230,5,1,0
172419,060111,052236492,009435976,000,03147,00231,5,1,0
172420,060111,052236492,009435977,001,26888,00232,5,1,0
172421,060111,052236492,009435977,001,28139,00231,5,1,0
172422,060111,052236491,009435978,001,30218,00238,5,1,0
172423,060111,052236489,009435982,001,29091,00245,5,1,0
172424,060111,052236491,009435983,001,27859,00244,5,1,0
172425,060111,052236492,009435990,001,-32568,00258,5,1,0
172426,060111,052236499,009435980,001,-30776,00257,6,1,0
172427,060111,052236499,009435988,001,03525,00271,6,1,0
172428,060111,052236502,009435978,001,-32449,00265,6,1,0
172429,060111,052236501,009435975,001,-32685,00267,6,1,0
172430,060111,052236497,009436001,001,07063,00317,6,1,0
172431,060111,052236495,009436015,001,08001,00348,6,1,0
172432,060111,052236494,009436012,001,10261,00349,5,1,0
172433,060111,052236490,009436021,001,10330,00376,5,1,0
172434,060111,052236487,009436034,001,08394,00401,6,1,0
172435,060111,052236484,009436053,001,10749,00445,6,1,0
172436,060111,052236482,009436064,002,11122,00472,6,1,0
172437,060111,052236478,009436075,003,11165,00493,6,1,0
172438,060111,052236475,009436084,002,11636,00516,6,1,0
172439,060111,052236472,009436091,002,11769,00537,6,1,0
172440,060111,052236470,009436101,003,11258,00561,6,1,0
172441,060111,052236469,009436109,002,11872,00585,6,1,0
172442,060111,052236468,009436117,002,11842,00607,6,1,0
172443,060111,052236467,009436126,003,11402,00625,5,1,0
172444,060111,052236464,009436132,003,10828,00635,5,1,0
172445,060111,052236461,009436135,003,11195,00638,4,1,0
172446,060111,052236457,009436137,003,11126,00639,4,1,0
172447,060111,052236453,009436147,003,11402,00654,5,1,0
172448,060111,052236448,009436149,003,11324,00658,4,1,0
172449,060111,052236444,009436149,002,11558,00659,4,1,0
172450,060111,052236443,009436147,002,11112,00651,4,1,0
172451,060111,052236438,009436146,002,11372,00651,4,1,0
172452,060111,052236437,009436143,002,11284,00644,4,1,0
172453,060111,052236434,009436147,002,12851,00649,5,1,0
172454,060111,052236433,009436147,001,10155,00646,5,1,0
172455,060111,052236434,009436147,001,08900,00637,5,1,0
172456,060111,052236442,009436124,001,02104,00601,6,1,0
172457,060111,052236451,009436089,001,30246,00552,6,1,0
172458,060111,052236454,009436086,001,31211,00540,5,1,0
172459,060111,052236458,009436079,001,-31507,00525,6,1,0
172500,060111,052236465,009436054,002,28234,00486,5,1,0
172501,060111,052236471,009436027,003,27809,00446,5,1,0
172502,060111,052236477,009436011,002,30136,00414,5,1,0
172503,060111,052236477,009436012,001,31554,00405,5,1,0
172504,060111,052236474,009436018,001,29555,00410,5,1,0
172505,060111,052236470,009436025,001,-31883,00419,6,1,0
172506,060111,052236468,009436025,001,30182,00420,5,1,0
172507,060111,052236468,009436024,001,30233,00417,5,1,0
172508,060111,052236469,009436021,001,32314,00408,5,1,0
172509,060111,052236470,009436017,001,30366,00402,5,1,0
172510,060111,052236471,009436019,001,31766,00398,5,1,0
172511,060111,052236470,009436022,001,29909,00401,5,1,0
172512,060111,052236471,009436025,001,27449,00405,6,1,0
172513,060111,052236468,009436037,001,00936,00425,5,1,0
172514,060111,052236468,009436049,001,01477,00445,6,1,0
172515,060111,052236468,009436052,000,26068,00455,5,1,0
172516,060111,052236466,009436057,000,21887,00471,5,1,0
172517,060111,052236462,009436052,000,21506,00473,6,1,0
172518,060111,052236461,009436037,001,24319,00460,6,1,0
172519,060111,052236460,009436041,000,00297,00476,5,1,0
172520,060111,052236458,009436046,000,15714,00492,5,1,0
172521,060111,052236461,009436039,000,02197,00492,5,1,0
172522,060111,052236461,009436042,001,07894,00504,5,1,0
172523,060111,052236460,009436048,001,09973,00519,5,1,0
172524,060111,052236463,009436048,000,10843,00528,6,1,0
172525,060111,052236467,009436040,000,-29590,00527,6,1,0
172526,060111,052236471,009436042,000,09518,00537,6,1,0
172527,060111,052236475,009436040,000,31122,00542,6,1,0
172528,060111,052236475,009436035,000,29408,00541,5,1,0
172529,060111,052236477,009436026,000,28668,00533,5,1,0
172530,060111,052236478,009436019,001,29264,00528,5,1,0
172531,060111,052236478,009436012,001,28324,00524,5,1,0
172532,060111,052236478,009436009,000,07860,00521,5,1,0
172533,060111,052236477,009436010,001,09535,00523,4,1,0
172534,060111,052236475,009436013,001,09617,00525,4,1,0
172535,060111,052236474,009436013,000,08782,00525,4,1,0
172536,060111,052236475,009436011,000,29811,00520,4,1,0
172537,060111,052236474,009436010,000,06731,00517,4,1,0
172538,060111,052236476,009436009,001,07743,00508,4,1,0
172539,060111,052236476,009436011,001,10309,00506,5,1,0
172540,060111,052236476,009436011,001,08254,00500,4,1,0
172541,060111,052236478,009436002,000,15735,00486,5,1,0
172542,060111,052236478,009436007,001,15063,00484,5,1,0
172543,060111,052236478,009435996,001,16697,00472,5,1,0
172544,060111,052236478,009435991,001,13530,00465,5,1,0
172545,060111,052236476,009435998,001,15974,00476,6,1,0
172546,060111,052236478,009436002,000,18216,00480,5,1,0
172547,060111,052236478,009436001,001,06537,00474,5,1,0
172548,060111,052236482,009436001,001,01715,00468,5,1,0
172549,060111,052236485,009436002,001,02749,00465,5,1,0
172550,060111,052236489,009436010,001,06018,00473,5,1,0
172551,060111,052236489,009436009,000,05670,00467,4,1,0
172552,060111,052236485,009436010,001,21929,00474,4,1,0
172553,060111,052236484,009436016,000,22560,00487,5,1,0
172554,060111,052236482,009436022,000,02298,00502,5,1,0
172555,060111,052236483,009436021,001,02606,00501,5,1,0
172556,060111,052236481,009436019,000,26511,00510,5,1,0
172557,060111,052236479,009436020,000,25513,00531,5,1,0
172558,060111,052236479,009436021,000,05594,00551,5,1,0
172559,060111,052236476,009436026,001,08412,00570,6,1,0
172600,060111,052236473,009436036,001,08431,00594,6,1,0
172601,060111,052236470,009436042,001,08571,00611,6,1,0
172602,060111,052236468,009436042,000,10208,00618,6,1,0
172603,060111,052236465,009436046,001,12032,00633,6,1,0
172604,060111,052236461,009436052,001,12097,00647,6,1,0
172605,060111,052236451,009436084,001,11480,00689,6,1,0
172606,060111,052236446,009436092,002,12303,00704,6,1,0
172607,060111,052236442,009436102,001,11684,00719,6,1,0
172608,060111,052236436,009436114,001,12339,00737,6,1,0
172609,060111,052236431,009436125,001,11332,00754,6,1,0
172610,060111,052236424,009436139,002,13147,00777,6,1,0
172611,060111,052236420,009436150,002,11321,00796,5,1,0
172612,060111,052236419,009436158,001,12045,00804,5,1,0
172613,060111,052236415,009436168,002,11011,00818,5,1,0
172614,060111,052236411,009436184,002,09328,00839,5,1,0
172615,060111,052236402,009436209,002,10694,00874,5,1,0
172616,060111,052236395,009436231,002,11844,00903,6,1,0
172617,060111,052236389,009436247,002,12173,00926,6,1,0
172618,060111,052236382,009436264,002,11198,00952,5,1,0
172619,060111,052236376,009436279,002,11245,00975,5,1,0
172620,060111,052236370,009436291,003,14004,00992,6,1,0
172621,060111,052236363,009436299,003,14316,01009,6,1,0
172622,060111,052236355,009436309,003,14462,01030,6,1,0
172623,060111,052236346,009436317,002,13954,01052,6,1,0
172624,060111,052236338,009436327,002,13227,01076,6,1,0
172625,060111,052236332,009436334,002,12964,01094,6,1,0
172626,060111,052236326,009436343,002,12697,01114,6,1,0
172627,060111,052236321,009436351,002,12448,01135,6,1,0
172628,060111,052236317,009436361,002,12070,01153,6,1,0
172629,060111,052236315,009436369,002,12098,01167,6,1,0
172630,060111,052236314,009436375,002,12152,01173,6,1,0
172631,060111,052236311,009436380,002,12482,01185,5,1,0
172632,060111,052236307,009436385,002,12172,01196,5,1,0
172633,060111,052236304,009436389,002,12363,01207,5,1,0
172634,060111,052236301,009436393,002,12609,01217,5,1,0
172635,060111,052236299,009436397,002,11828,01226,5,1,0
172636,060111,052236297,009436400,002,11775,01234,5,1,0
172637,060111,052236299,009436401,001,11566,01229,6,1,0
172638,060111,052236301,009436401,001,10677,01222,6,1,0
172639,060111,052236305,009436399,001,12092,01209,6,1,0
172640,060111,052236308,009436398,001,09620,01199,6,1,0
172641,060111,052236312,009436396,000,11480,01186,6,1,0
172642,060111,052236314,009436395,000,08653,01178,6,1,0
172643,060111,052236316,009436394,000,12605,01173,6,1,0
172644,060111,052236323,009436379,000,29604,01146,6,1,0
172645,060111,052236329,009436366,000,27186,01121,6,1,0
172646,060111,052236335,009436354,001,-32421,01096,6,1,0
172647,060111,052236341,009436343,001,31489,01075,6,1,0
172648,060111,052236346,009436328,001,30345,01051,6,1,0
172649,060111,052236352,009436314,001,30827,01023,6,1,0
172650,060111,052236356,009436304,001,30723,01006,6,1,0
172651,060111,052236361,009436292,002,31245,00985,6,1,0
172652,060111,052236366,009436279,002,30596,00963,6,1,0
172653,060111,052236370,009436268,002,30328,00946,6,1,0
172654,060111,052236372,009436263,002,30727,00937,6,1,0
172655,060111,052236376,009436263,002,31993,00925,6,1,0
172656,060111,052236379,009436259,002,31993,00913,6,1,0
172657,060111,052236380,009436256,001,31065,00907,6,1,0
172658,060111,052236382,009436254,002,32404,00898,6,1,0
172577,060111,052236387,009436251,002,32643,00884,6,1,0
172700,060111,052236388,009436251,001,31692,00878,6,1,0
172701,060111,052236389,009436252,001,31080,00875,6,1,0
172702,060111,052236390,009436252,001,30877,00868,6,1,0
172703,060111,052236392,009436253,001,31717,00863,6,1,0
172704,060111,052236392,009436254,001,31647,00862,6,1,0
172705,060111,052236394,009436253,001,32603,00853,6,1,0
172706,060111,052236395,009436254,001,31690,00849,6,1,0
172707,060111,052236394,009436255,001,31569,00851,6,1,0
172708,060111,052236391,009436261,000,31263,00861,6,1,0
172709,060111,052236385,009436270,000,22780,00882,6,1,0
172710,060111,052236381,009436276,000,18931,00898,6,1,0
172711,060111,052236375,009436281,001,16572,00916,6,1,0
172712,060111,052236368,009436292,001,12890,00944,6,1,0
172713,060111,052236362,009436306,001,11301,00968,5,1,0
172714,060111,052236362,009436304,001,10205,00970,5,1,0
172715,060111,052236363,009436300,001,09775,00967,5,1,0
172716,060111,052236360,009436299,001,09737,00979,6,1,0
172717,060111,052236360,009436291,000,07306,00976,6,1,0
172718,060111,052236363,009436277,000,03256,00967,6,1,0
172719,060111,052236366,009436265,001,-29693,00952,6,1,0
172720,060111,052236370,009436256,001,-32323,00940,6,1,0
172721,060111,052236374,009436249,001,32280,00928,6,1,0
172722,060111,052236378,009436241,001,-30688,00911,6,1,0
172723,060111,052236378,009436239,001,30328,00911,6,1,0
172724,060111,052236377,009436237,001,28764,00916,6,1,0
172725,060111,052236378,009436232,001,30397,00909,6,1,0
172726,060111,052236380,009436227,000,29271,00901,6,1,0
172727,060111,052236385,009436218,001,-29772,00881,6,1,0
172728,060111,052236391,009436207,002,32402,00859,6,1,0
172729,060111,052236395,009436199,002,29896,00846,6,1,0
172730,060111,052236399,009436188,002,29315,00831,6,1,0
172731,060111,052236404,009436178,001,31341,00812,6,1,0
172732,060111,052236409,009436168,001,31462,00791,6,1,0
172733,060111,052236419,009436139,002,30474,00751,6,1,0
172734,060111,052236428,009436112,002,30192,00713,6,1,0
172735,060111,052236433,009436100,002,30758,00692,6,1,0
172736,060111,052236443,009436072,003,30501,00651,6,1,0
172737,060111,052236449,009436059,003,30363,00629,6,1,0
172738,060111,052236458,009436041,003,30754,00597,6,1,0
172739,060111,052236463,009436031,003,30969,00575,6,1,0
172740,060111,052236472,009436017,003,31160,00545,6,1,0
172741,060111,052236478,009436009,003,31623,00522,6,1,0
172742,060111,052236479,009436010,002,31588,00519,6,1,0
172743,060111,052236482,009436001,003,31111,00506,6,1,0
172744,060111,052236486,009435993,003,30908,00494,6,1,0
172745,060111,052236490,009435985,003,31409,00477,6,1,0
172746,060111,052236491,009435986,002,31521,00474,6,1,0
172747,060111,052236490,009435991,002,31460,00480,6,1,0
172748,060111,052236492,009435990,002,32724,00475,6,1,0
172749,060111,052236492,009435988,002,31245,00477,6,1,0
172750,060111,052236490,009435987,001,30572,00482,6,1,0
172751,060111,052236491,009435985,001,32003,00480,6,1,0
172752,060111,052236490,009435984,001,32373,00484,6,1,0
172753,060111,052236493,009435983,001,-32299,00476,5,1,0
172754,060111,052236492,009435984,002,-31530,00482,6,1,0
172755,060111,052236490,009435991,001,-31324,00510,6,1,0
172756,060111,052236487,009435998,001,32015,00534,6,1,0
172757,060111,052236487,009436005,001,-31300,00561,5,1,0
172758,060111,052236482,009436015,001,15309,00598,6,1,0
172759,060111,052236476,009436026,001,13852,00640,6,1,0
172800,060111,052236470,009436034,002,14819,00664,6,1,0
172801,060111,052236464,009436042,002,14827,00688,6,1,0
172802,060111,052236459,009436049,002,14684,00709,6,1,0
172803,060111,052236453,009436057,002,15015,00737,6,1,0
172804,060111,052236450,009436065,002,14366,00761,5,1,0
172805,060111,052236444,009436075,002,13656,00797,6,1,0
172806,060111,052236442,009436080,002,13635,00809,5,1,0
172807,060111,052236439,009436086,002,13667,00824,5,1,0
172808,060111,052236435,009436094,003,13635,00844,5,1,0
172809,060111,052236431,009436102,002,13536,00873,5,1,0
172810,060111,052236429,009436106,002,13721,00877,5,1,0
172811,060111,052236426,009436111,003,13850,00890,5,1,0
172812,060111,052236424,009436116,002,14132,00901,5,1,0
172813,060111,052236421,009436120,002,14221,00909,5,1,0
172814,060111,052236419,009436123,002,14223,00914,5,1,0
172815,060111,052236418,009436126,002,14108,00917,5,1,0
172816,060111,052236417,009436128,002,13991,00918,5,1,0
172817,060111,052236416,009436130,002,14286,00917,5,1,0
172818,060111,052236415,009436132,002,14032,00916,5,1,0
172819,060111,052236415,009436133,001,13975,00914,5,1,0
172820,060111,052236415,009436134,001,14155,00911,5,1,0
172821,060111,052236415,009436135,001,13815,00906,5,1,0
172822,060111,052236416,009436135,001,14054,00900,5,1,0
172823,060111,052236417,009436135,001,13841,00891,5,1,0
172824,060111,052236418,009436135,001,13652,00881,5,1,0
172825,060111,052236420,009436134,000,12779,00872,5,1,0
172826,060111,052236421,009436134,000,11836,00862,5,1,0
172827,060111,052236423,009436133,000,10149,00852,5,1,0
172828,060111,052236425,009436132,000,01288,00843,5,1,0
172829,060111,052236426,009436131,000,00449,00833,5,1,0
172830,060111,052236428,009436130,000,-30763,00824,5,1,0
172831,060111,052236431,009436128,000,-32415,00809,6,1,0
172832,060111,052236433,009436127,001,-31387,00801,5,1,0
172833,060111,052236443,009436121,001,30461,00763,6,1,0
172834,060111,052236442,009436121,001,28028,00761,5,1,0
172835,060111,052236447,009436117,001,29031,00741,6,1,0
172836,060111,052236452,009436113,001,30939,00720,6,1,0
172837,060111,052236452,009436112,001,-32380,00717,5,1,0
172838,060111,052236458,009436110,001,-30573,00704,6,1,0
172839,060111,052236464,009436106,001,31402,00684,6,1,0
172840,060111,052236466,009436104,001,31366,00678,6,1,0
172841,060111,052236468,009436102,001,-32266,00669,6,1,0
172842,060111,052236472,009436099,002,-31076,00659,6,1,0
172843,060111,052236473,009436098,002,-31850,00654,6,1,0
172844,060111,052236474,009436098,002,-31995,00659,6,1,0
172845,060111,052236473,009436099,002,-31986,00665,6,1,0
172846,060111,052236471,009436103,001,-32462,00687,6,1,0
172847,060111,052236470,009436103,001,32361,00694,5,1,0
172848,060111,052236468,009436106,001,-32694,00712,5,1,0
172849,060111,052236467,009436108,000,-32726,00723,5,1,0
172850,060111,052236467,009436106,000,32688,00714,5,1,0
172851,060111,052236467,009436103,000,32500,00700,5,1,0
172852,060111,052236468,009436102,000,-32216,00691,5,1,0
172853,060111,052236468,009436100,001,32341,00685,5,1,0
172854,060111,052236468,009436099,001,32562,00680,5,1,0
172855,060111,052236468,009436098,001,-32604,00673,5,1,0
172856,060111,052236469,009436096,001,32510,00667,5,1,0
172857,060111,052236469,009436095,001,-32702,00661,5,1,0
172858,060111,052236470,009436093,001,32481,00654,5,1,0
172859,060111,052236470,009436092,001,32537,00646,5,1,0
172900,060111,052236471,009436090,001,32712,00638,5,1,0
172901,060111,052236473,009436087,001,32574,00629,5,1,0
172902,060111,052236474,009436085,001,32639,00620,5,1,0
172903,060111,052236475,009436083,001,32092,00611,5,1,0
172904,060111,052236476,009436080,001,32612,00601,5,1,0
172905,060111,052236478,009436077,001,32447,00590,5,1,0
172906,060111,052236480,009436074,001,32374,00580,5,1,0
172907,060111,052236481,009436072,001,32482,00569,5,1,0
172908,060111,052236483,009436069,001,32282,00558,5,1,0
172909,060111,052236484,009436066,001,31394,00549,6,1,0
172910,060111,052236481,009436067,001,31225,00556,6,1,0
172911,060111,052236479,009436069,001,30358,00562,6,1,0
172912,060111,052236471,009436075,001,29006,00585,6,1,0
172913,060111,052236470,009436076,001,-32025,00588,6,1,0
172914,060111,052236469,009436074,001,31204,00588,6,1,0
172915,060111,052236471,009436070,001,32120,00577,6,1,0
172916,060111,052236470,009436069,001,-32294,00578,6,1,0
172917,060111,052236470,009436067,001,28223,00577,6,1,0
172918,060111,052236471,009436065,001,29545,00571,6,1,0
172919,060111,052236471,009436063,001,27334,00569,6,1,0
172920,060111,052236473,009436061,001,-31866,00562,6,1,0
172921,060111,052236472,009436063,001,00738,00564,7,1,0
172922,060111,052236474,009436062,000,-30665,00557,7,1,0
172923,060111,052236473,009436064,000,-30509,00559,7,1,0
172924,060111,052236476,009436062,000,32322,00549,7,1,0
172925,060111,052236484,009436050,001,-30387,00520,7,1,0
172926,060111,052236487,009436046,001,31410,00511,7,1,0
172927,060111,052236491,009436040,001,-32057,00496,7,1,0
172928,060111,052236500,009436028,001,31303,00465,7,1,0
172929,060111,052236505,009436022,001,30891,00450,7,1,0
172930,060111,052236506,009436022,001,00521,00445,7,1,0
172931,060111,052236508,009436021,000,26932,00439,7,1,0
172932,060111,052236511,009436017,000,21515,00429,7,1,0
172933,060111,052236512,009436015,001,27801,00424,7,1,0
172934,060111,052236517,009436009,001,29396,00409,7,1,0
172935,060111,052236516,009436008,001,29442,00414,7,1,0
172936,060111,052236520,009436004,001,-32651,00402,7,1,0
172937,060111,052236524,009436000,001,30608,00390,7,1,0
172938,060111,052236522,009436001,000,26604,00401,7,1,0
172939,060111,052236523,009436001,001,-30521,00397,7,1,0
172940,060111,052236522,009436003,001,-30625,00406,7,1,0
172941,060111,052236519,009436006,000,16974,00420,7,1,0
172942,060111,052236521,009436005,000,25915,00415,7,1,0
172943,060111,052236518,009436007,000,29687,00429,7,1,0
172944,060111,052236515,009436009,000,-31381,00443,7,1,0
172945,060111,052236513,009436012,000,13703,00454,7,1,0
172946,060111,052236510,009436016,001,12073,00468,7,1,0
172947,060111,052236507,009436021,001,12514,00483,7,1,0
172948,060111,052236504,009436025,001,10875,00496,7,1,0
172949,060111,052236501,009436030,001,10816,00508,7,1,0
172950,060111,052236500,009436034,000,09156,00515,7,1,0
172951,060111,052236498,009436037,000,16453,00526,7,1,0
172952,060111,052236496,009436039,001,11366,00535,7,1,0
172953,060111,052236494,009436042,001,15215,00545,7,1,0
172954,060111,052236494,009436044,000,06486,00545,7,1,0
172955,060111,052236494,009436045,000,15699,00549,7,1,0
172956,060111,052236493,009436048,001,11973,00551,7,1,0
172957,060111,052236495,009436049,001,08314,00546,7,1,0
172958,060111,052236495,009436050,001,01458,00544,7,1,0
172959,060111,052236495,009436051,000,-31862,00544,7,1,0
173000,060111,052236496,009436051,000,-31598,00542,7,1,0
173001,060111,052236495,009436052,000,29089,00544,7,1,0
173002,060111,052236496,009436052,000,00507,00542,7,1,0
173003,060111,052236495,009436053,000,15974,00543,7,1,0
173004,060111,052236496,009436054,001,08945,00539,7,1,0
173005,060111,052236494,009436058,000,02985,00543,7,1,0
173006,060111,052236494,009436059,000,10612,00542,7,1,0
173007,060111,052236491,009436064,000,23919,00554,7,1,0
173008,060111,052236491,009436064,000,15529,00552,7,1,0
173009,060111,052236487,009436070,001,01795,00564,7,1,0
173010,060111,052236489,009436070,001,02765,00557,7,1,0
173011,060111,052236487,009436073,000,00720,00563,7,1,0
173012,060111,052236488,009436072,000,01773,00559,7,1,0
173013,060111,052236487,009436074,000,02330,00563,7,1,0
173014,060111,052236486,009436075,000,21518,00565,7,1,0
173015,060111,052236483,009436077,001,19905,00574,7,1,0
173016,060111,052236480,009436077,000,19012,00582,7,1,0
173017,060111,052236478,009436080,000,17786,00592,7,1,0
173018,060111,052236479,009436079,000,07350,00585,7,1,0
173019,060111,052236477,009436082,000,09357,00592,7,1,0
173020,060111,052236476,009436083,000,05698,00599,7,1,0
173021,060111,052236478,009436080,000,02893,00593,7,1,0
173022,060111,052236481,009436076,001,01803,00583,7,1,0
173023,060111,052236484,009436072,000,27126,00573,7,1,0
173024,060111,052236489,009436062,000,22319,00553,7,1,0
173025,060111,052236493,009436056,000,28741,00538,7,1,0
173026,060111,052236497,009436050,001,30945,00523,7,1,0
173027,060111,052236499,009436047,000,32031,00515,7,1,0
173028,060111,052236499,009436047,000,-32267,00514,7,1,0
173029,060111,052236498,009436048,001,00853,00516,7,1,0
173030,060111,052236497,009436050,000,27553,00520,7,1,0
173031,060111,052236497,009436051,000,00985,00522,7,1,0
173032,060111,052236496,009436053,001,01339,00524,7,1,0
173033,060111,052236495,009436054,000,23436,00528,7,1,0
173034,060111,052236493,009436056,000,20729,00534,7,1,0
173035,060111,052236492,009436057,000,03486,00538,7,1,0
173036,060111,052236491,009436059,000,03310,00542,7,1,0
173037,060111,052236490,009436061,000,17947,00548,7,1,0
173038,060111,052236488,009436063,000,05063,00552,7,1,0
173039,060111,052236487,009436065,000,19089,00559,7,1,0
173040,060111,052236485,009436066,000,07617,00563,7,1,0
173041,060111,052236485,009436068,000,06464,00568,7,1,0
173042,060111,052236484,009436069,000,10099,00572,7,1,0
173043,060111,052236482,009436070,000,18473,00577,7,1,0
173044,060111,052236481,009436071,001,18580,00582,7,1,0
173045,060111,052236480,009436072,000,09327,00586,7,1,0
173046,060111,052236479,009436073,000,06013,00589,7,1,0
173047,060111,052236479,009436074,000,12196,00593,7,1,0
173048,060111,052236478,009436075,000,16491,00596,7,1,0
173049,060111,052236477,009436076,000,06283,00599,7,1,0
173050,060111,052236477,009436076,000,18140,00602,7,1,0
173051,060111,052236475,009436077,001,18816,00606,7,1,0
173052,060111,052236474,009436077,000,18520,00609,7,1,0
173053,060111,052236473,009436077,001,18073,00613,7,1,0
173054,060111,052236472,009436077,001,18613,00616,7,1,0
173055,060111,052236472,009436077,000,16946,00619,7,1,0
173056,060111,052236471,009436078,000,17573,00622,7,1,0
173057,060111,052236470,009436078,001,18146,00625,7,1,0
173058,060111,052236470,009436078,000,07262,00626,7,1,0
173059,060111,052236471,009436079,000,04821,00627,7,1,0
173100,060111,052236471,009436079,001,03956,00628,7,1,0
173101,060111,052236472,009436080,000,04149,00629,7,1,0
173102,060111,052236472,009436080,000,17149,00631,7,1,0
173103,060111,052236471,009436081,000,19328,00633,7,1,0
173104,060111,052236470,009436081,000,18058,00639,7,1,0
173105,060111,052236473,009436077,000,02259,00630,7,1,0
173106,060111,052236477,009436074,001,-30329,00620,7,1,0
173107,060111,052236482,009436067,001,29786,00604,7,1,0
173108,060111,052236481,009436069,000,15880,00625,7,1,0
173109,060111,052236479,009436072,000,13676,00646,7,1,0
173110,060111,052236478,009436074,000,16538,00665,7,1,0
173111,060111,052236477,009436075,000,02661,00676,7,1,0
173112,060111,052236477,009436077,000,06472,00685,7,1,0
173113,060111,052236477,009436078,000,05917,00695,7,1,0
173114,060111,052236476,009436079,000,06243,00702,7,1,0
173115,060111,052236476,009436080,000,01846,00706,7,1,0
173116,060111,052236475,009436081,000,10105,00710,7,1,0
173117,060111,052236474,009436082,001,12040,00714,7,1,0
173118,060111,052236473,009436084,001,11991,00718,7,1,0
173119,060111,052236473,009436084,000,-31627,00715,7,1,0
173120,060111,052236473,009436084,000,32642,00712,7,1,0
173121,060111,052236473,009436084,000,10087,00711,7,1,0
173122,060111,052236472,009436085,001,12666,00713,7,1,0
173123,060111,052236470,009436087,001,13299,00715,7,1,0
173124,060111,052236470,009436087,000,01357,00710,7,1,0
173125,060111,052236470,009436087,000,09190,00710,7,1,0
173126,060111,052236470,009436088,000,09711,00705,7,1,0
173127,060111,052236471,009436087,000,00894,00695,7,1,0
173128,060111,052236471,009436087,000,30637,00693,7,1,0
173129,060111,052236473,009436083,000,05208,00683,7,1,0
173130,060111,052236471,009436085,000,07579,00685,7,1,0
173131,060111,052236470,009436086,000,31267,00684,7,1,0
173132,060111,052236471,009436083,000,19284,00677,7,1,0
173133,060111,052236468,009436087,000,21862,00684,7,1,0
173134,060111,052236464,009436092,000,12353,00694,7,1,0
173135,060111,052236460,009436097,000,17241,00705,7,1,0
173136,060111,052236455,009436103,001,17368,00720,7,1,0
173137,060111,052236448,009436111,001,16481,00743,7,1,0
173138,060111,052236440,009436121,001,16517,00768,7,1,0
173139,060111,052236433,009436128,001,16268,00791,7,1,0
173140,060111,052236427,009436135,002,16081,00813,7,1,0
173141,060111,052236421,009436141,002,15493,00833,7,1,0
173142,060111,052236417,009436147,001,14252,00849,7,1,0
173143,060111,052236413,009436152,001,12626,00864,7,1,0
173144,060111,052236410,009436156,001,14053,00880,7,1,0
173145,060111,052236407,009436161,001,11919,00893,7,1,0
173146,060111,052236405,009436165,001,11155,00905,7,1,0
173147,060111,052236403,009436168,001,13637,00916,7,1,0
173148,060111,052236402,009436168,001,09590,00919,7,1,0
173149,060111,052236403,009436168,001,10393,00921,7,1,0
173150,060111,052236403,009436168,001,10352,00926,7,1,0
173151,060111,052236404,009436167,000,10625,00930,7,1,0
173152,060111,052236404,009436167,000,08948,00934,7,1,0
173153,060111,052236405,009436166,001,10614,00932,7,1,0
173154,060111,052236405,009436167,001,11457,00937,7,1,0
173155,060111,052236405,009436166,000,10123,00940,7,1,0
173156,060111,052236407,009436166,000,06238,00931,7,1,0
173157,060111,052236408,009436166,000,04825,00926,7,1,0
173158,060111,052236409,009436167,000,05970,00923,7,1,0
173159,060111,052236410,009436169,000,10805,00921,7,1,0
173200,060111,052236410,009436170,000,07428,00918,7,1,0
173201,060111,052236411,009436170,000,05302,00914,7,1,0
173202,060111,052236412,009436171,000,03936,00911,7,1,0
173203,060111,052236412,009436172,000,03898,00908,7,1,0
173204,060111,052236413,009436173,000,01385,00905,7,1,0
173205,060111,052236414,009436173,000,03362,00902,7,1,0
173206,060111,052236414,009436174,000,02910,00899,7,1,0
173207,060111,052236415,009436175,000,02260,00896,7,1,0
173208,060111,052236416,009436170,000,32535,00888,7,1,0
173209,060111,052236408,009436193,000,10102,00920,7,1,0
173210,060111,052236408,009436191,000,06565,00916,7,1,0
173211,060111,052236409,009436192,000,10892,00914,7,1,0
173212,060111,052236409,009436187,000,-31064,00908,7,1,0
173213,060111,052236407,009436197,000,-29611,00918,7,1,0
173214,060111,052236408,009436187,000,29551,00908,7,1,0
173215,060111,052236409,009436178,000,23056,00898,7,1,0
173216,060111,052236412,009436168,001,30633,00886,7,1,0
173217,060111,052236414,009436158,001,30445,00873,7,1,0
173218,060111,052236420,009436147,002,30738,00851,7,1,0
173219,060111,052236425,009436136,002,30168,00830,7,1,0
173220,060111,052236430,009436126,002,30076,00811,7,1,0
173221,060111,052236435,009436116,002,30104,00791,7,1,0
173222,060111,052236440,009436105,002,31066,00769,7,1,0
173223,060111,052236447,009436095,002,31122,00742,7,1,0
173224,060111,052236454,009436086,002,32688,00717,7,1,0
173225,060111,052236460,009436078,002,-32354,00694,7,1,0
173226,060111,052236465,009436071,003,-32714,00675,5,1,0
173227,060111,052236474,009436057,003,32710,00637,7,1,0
173228,060111,052236483,009436042,004,32495,00601,7,1,0
173229,060111,052236492,009436029,004,31831,00569,6,1,0
173230,060111,052236500,009436019,004,31444,00538,6,1,0
173231,060111,052236504,009436010,004,31747,00520,6,1,0
173232,060111,052236505,009436003,004,31158,00512,6,1,0
173233,060111,052236505,009435998,003,30876,00512,6,1,0
173234,060111,052236504,009435993,003,30816,00510,6,1,0
173235,060111,052236505,009435989,003,30886,00507,6,1,0
173236,060111,052236504,009435985,002,30750,00505,6,1,0
173237,060111,052236504,009435982,002,30678,00507,7,1,0
173238,060111,052236502,009435982,001,30182,00510,7,1,0
173239,060111,052236501,009435982,001,30304,00513,6,1,0
173240,060111,052236499,009435982,001,30257,00517,7,1,0
173241,060111,052236499,009435981,001,30205,00518,6,1,0
173242,060111,052236498,009435980,001,30702,00521,6,1,0
173243,060111,052236498,009435980,001,30172,00524,6,1,0
173244,060111,052236497,009435980,000,29997,00527,7,1,0
173245,060111,052236496,009435981,000,32299,00530,7,1,0
173246,060111,052236496,009435980,001,30614,00531,7,1,0
173247,060111,052236496,009435980,000,30696,00533,7,1,0
173248,060111,052236495,009435981,000,-29538,00536,7,1,0
173249,060111,052236495,009435981,000,31361,00538,7,1,0
173250,060111,052236495,009435981,000,32708,00540,7,1,0
173251,060111,052236494,009435983,000,11027,00543,7,1,0
173252,060111,052236494,009435985,000,09857,00546,7,1,0
173253,060111,052236494,009435985,001,31207,00547,7,1,0
173254,060111,052236494,009435984,001,30926,00548,7,1,0
173255,060111,052236494,009435984,001,31159,00549,7,1,0
173256,060111,052236494,009435985,000,00926,00552,7,1,0
173257,060111,052236494,009435986,000,32283,00553,7,1,0
173258,060111,052236494,009435987,000,32664,00555,6,1,0
173259,060111,052236494,009435988,000,00257,00557,6,1,0
173300,060111,052236493,009435990,000,00429,00559,6,1,0
173301,060111,052236493,009435991,000,-31306,00560,6,1,0
173302,060111,052236493,009435992,000,-29984,00562,6,1,0
173303,060111,052236492,009435994,000,01260,00564,6,1,0
173304,060111,052236492,009435995,000,00963,00565,6,1,0
173305,060111,052236492,009435996,000,04401,00567,6,1,0
173306,060111,052236492,009435998,000,04026,00568,6,1,0
173307,060111,052236491,009435999,000,02576,00570,6,1,0
173308,060111,052236491,009436001,000,01217,00571,6,1,0
173309,060111,052236493,009436001,000,01683,00566,6,1,0
173310,060111,052236495,009435999,001,31439,00557,7,1,0
173311,060111,052236497,009435998,001,-32239,00551,7,1,0
173312,060111,052236499,009435997,001,31626,00544,7,1,0
173313,060111,052236500,009435998,000,31753,00540,7,1,0
173314,060111,052236501,009435997,001,-30541,00534,7,1,0
173315,060111,052236502,009435998,000,-32008,00531,7,1,0
173316,060111,052236503,009435998,000,30432,00526,7,1,0
173317,060111,052236503,009435999,000,06364,00525,7,1,0
173318,060111,052236503,009436000,000,32034,00524,7,1,0
173319,060111,052236503,009436000,000,30996,00522,7,1,0
173320,060111,052236503,009436000,000,31513,00522,7,1,0
173321,060111,052236502,009436001,000,10904,00523,7,1,0
173322,060111,052236502,009436001,000,31738,00523,7,1,0
173323,060111,052236502,009436002,000,31721,00524,7,1,0
173324,060111,052236501,009436003,000,08920,00526,7,1,0
173325,060111,052236501,009436004,000,00958,00528,7,1,0
173326,060111,052236500,009436005,000,-32041,00530,7,1,0
173327,060111,052236499,009436005,000,-30675,00532,7,1,0
173328,060111,052236499,009436006,000,09602,00535,7,1,0
173329,060111,052236498,009436007,000,31337,00537,7,1,0
173330,060111,052236498,009436007,000,01432,00539,7,1,0
173331,060111,052236497,009436008,000,32367,00541,7,1,0
173332,060111,052236497,009436008,001,31546,00543,7,1,0
173333,060111,052236497,009436008,000,32113,00545,7,1,0
173334,060111,052236497,009436007,001,30695,00544,7,1,0
173335,060111,052236497,009436008,000,-31736,00547,7,1,0
173336,060111,052236497,009436008,000,32508,00549,7,1,0
173337,060111,052236497,009436007,001,30749,00548,7,1,0
173338,060111,052236498,009436006,001,31378,00546,7,1,0
173339,060111,052236498,009436006,000,31874,00545,7,1,0
173340,060111,052236498,009436007,000,32296,00543,7,1,0
173341,060111,052236498,009436007,000,31878,00544,7,1,0
173342,060111,052236499,009436008,000,-31077,00540,7,1,0
173343,060111,052236500,009436008,000,32344,00536,7,1,0
173344,060111,052236499,009436009,000,12514,00537,7,1,0
173345,060111,052236498,009436010,000,24177,00539,7,1,0
173346,060111,052236498,009436011,000,06373,00536,7,1,0
173347,060111,052236498,009436012,000,24322,00535,7,1,0
173348,060111,052236497,009436013,000,18044,00536,7,1,0
173349,060111,052236498,009436013,000,-29799,00533,7,1,0
173350,060111,052236498,009436014,000,00922,00531,7,1,0
173351,060111,052236499,009436015,000,00607,00529,7,1,0
173352,060111,052236498,009436018,000,29409,00536,7,1,0
173353,060111,052236498,009436020,000,01053,00538,7,1,0
173354,060111,052236497,009436024,000,28203,00547,7,1,0
173355,060111,052236496,009436025,000,20534,00550,7,1,0
173356,060111,052236495,009436028,000,16428,00557,7,1,0
173357,060111,052236496,009436028,000,01550,00553,7,1,0
173358,060111,052236494,009436031,000,18020,00560,7,1,0
173359,060111,052236493,009436033,000,03256,00563,7,1,0
173400,060111,052236491,009436036,000,04384,00571,7,1,0
173401,060111,052236491,009436037,000,05392,00570,7,1,0
173402,060111,052236489,009436041,000,05153,00578,7,1,0
173403,060111,052236490,009436041,000,-32724,00575,7,1,0
173404,060111,052236488,009436045,000,09276,00584,7,1,0
173405,060111,052236488,009436045,000,04883,00582,7,1,0
173406,060111,052236487,009436044,000,16386,00584,7,1,0
173407,060111,052236488,009436037,000,26848,00574,7,1,0
173408,060111,052236480,009436051,000,10048,00604,7,1,0
173409,060111,052236481,009436044,000,22099,00595,7,1,0
173410,060111,052236480,009436046,000,05048,00597,7,1,0
173411,060111,052236481,009436044,001,09611,00592,7,1,0
173412,060111,052236480,009436055,000,07006,00609,7,1,0
173413,060111,052236483,009436057,001,06353,00609,7,1,0
173414,060111,052236485,009436066,001,07049,00617,7,1,0
173415,060111,052236487,009436062,001,06214,00613,7,1,0
173416,060111,052236488,009436070,001,06179,00623,6,1,0
173417,060111,052236488,009436078,001,06820,00634,6,1,0
173418,060111,052236488,009436088,001,06508,00649,6,1,0
173419,060111,052236487,009436098,001,09290,00664,6,1,0
173420,060111,052236485,009436110,001,08613,00689,6,1,0
173421,060111,052236484,009436126,001,08497,00719,6,1,0
173422,060111,052236485,009436126,001,09032,00731,7,1,0
173423,060111,052236487,009436130,001,06462,00746,7,1,0
173424,060111,052236486,009436142,001,09384,00771,7,1,0
173425,060111,052236486,009436143,001,07213,00779,7,1,0
173426,060111,052236486,009436144,001,07935,00786,7,1,0
173427,060111,052236487,009436149,001,06359,00799,7,1,0
173428,060111,052236488,009436153,001,09411,00807,7,1,0
173429,060111,052236489,009436161,001,06428,00826,7,1,0
173430,060111,052236489,009436164,001,07884,00834,7,1,0
173431,060111,052236489,009436165,001,07294,00838,7,1,0
173432,060111,052236488,009436161,000,04451,00817,7,1,0
173433,060111,052236489,009436158,000,00647,00801,7,1,0
173434,060111,052236489,009436154,000,07442,00781,7,1,0
173435,060111,052236487,009436153,000,19404,00777,7,1,0
173436,060111,052236485,009436150,000,13302,00766,7,1,0
173437,060111,052236484,009436146,000,17659,00751,7,1,0
173438,060111,052236483,009436141,001,30170,00733,7,1,0
173439,060111,052236482,009436136,000,25756,00716,7,1,0
173440,060111,052236481,009436131,000,26811,00702,7,1,0
173441,060111,052236480,009436126,001,30246,00686,7,1,0
173442,060111,052236480,009436121,001,29192,00672,7,1,0
173443,060111,052236480,009436118,001,30265,00661,7,1,0
173444,060111,052236480,009436115,000,30160,00651,7,1,0
173445,060111,052236480,009436112,000,29946,00642,7,1,0
173446,060111,052236480,009436110,000,28597,00634,7,1,0
173447,060111,052236480,009436106,001,30045,00624,7,1,0
173448,060111,052236480,009436103,000,29540,00615,7,1,0
173449,060111,052236480,009436101,000,28443,00608,7,1,0
173450,060111,052236480,009436098,000,28991,00600,7,1,0
173451,060111,052236480,009436095,000,31197,00592,7,1,0
173452,060111,052236480,009436092,000,29738,00584,7,1,0
173453,060111,052236481,009436088,000,31101,00576,7,1,0
173454,060111,052236481,009436084,001,30377,00567,7,1,0
173455,060111,052236481,009436081,000,30580,00564,7,1,0
173456,060111,052236481,009436078,000,30627,00556,7,1,0
173457,060111,052236481,009436075,000,30743,00549,7,1,0
173458,060111,052236482,009436071,001,30279,00542,7,1,0
173459,060111,052236482,009436068,000,30352,00537,7,1,0
173500,060111,052236482,009436065,000,31199,00531,7,1,0
173501,060111,052236482,009436063,000,-31235,00526,7,1,0
173502,060111,052236482,009436060,000,29889,00520,7,1,0
173503,060111,052236483,009436057,001,31066,00514,7,1,0
173504,060111,052236483,009436054,001,30934,00508,7,1,0
173505,060111,052236484,009436051,000,30696,00503,7,1,0
173506,060111,052236484,009436050,000,31316,00499,7,1,0
173507,060111,052236484,009436048,000,30898,00495,7,1,0
173508,060111,052236484,009436046,000,30617,00492,7,1,0
173509,060111,052236484,009436045,000,-31873,00490,7,1,0
173510,060111,052236484,009436043,000,30823,00487,7,1,0
173511,060111,052236485,009436036,001,30530,00479,7,1,0
173512,060111,052236486,009436030,000,29842,00472,7,1,0
173513,060111,052236487,009436024,000,30167,00465,7,1,0
173514,060111,052236488,009436018,000,29879,00458,7,1,0
173515,060111,052236489,009436011,000,31022,00451,7,1,0
173516,060111,052236489,009436008,000,32315,00448,7,1,0
173517,060111,052236490,009436003,000,30829,00442,7,1,0
173518,060111,052236490,009436003,000,29875,00444,7,1,0
173519,060111,052236492,009435992,001,29344,00434,7,1,0
173520,060111,052236491,009435993,000,30997,00436,7,1,0
173521,060111,052236494,009435986,000,-31839,00424,7,1,0
173522,060111,052236496,009435986,000,-30925,00420,7,1,0
173523,060111,052236498,009435978,000,30506,00408,7,1,0
173524,060111,052236498,009435981,000,31509,00412,7,1,0
173525,060111,052236499,009435979,000,28274,00408,7,1,0
173526,060111,052236498,009435982,000,25638,00411,7,1,0
173527,060111,052236499,009435980,000,-31446,00408,7,1,0
173528,060111,052236498,009435981,000,00195,00413,7,1,0
173529,060111,052236499,009435979,000,-29558,00411,7,1,0
173530,060111,052236498,009435981,000,24040,00418,7,1,0
173531,060111,052236498,009435980,000,32317,00417,7,1,0
173532,060111,052236496,009435981,000,-31904,00424,7,1,0
173533,060111,052236496,009435980,000,-32395,00428,7,1,0
173534,060111,052236495,009435985,000,05045,00436,7,1,0
173535,060111,052236495,009435985,000,03182,00438,7,1,0
173536,060111,052236494,009435988,000,06134,00445,7,1,0
173537,060111,052236494,009435990,000,02686,00447,7,1,0
173538,060111,052236493,009435992,000,05519,00453,7,1,0
173539,060111,052236494,009435993,000,05420,00454,7,1,0
173540,060111,052236493,009435996,000,04053,00459,7,1,0
173541,060111,052236493,009435996,000,05859,00460,7,1,0
173542,060111,052236492,009435999,000,04994,00466,7,1,0
173543,060111,052236492,009436000,000,05301,00467,7,1,0
173544,060111,052236491,009436003,000,04491,00474,7,1,0
173545,060111,052236492,009436005,000,05749,00476,7,1,0
173546,060111,052236490,009436009,000,05750,00483,7,1,0
173547,060111,052236490,009436011,000,06516,00486,7,1,0
173548,060111,052236489,009436015,000,07307,00494,7,1,0
173549,060111,052236489,009436017,000,06969,00498,7,1,0
173550,060111,052236488,009436021,000,09181,00507,7,1,0
173551,060111,052236487,009436023,000,08190,00511,7,1,0
173552,060111,052236486,009436028,000,08650,00520,7,1,0
173553,060111,052236485,009436030,000,08467,00525,7,1,0
173554,060111,052236488,009436027,000,03007,00519,7,1,0
173555,060111,052236490,009436024,000,00552,00514,7,1,0
173556,060111,052236492,009436022,000,02958,00511,7,1,0
173557,060111,052236492,009436023,000,10396,00513,7,1,0
173558,060111,052236495,009436017,000,32393,00502,7,1,0
173559,060111,052236496,009436017,000,-31800,00502,7,1,0
173600,060111,052236495,009436019,000,05765,00506,7,1,0
173601,060111,052236496,009436020,000,03086,00507,7,1,0
173602,060111,052236495,009436021,000,03256,00510,7,1,0
173603,060111,052236496,009436021,000,02112,00510,7,1,0
173604,060111,052236494,009436024,000,19923,00516,7,1,0
173605,060111,052236493,009436026,000,05036,00521,7,1,0
173606,060111,052236493,009436026,000,01006,00521,7,1,0
173607,060111,052236491,009436028,000,07444,00528,7,1,0
173608,060111,052236490,009436030,000,06580,00533,7,1,0
173609,060111,052236489,009436032,000,04493,00538,7,1,0
173610,060111,052236488,009436034,000,16285,00543,7,1,0
173611,060111,052236487,009436035,000,06155,00547,7,1,0
173612,060111,052236486,009436036,000,17772,00551,7,1,0
173613,060111,052236485,009436037,000,16813,00555,7,1,0
173614,060111,052236484,009436038,000,06964,00559,7,1,0
173615,060111,052236482,009436038,000,16109,00570,7,1,0
173616,060111,052236480,009436038,000,10386,00579,7,1,0
173617,060111,052236478,009436039,000,09841,00586,7,1,0
173618,060111,052236477,009436040,000,09372,00593,7,1,0
173619,060111,052236475,009436042,001,11590,00601,7,1,0
173620,060111,052236473,009436044,000,10207,00607,7,1,0
173621,060111,052236472,009436046,000,10522,00614,7,1,0
173622,060111,052236471,009436048,000,08378,00621,7,1,0
173623,060111,052236470,009436050,000,09155,00627,7,1,0
173624,060111,052236468,009436052,000,10157,00633,7,1,0
173625,060111,052236467,009436054,000,02934,00639,7,1,0
173626,060111,052236466,009436055,000,-31542,00644,7,1,0
173627,060111,052236465,009436057,000,09995,00650,7,1,0
173628,060111,052236464,009436059,000,10398,00653,7,1,0
173629,060111,052236463,009436060,000,00490,00654,7,1,0
173630,060111,052236462,009436062,000,10195,00656,7,1,0
173631,060111,052236461,009436063,000,-30768,00656,7,1,0
173632,060111,052236461,009436064,000,00264,00657,7,1,0
173633,060111,052236460,009436064,000,-31929,00657,7,1,0
173634,060111,052236460,009436065,000,04790,00656,7,1,0
173635,060111,052236459,009436066,000,04367,00656,7,1,0
173636,060111,052236459,009436067,000,-32753,00660,7,1,0
173637,060111,052236459,009436067,001,31933,00663,7,1,0
173638,060111,052236459,009436069,000,09517,00667,7,1,0
173639,060111,052236458,009436070,001,11418,00671,7,1,0
173640,060111,052236458,009436071,000,09948,00673,7,1,0
173641,060111,052236458,009436071,000,08098,00674,7,1,0
173642,060111,052236461,009436068,001,30710,00663,7,1,0
173643,060111,052236463,009436064,001,30600,00653,7,1,0
173644,060111,052236466,009436059,001,-32336,00645,7,1,0
173645,060111,052236470,009436051,001,30802,00630,7,1,0
173646,060111,052236472,009436046,000,30272,00621,7,1,0
173647,060111,052236478,009436032,001,30255,00597,7,1,0
173648,060111,052236481,009436017,001,28423,00580,7,1,0
173649,060111,052236483,009436015,000,-30952,00572,7,1,0
173650,060111,052236483,009436010,000,13720,00569,7,1,0
173651,060111,052236484,009436008,001,27593,00565,7,1,0
173652,060111,052236486,009436003,001,30079,00557,7,1,0
173653,060111,052236487,009436005,000,-32040,00555,7,1,0
173654,060111,052236488,009436007,000,06108,00552,7,1,0
173655,060111,052236489,009436007,001,31635,00548,7,1,0
173656,060111,052236490,009436009,000,03673,00547,7,1,0
173657,060111,052236491,009436011,001,31607,00546,7,1,0
173658,060111,052236491,009436013,001,31944,00546,7,1,0
173659,060111,052236492,009436016,000,32498,00547,7,1,0
173700,060111,052236492,009436019,000,01242,00550,7,1,0
173701,060111,052236491,009436024,000,08965,00553,7,1,0
173702,060111,052236490,009436028,000,09997,00557,7,1,0
173703,060111,052236489,009436032,000,11630,00562,7,1,0
173704,060111,052236488,009436036,000,-31975,00566,7,1,0
173705,060111,052236487,009436039,000,03996,00571,7,1,0
173706,060111,052236486,009436043,000,-32529,00576,7,1,0
173707,060111,052236486,009436046,001,31788,00581,7,1,0
173708,060111,052236485,009436049,000,04705,00586,7,1,0
173709,060111,052236483,009436054,000,11577,00593,7,1,0
173710,060111,052236482,009436058,000,09129,00599,7,1,0
173711,060111,052236481,009436062,000,00914,00604,7,1,0
173712,060111,052236480,009436065,000,-30781,00609,7,1,0
173713,060111,052236478,009436069,000,11054,00616,7,1,0
173714,060111,052236477,009436074,000,10006,00622,7,1,0
173715,060111,052236475,009436077,000,-32270,00627,7,1,0
173716,060111,052236474,009436081,000,10126,00633,7,1,0
173717,060111,052236473,009436085,000,04647,00639,7,1,0
173718,060111,052236472,009436088,000,-32762,00644,7,1,0
173719,060111,052236471,009436091,000,32616,00648,7,1,0
173720,060111,052236470,009436094,000,07026,00653,7,1,0
173721,060111,052236469,009436097,000,06725,00658,7,1,0
173722,060111,052236468,009436100,000,09419,00662,7,1,0
173723,060111,052236467,009436103,000,31644,00665,7,1,0
173724,060111,052236466,009436106,000,-30120,00669,7,1,0
173725,060111,052236465,009436109,000,09833,00674,7,1,0
173726,060111,052236464,009436112,000,-32284,00677,7,1,0
173727,060111,052236463,009436115,000,-30317,00681,7,1,0
173728,060111,052236462,009436118,000,05434,00685,7,1,0
173729,060111,052236461,009436121,000,05243,00689,7,1,0
173730,060111,052236460,009436124,000,04605,00692,7,1,0
173731,060111,052236459,009436127,000,05138,00696,7,1,0
173732,060111,052236458,009436130,000,07500,00699,7,1,0
173733,060111,052236458,009436132,000,06095,00700,7,1,0
173734,060111,052236457,009436133,000,02179,00702,7,1,0
173735,060111,052236457,009436136,000,04676,00704,7,1,0
173736,060111,052236456,009436138,000,04390,00706,7,1,0
173737,060111,052236455,009436140,000,03102,00708,7,1,0
173738,060111,052236455,009436142,000,03091,00710,7,1,0
173739,060111,052236454,009436145,000,06827,00712,7,1,0
173740,060111,052236453,009436147,000,02308,00715,7,1,0
173741,060111,052236453,009436149,000,02236,00717,7,1,0
173742,060111,052236452,009436152,000,02628,00720,7,1,0
173743,060111,052236451,009436154,000,07055,00722,7,1,0
173744,060111,052236450,009436156,000,01430,00725,7,1,0
173745,060111,052236450,009436159,000,01834,00727,7,1,0
173746,060111,052236449,009436161,000,07030,00730,7,1,0
173747,060111,052236448,009436163,000,01917,00732,7,1,0
173748,060111,052236448,009436165,000,04831,00734,7,1,0
173749,060111,052236447,009436167,000,03766,00736,7,1,0
173750,060111,052236446,009436169,000,05594,00739,7,1,0
173751,060111,052236446,009436170,000,03046,00741,7,1,0
173752,060111,052236445,009436172,000,04457,00743,7,1,0
173753,060111,052236444,009436172,000,02013,00743,7,1,0
173754,060111,052236449,009436160,000,30335,00726,7,1,0
173755,060111,052236449,009436158,000,31622,00724,7,1,0
173756,060111,052236452,009436149,000,30350,00711,7,1,0
173757,060111,052236452,009436147,000,31953,00709,7,1,0
173758,060111,052236454,009436139,000,29522,00699,7,1,0
173759,000000,052236454,009436137,000,-20081,00697,7,1,0
173800,060111,052236455,009436131,000,29877,00689,7,1,0
173801,060111,052236457,009436125,001,29571,00682,7,1,0
173802,060111,052236458,009436120,001,28434,00676,7,1,0
173803,060111,052236458,009436115,001,29347,00671,7,1,0
173804,060111,052236461,009436104,000,31475,00658,7,1,0
173805,060111,052236462,009436100,001,28821,00652,7,1,0
173806,060111,052236465,009436088,001,28776,00638,7,1,0
173807,060111,052236468,009436079,001,29449,00627,7,1,0
173808,060111,052236470,009436071,001,29926,00617,7,1,0
173809,060111,052236471,009436067,001,29022,00612,7,1,0
173810,060111,052236474,009436055,001,29552,00597,7,1,0
