145457,260311,052237374,009435921,041,00357,00698,3,1,0
145458,260311,052237425,009435774,039,00357,00698,3,1,0
145459,260311,052237480,009435843,037,00001,00698,3,1,0
145500,260311,052237524,009435859,032,00359,00698,3,1,0
145501,260311,052237565,009435841,029,00359,00698,3,1,0
145502,260311,052237607,009435838,026,00359,00698,3,1,0
145503,260311,052237640,009435850,021,00005,00698,3,1,0
145504,260311,052237653,009435978,017,00025,00698,3,1,0
145505,260311,052237656,009435913,018,00048,00698,3,1,0
145506,260311,052237671,009435845,024,00063,00698,3,1,0
145507,260311,052237714,009435932,023,00079,00698,3,1,0
145508,260311,052237762,009435977,022,00092,00698,3,1,0
145509,260311,052237866,009436012,021,00077,00698,3,1,0
145510,260311,052237857,009436054,021,00053,00698,3,1,0
145511,260311,052237885,009436112,018,00047,00698,3,1,0
145512,260311,052237846,009436171,010,00065,00698,3,1,0
145513,260311,052237804,009436181,010,00038,00698,3,1,0
145514,260311,052237891,009436179,005,00051,00698,3,1,0
145515,260311,052237787,009436217,001,00035,00698,3,1,0
145516,260311,052237809,009436203,003,00170,00698,3,1,0
145517,260311,052237820,009436200,002,00066,00698,3,1,0
145518,260311,052237785,009436224,005,00060,00698,3,1,0
145519,260311,052237813,009436238,011,00066,00698,3,1,0
145520,260311,052237713,009436321,019,00069,00698,3,1,0
145521,260311,052237806,009436402,014,00068,00698,3,1,0
145522,260311,052237871,009436444,030,00089,00698,3,1,0
145523,260311,052238025,009436447,030,00082,00698,3,1,0
145524,260311,052237974,009436508,035,00063,00698,3,1,0
145525,260311,052238045,009436569,041,00062,00698,3,1,0
150016,260311,052239585,009441044,000,00000,00699,3,1,0
150023,260311,052239413,009440861,005,00228,00699,3,1,0
150024,260311,052239360,009440769,009,00223,00699,3,1,0
150025,260311,052239316,009440678,009,00225,00699,3,1,0
150026,260311,052239392,009440887,006,00226,00699,3,1,0
150027,260311,052239483,009441015,001,00226,00699,3,1,0
150028,260311,052239530,009441138,006,00046,00699,3,1,0
150029,260311,052239501,009441087,006,00047,00699,3,1,0
150030,260311,052239425,009440932,003,00049,00699,3,1,0
150031,260311,052239447,009440962,003,00047,00699,3,1,0
150032,260311,052239458,009440979,006,00047,00699,3,1,0
150033,260311,052239442,009440945,000,00217,00699,3,1,0
150034,260311,052239396,009440862,001,00219,00699,3,1,0
150035,260311,052239438,009440939,001,00048,00699,3,1,0
150036,260311,052239469,009441081,006,00038,00699,3,1,0
150037,260311,052239425,009441014,002,00048,00699,3,1,0
150038,260311,052239402,009440993,001,00164,00699,3,1,0
150039,260311,052239402,009441019,002,00023,00699,3,1,0
150040,260311,052239451,009441108,003,00227,00699,3,1,0
150041,260311,052239432,009441086,001,00039,00699,3,1,0
150042,260311,052239431,009441061,002,00051,00699,3,1,0
150043,260311,052239428,009441077,002,00226,00699,3,1,0
150044,260311,052239518,009441278,000,00038,00699,3,1,0
150045,260311,052239494,009441257,003,00049,00699,3,1,0
150046,260311,052239514,009441022,002,00253,00699,3,1,0
150047,260311,052239537,009441219,008,00251,00699,3,1,0
150048,260311,052239541,009441466,003,00029,00699,3,1,0
150049,260311,052239516,009441438,004,00261,00699,3,1,0
150050,260311,052239511,009441519,003,00206,00699,3,1,0
150051,260311,052239424,009441001,001,00243,00940,6,1,0
150053,260311,052239435,009440918,002,00048,01275,5,1,0
150054,260311,052239425,009440900,001,00047,01237,5,1,0
150055,260311,052239432,009440915,003,00053,01261,5,1,0
150056,260311,052239425,009440901,002,00054,01226,5,1,0
150057,260311,052239425,009440901,002,00052,01218,5,1,0
150058,260311,052239422,009440895,001,00052,01199,5,1,0
150059,260311,052239421,009440895,000,00053,01192,5,1,0
150100,260311,052239417,009440888,001,00233,01172,5,1,0
150101,260311,052239415,009440885,001,00228,01160,5,1,0
150102,260311,052239419,009440894,000,00076,01170,5,1,0
150103,260311,052239421,009440901,001,00062,01172,5,1,0
150104,260311,052239419,009440903,001,00062,01176,5,1,0
150105,260311,052239414,009440903,001,00065,01180,5,1,0
150106,260311,052239410,009440904,001,00052,01183,5,1,0
150107,260311,052239409,009440907,001,00040,01186,5,1,0
150108,260311,052239409,009440912,001,00057,01191,5,1,0
150109,260311,052239415,009440928,001,00064,01218,6,1,0
150110,260311,052239417,009440939,001,00063,01237,5,1,0
150111,260311,052239416,009440939,000,00355,01239,4,1,0
150112,260311,052239405,009440921,001,00230,01209,5,1,0
150113,260311,052239400,009440912,001,00221,01195,4,1,0
150114,260311,052239396,009440907,000,00215,01186,4,1,0
150115,260311,052239392,009440902,001,00213,01170,5,1,0
150116,260311,052239382,009440891,001,00215,01156,5,1,0
150117,260311,052239372,009440877,000,00281,01136,5,1,0
150118,260311,052239359,009440861,000,00222,01118,5,1,0
150119,260311,052239354,009440862,000,00176,01094,6,1,0
150120,260311,052239351,009440866,002,00099,01080,6,1,0
150121,260311,052239348,009440876,007,00090,01078,7,1,0
150122,260311,052239354,009440909,013,00088,01055,7,1,0
150123,260311,052239353,009440948,018,00087,01055,7,1,0
150124,260311,052239366,009441020,022,00083,01023,7,1,0
150125,260311,052239378,009441089,022,00086,01001,7,1,0
150126,260311,052239383,009441158,025,00088,00979,7,1,0
150127,260311,052239380,009441225,028,00091,00980,6,1,0
150128,260311,052239379,009441293,028,00091,00971,0,1,0
150129,260311,052239378,009441362,028,00091,00962,0,1,0
150130,260311,052239391,009441474,034,00092,00955,7,1,0
150131,260311,052239425,009441594,038,00091,00936,7,1,0
150132,260311,052239435,009441715,042,00095,00902,7,1,0
150133,260311,052239440,009441839,043,00093,00885,7,1,0
150134,260311,052239436,009441948,043,00096,00862,7,1,0
150135,260311,052239428,009442055,042,00097,00829,7,1,0
150136,260311,052239415,009442167,041,00099,00801,7,1,0
150137,260311,052239394,009442265,039,00102,00761,7,1,0
150138,260311,052239378,009442365,038,00104,00724,7,1,0
150139,260311,052239372,009442460,037,00104,00700,7,1,0
150140,260311,052239367,009442558,039,00102,00701,7,1,0
150141,260311,052239361,009442667,041,00101,00687,7,1,0
150142,260311,052239344,009442754,039,00103,00673,7,1,0
150143,260311,052239340,009442845,036,00100,00657,7,1,0
150144,260311,052239338,009442940,036,00101,00657,5,1,0
150145,260311,052239342,009443033,034,00096,00665,5,1,0
150146,260311,052239328,009443120,035,00101,00644,6,1,0
150147,260311,052239319,009443205,033,00103,00635,6,1,0
150148,260311,052239309,009443279,031,00104,00631,5,1,0
150149,260311,052239299,009443355,031,00105,00619,5,1,0
150150,260311,052239290,009443440,031,00102,00598,6,1,0
150151,260311,052239288,009443528,030,00099,00576,6,1,0
150152,260311,052239284,009443607,028,00099,00564,6,1,0
150153,260311,052239282,009443671,024,00099,00558,6,1,0
150154,260311,052239286,009443721,019,00092,00559,5,1,0
150155,260311,052239288,009443753,014,00084,00557,6,1,0
150156,260311,052239288,009443769,010,00082,00572,6,1,0
150157,260311,052239289,009443781,007,00089,00585,6,1,0
150158,260311,052239283,009443792,007,00105,00586,6,1,0
150159,260311,052239273,009443804,009,00122,00597,6,1,0
150200,260311,052239254,009443823,011,00122,00593,6,1,0
150201,260311,052239241,009443839,013,00123,00603,6,1,0
150202,260311,052239240,009443875,016,00114,00622,6,1,0
150203,260311,052239236,009443917,017,00110,00639,6,1,0
150204,260311,052239237,009443986,021,00107,00645,6,1,0
150205,260311,052239210,009444044,028,00116,00647,6,1,0
150206,260311,052239197,009444136,033,00111,00663,6,1,0
150207,260311,052239185,009444226,032,00104,00668,6,1,0
150208,260311,052239178,009444328,034,00102,00672,6,1,0
150209,260311,052239174,009444431,033,00097,00662,7,1,0
150210,260311,052239191,009444538,035,00089,00663,7,1,0
150211,260311,052239185,009444624,033,00091,00644,7,1,0
150212,260311,052239174,009444695,030,00096,00623,7,1,0
150213,260311,052239175,009444753,027,00095,00637,7,1,0
150214,260311,052239172,009444806,025,00100,00662,7,1,0
150215,260311,052239171,009444854,025,00105,00696,7,1,0
150216,260311,052239153,009444907,025,00110,00718,7,1,0
150217,260311,052239133,009444982,028,00114,00704,5,1,0
150218,260311,052239104,009445044,026,00120,00686,5,1,0
150219,260311,052239085,009445098,026,00120,00687,0,1,0
150220,260311,052239065,009445153,026,00120,00689,0,1,0
150221,260311,052239022,009445175,024,00139,00686,6,1,0
150222,260311,052238940,009445157,027,00167,00668,7,1,0
150223,260311,052238863,009445143,035,00173,00657,7,1,0
150224,260311,052238785,009445135,040,00170,00656,7,1,0
150225,260311,052238713,009445157,041,00167,00645,7,1,0
150226,260311,052238641,009445173,040,00165,00637,7,1,0
150227,260311,052238577,009445203,040,00161,00630,7,1,0
150228,260311,052238514,009445231,041,00163,00620,7,1,0
150229,260311,052238447,009445253,043,00164,00604,7,1,0
150230,260311,052238389,009445276,041,00159,00598,7,1,0
150231,260311,052238333,009445307,040,00160,00604,6,1,0
150232,260311,052238288,009445340,037,00162,00627,6,1,0
150233,260311,052238241,009445365,037,00167,00629,6,1,0
150234,260311,052238199,009445417,039,00160,00635,6,1,0
150235,260311,052238159,009445479,040,00148,00652,6,1,0
150236,260311,052238102,009445544,040,00147,00640,6,1,0
150237,260311,052238049,009445615,040,00146,00618,6,1,0
150238,260311,052238011,009445680,039,00146,00632,6,1,0
150239,260311,052237956,009445737,039,00147,00615,6,1,0
150240,260311,052237903,009445788,038,00147,00595,6,1,0
150241,260311,052237856,009445843,037,00146,00584,6,1,0
150242,260311,052237809,009445895,036,00147,00576,6,1,0
150243,260311,052237765,009445940,036,00147,00581,6,1,0
150244,260311,052237717,009445984,036,00149,00572,6,1,0
150245,260311,052237670,009446037,037,00148,00565,6,1,0
150246,260311,052237623,009446080,036,00151,00561,6,1,0
150247,260311,052237572,009446119,037,00152,00553,6,1,0
150317,260311,052237332,009446449,000,00184,00637,8,1,0
150318,260311,052237331,009446450,000,00307,00637,8,1,0
150319,260311,052237332,009446450,000,00016,00637,8,1,0
150320,260311,052237334,009446450,000,00322,00640,7,1,0
150321,260311,052237338,009446449,000,00302,00647,7,1,0
150322,260311,052237336,009446449,001,00177,00640,8,1,0
150323,260311,052237335,009446450,001,00010,00634,8,1,0
150324,260311,052237335,009446451,000,00115,00628,8,1,0
150325,260311,052237334,009446453,000,00154,00624,8,1,0
150326,260311,052237333,009446455,000,00152,00621,8,1,0
150327,260311,052237333,009446455,000,00288,00620,8,1,0
150328,260311,052237332,009446457,000,00077,00618,8,1,0
150329,260311,052237332,009446458,001,00127,00618,8,1,0
150330,260311,052237325,009446465,003,00152,00611,8,1,0
150331,260311,052237320,009446472,004,00145,00613,8,1,0
150332,260311,052237307,009446487,008,00139,00610,8,1,0
150333,260311,052237294,009446505,010,00149,00616,8,1,0
150334,260311,052237277,009446522,009,00151,00610,8,1,0
150335,260311,052237263,009446536,007,00153,00602,8,1,0
150336,260311,052237255,009446540,003,00161,00595,8,1,0
150337,260311,052237247,009446543,001,00174,00582,8,1,0
150338,260311,052237246,009446546,000,00076,00574,7,1,0
150339,260311,052237247,009446549,001,00342,00571,8,1,0
150340,260311,052237248,009446548,001,00305,00576,8,1,0
150341,260311,052237246,009446547,000,00202,00579,8,1,0
150342,260311,052237244,009446546,000,00207,00579,8,1,0
150343,260311,052237242,009446547,001,00160,00582,8,1,0
150344,260311,052237236,009446550,002,00147,00577,8,1,0
150345,260311,052237229,009446558,001,00162,00573,8,1,0
150346,260311,052237228,009446563,000,00090,00578,8,1,0
150347,260311,052237228,009446562,000,00139,00587,8,1,0
150348,260311,052237227,009446566,000,00190,00592,8,1,0
150349,260311,052237227,009446567,000,00264,00599,8,1,0
150350,260311,052237228,009446565,000,00147,00606,8,1,0
150351,260311,052237229,009446563,000,00156,00610,8,1,0
150352,260311,052237228,009446563,000,00145,00623,8,1,0
150353,260311,052237227,009446564,000,00080,00635,8,1,0
150354,260311,052237227,009446564,000,00123,00645,8,1,0
150355,260311,052237226,009446565,000,00122,00658,8,1,0
150356,260311,052237225,009446565,000,00128,00656,8,1,0
150357,260311,052237224,009446571,001,00052,00667,8,1,0
150358,260311,052237223,009446575,002,00124,00670,8,1,0
150359,260311,052237220,009446584,003,00092,00676,8,1,0
150400,260311,052237216,009446601,006,00084,00679,8,1,0
150401,260311,052237204,009446632,013,00101,00674,8,1,0
150402,260311,052237196,009446677,017,00089,00667,8,1,0
150403,260311,052237191,009446722,018,00079,00662,8,1,0
150404,260311,052237195,009446764,019,00077,00665,8,1,0
150405,260311,052237194,009446804,016,00081,00664,7,1,0
150406,260311,052237209,009446851,020,00071,00680,7,1,0
150407,260311,052237223,009446926,031,00075,00692,6,1,0
150408,260311,052237237,009447017,034,00079,00706,7,1,0
150409,260311,052237250,009447112,035,00080,00718,6,1,0
150410,260311,052237261,009447208,036,00081,00730,7,1,0
150411,260311,052237275,009447306,036,00080,00744,7,1,0
150412,260311,052237279,009447388,034,00083,00758,7,1,0
150413,260311,052237285,009447474,036,00084,00771,7,1,0
150414,260311,052237293,009447572,039,00086,00780,7,1,0
150415,260311,052237297,009447676,041,00089,00786,7,1,0
150416,260311,052237298,009447785,042,00090,00796,7,1,0
150417,260311,052237296,009447893,041,00092,00798,7,1,0
150418,260311,052237292,009447989,038,00094,00808,7,1,0
150419,260311,052237286,009448077,034,00093,00817,7,1,0
150420,260311,052237277,009448150,031,00097,00830,7,1,0
150421,260311,052237275,009448225,028,00093,00844,7,1,0
150422,260311,052237273,009448286,023,00093,00858,6,1,0
150423,260311,052237270,009448336,018,00092,00870,7,1,0
150424,260311,052237269,009448377,016,00090,00882,7,1,0
150425,260311,052237267,009448419,018,00092,00897,7,1,0
150426,260311,052237261,009448468,021,00091,00906,7,1,0
150427,260311,052237253,009448527,026,00097,00913,7,1,0
150428,260311,052237239,009448590,026,00106,00913,7,1,0
150429,260311,052237210,009448656,031,00115,00903,7,1,0
150430,260311,052237191,009448748,036,00109,00898,7,1,0
150431,260311,052237188,009448857,039,00099,00900,7,1,0
150432,260311,052237182,009448954,038,00098,00902,7,1,0
150433,260311,052237177,009449039,036,00099,00870,7,1,0
150434,260311,052237179,009449134,037,00097,00881,8,1,0
150435,260311,052237171,009449225,037,00097,00884,0,1,0
150436,260311,052237157,009449337,046,00099,00865,7,1,0
150437,260311,052237146,009449456,049,00099,00850,8,1,0
150438,260311,052237127,009449587,050,00098,00832,8,1,0
150439,260311,052237111,009449717,051,00097,00829,8,1,0
150440,260311,052237089,009449851,051,00099,00788,8,1,0
150441,260311,052237062,009449981,051,00100,00757,8,1,0
150442,260311,052237048,009450109,049,00101,00743,8,1,0
150443,260311,052237031,009450237,053,00100,00703,7,1,0
150444,260311,052237011,009450377,056,00101,00665,6,1,0
150445,260311,052236993,009450532,059,00095,00629,8,1,0
150446,260311,052236978,009450686,059,00094,00618,8,1,0
150447,260311,052236979,009450832,057,00091,00595,8,1,0
150448,260311,052236979,009450972,055,00090,00578,8,1,0
150449,260311,052236986,009451109,054,00085,00580,8,1,0
150450,260311,052236999,009451231,053,00083,00574,8,1,0
150451,260311,052237015,009451358,054,00081,00573,8,1,0
150452,260311,052237033,009451492,053,00077,00575,8,1,0
150453,260311,052237058,009451626,054,00074,00566,8,1,0
150454,260311,052237086,009451749,049,00072,00548,8,1,0
150455,260311,052237112,009451865,049,00068,00537,8,1,0
150456,260311,052237136,009451966,044,00067,00532,8,1,0
150457,260311,052237160,009452046,037,00067,00542,8,1,0
150458,260311,052237179,009452111,032,00066,00553,8,1,0
150459,260311,052237200,009452168,028,00065,00557,8,1,0
150500,260311,052237208,009452199,020,00067,00545,8,1,0
150501,260311,052237217,009452222,013,00057,00533,8,1,0
150502,260311,052237225,009452240,009,00054,00539,8,1,0
150503,260311,052237229,009452244,004,00044,00534,8,1,0
150504,260311,052237232,009452238,001,00342,00535,8,1,0
150505,260311,052237239,009452233,001,00358,00536,8,1,0
150506,260311,052237247,009452229,000,00019,00537,8,1,0
150507,260311,052237253,009452226,000,00050,00542,8,1,0
150508,260311,052237259,009452223,000,00053,00548,8,1,0
150509,260311,052237265,009452220,000,00026,00553,8,1,0
150510,260311,052237272,009452218,001,00340,00552,8,1,0
150511,260311,052237277,009452215,000,00057,00556,8,1,0
150512,260311,052237281,009452213,000,00282,00556,8,1,0
150513,260311,052237286,009452211,001,00001,00553,8,1,0
150514,260311,052237291,009452210,001,00357,00548,8,1,0
150515,260311,052237296,009452209,001,00025,00526,8,1,0
150516,260311,052237300,009452209,000,00047,00510,8,1,0
150517,260311,052237304,009452208,001,00023,00501,8,1,0
150518,260311,052237307,009452208,000,00029,00496,7,1,0
150519,260311,052237310,009452208,001,00068,00493,7,1,0
150520,260311,052237308,009452207,003,00073,00510,7,1,0
150521,260311,052237307,009452214,006,00086,00532,7,1,0
150522,260311,052237303,009452232,010,00098,00554,7,1,0
150523,260311,052237298,009452260,012,00097,00527,6,1,0
150524,260311,052237305,009452306,015,00082,00495,6,1,0
150525,260311,052237316,009452365,021,00076,00496,7,1,0
150526,260311,052237324,009452430,025,00079,00500,7,1,0
150527,260311,052237331,009452490,025,00079,00498,0,1,0
150528,260311,052237343,009452587,032,00080,00487,5,1,0
150529,260311,052237378,009452781,052,00075,00487,5,1,0
150530,260311,052237416,009452927,054,00071,00491,8,1,0
150531,260311,052237444,009453027,048,00070,00514,8,1,0
150532,260311,052237471,009453125,045,00070,00546,8,1,0
150533,260311,052237497,009453235,046,00069,00582,8,1,0
150534,260311,052237523,009453343,047,00071,00604,8,1,0
150535,260311,052237543,009453452,048,00072,00628,8,1,0
150536,260311,052237573,009453574,052,00071,00654,8,1,0
150537,260311,052237601,009453708,054,00071,00666,8,1,0
150538,260311,052237633,009453832,054,00069,00674,7,1,0
150539,260311,052237663,009453952,053,00068,00701,8,1,0
150540,260311,052237683,009454097,058,00073,00711,8,1,0
150541,260311,052237693,009454238,056,00076,00716,7,1,0
150542,260311,052237708,009454363,054,00080,00710,7,1,0
150543,260311,052237719,009454491,053,00086,00718,8,1,0
150544,260311,052237717,009454618,054,00088,00717,8,1,0
150545,260311,052237727,009454745,054,00087,00742,7,1,0
150546,260311,052237717,009454874,054,00089,00738,7,1,0
150547,260311,052237720,009454995,051,00090,00775,8,1,0
150548,260311,052237713,009455116,049,00092,00779,8,1,0
150549,260311,052237712,009455228,047,00091,00795,8,1,0
150550,260311,052237705,009455333,045,00092,00793,7,1,0
150551,260311,052237700,009455440,043,00092,00788,8,1,0
150552,260311,052237698,009455540,042,00091,00794,8,1,0
150553,260311,052237696,009455642,041,00089,00786,8,1,0
150554,260311,052237685,009455723,036,00093,00787,8,1,0
150555,260311,052237683,009455812,037,00093,00791,8,1,0
150556,260311,052237683,009455901,036,00093,00802,7,1,0
150557,260311,052237680,009455980,033,00093,00798,7,1,0
150558,260311,052237670,009456054,031,00094,00788,7,1,0
150559,260311,052237660,009456122,027,00096,00773,7,1,0
150600,260311,052237649,009456172,021,00096,00757,7,1,0
150601,260311,052237654,009456217,016,00089,00771,7,1,0
150602,260311,052237653,009456245,011,00088,00774,7,1,0
150603,260311,052237657,009456261,007,00089,00788,7,1,0
150604,260311,052237658,009456268,006,00097,00785,8,1,0
150605,260311,052237657,009456281,007,00099,00784,8,1,0
150606,260311,052237655,009456302,011,00085,00784,8,1,0
150607,260311,052237659,009456326,012,00067,00782,8,1,0
150608,260311,052237666,009456353,015,00061,00783,8,1,0
150609,260311,052237672,009456393,021,00048,00758,8,1,0
150610,260311,052237687,009456437,024,00049,00747,8,1,0
150611,260311,052237711,009456486,026,00050,00734,6,1,0
150612,260311,052237743,009456547,029,00052,00727,7,1,0
150613,260311,052237787,009456623,035,00049,00726,7,1,0
150614,260311,052237837,009456705,041,00045,00726,6,1,0
150615,260311,052237885,009456782,041,00046,00732,7,1,0
150616,260311,052237933,009456870,041,00047,00741,7,1,0
150617,260311,052237984,009456957,043,00046,00738,7,1,0
150618,260311,052238033,009457040,042,00045,00730,7,1,0
150619,260311,052238074,009457115,041,00046,00701,7,1,0
150620,260311,052238119,009457192,042,00047,00677,6,1,0
150621,260311,052238162,009457269,042,00049,00675,6,1,0
150622,260311,052238198,009457349,042,00052,00684,6,1,0
150623,260311,052238226,009457418,037,00055,00684,7,1,0
150624,260311,052238242,009457496,037,00065,00706,7,1,0
150625,260311,052238260,009457577,040,00065,00724,7,1,0
150626,260311,052238285,009457675,039,00064,00751,7,1,0
150627,260311,052238313,009457773,038,00064,00778,7,1,0
150628,260311,052238337,009457874,039,00064,00791,6,1,0
150629,260311,052238358,009457950,035,00063,00804,6,1,0
150630,260311,052238381,009458031,031,00064,00805,7,1,0
150631,260311,052238398,009458092,028,00063,00814,7,1,0
150632,260311,052238417,009458160,025,00064,00816,7,1,0
150633,260311,052238428,009458209,020,00066,00817,8,1,0
150634,260311,052238434,009458247,015,00069,00821,8,1,0
150635,260311,052238437,009458275,011,00070,00812,8,1,0
150636,260311,052238416,009458303,010,00072,00752,8,1,0
150637,260311,052238408,009458332,012,00061,00706,8,1,0
150638,260311,052238420,009458349,015,00024,00682,8,1,0
150639,260311,052238442,009458357,017,00007,00667,8,1,0
150640,260311,052238477,009458360,021,00359,00657,8,1,0
150641,260311,052238523,009458356,027,00357,00650,8,1,0
150642,260311,052238579,009458348,033,00353,00648,8,1,0
150643,260311,052238636,009458339,039,00355,00638,8,1,0
150644,260311,052238694,009458326,040,00353,00637,7,1,0
150645,260311,052238754,009458310,041,00352,00634,7,1,0
150646,260311,052238820,009458296,043,00353,00629,6,1,0
150647,260311,052238890,009458284,045,00353,00624,6,1,0
150648,260311,052238964,009458272,049,00353,00617,6,1,0
150649,260311,052239046,009458261,054,00354,00609,6,1,0
150650,260311,052239131,009458248,056,00354,00605,6,1,0
150651,260311,052239218,009458238,055,00354,00598,6,1,0
150652,260311,052239299,009458227,053,00355,00596,7,1,0
150653,260311,052239378,009458217,053,00355,00593,0,1,0
150654,260311,052239447,009458193,050,00351,00601,6,1,0
150655,260311,052239528,009458180,050,00351,00602,6,1,0
150656,260311,052239610,009458171,053,00354,00600,6,1,0
150657,260311,052239692,009458163,053,00355,00598,7,1,0
150658,260311,052239772,009458155,052,00354,00596,6,1,0
150659,260311,052239846,009458141,050,00353,00607,7,1,0
150700,260311,052239921,009458129,050,00354,00603,7,1,0
150701,260311,052239999,009458121,051,00354,00595,7,1,0
150702,260311,052240078,009458112,051,00354,00591,7,1,0
150703,260311,052240155,009458100,052,00355,00596,8,1,0
150704,260311,052240234,009458089,052,00354,00595,8,1,0
150705,260311,052240314,009458076,052,00354,00594,8,1,0
150706,260311,052240393,009458063,052,00354,00588,8,1,0
150707,260311,052240482,009458059,056,00355,00577,8,1,0
150708,260311,052240569,009458049,057,00355,00576,8,1,0
150709,260311,052240652,009458034,056,00354,00584,7,1,0
150710,260311,052240736,009458020,056,00353,00593,7,1,0
150711,260311,052240823,009458008,056,00354,00588,7,1,0
150712,260311,052240907,009457997,054,00355,00584,6,1,0
150713,260311,052240985,009457987,051,00355,00584,6,1,0
150714,260311,052241060,009457980,049,00356,00586,6,1,0
150715,260311,052241119,009457968,042,00353,00581,7,1,0
150716,260311,052241166,009457967,033,00357,00581,7,1,0
150717,260311,052241207,009457969,027,00002,00579,8,1,0
150718,260311,052241237,009457981,023,00016,00567,8,1,0
150719,260311,052241255,009458006,019,00035,00558,8,1,0
150720,260311,052241266,009458055,020,00066,00548,8,1,0
150721,260311,052241264,009458129,026,00089,00538,8,1,0
150722,260311,052241261,009458221,034,00092,00537,8,1,0
150723,260311,052241260,009458318,037,00091,00536,8,1,0
150724,260311,052241262,009458414,037,00089,00544,8,1,0
150725,260311,052241261,009458511,039,00089,00531,7,1,0
150726,260311,052241261,009458616,044,00090,00522,7,1,0
150727,260311,052241257,009458736,049,00092,00524,7,1,0
150728,260311,052241250,009458865,051,00093,00524,8,1,0
150729,260311,052241244,009458991,049,00094,00516,8,1,0
150730,260311,052241244,009459109,046,00091,00530,8,1,0
150731,260311,052241243,009459220,044,00090,00536,8,1,0
150732,260311,052241241,009459325,041,00090,00542,8,1,0
150733,260311,052241241,009459425,040,00088,00548,8,1,0
150734,260311,052241239,009459522,039,00088,00550,8,1,0
150735,260311,052241239,009459617,038,00093,00542,8,1,0
150736,260311,052241233,009459710,036,00094,00551,8,1,0
150737,260311,052241231,009459794,034,00099,00557,8,1,0
150738,260311,052241220,009459871,030,00101,00555,8,1,0
150739,260311,052241223,009459943,033,00095,00576,8,1,0
150740,260311,052241221,009460025,035,00085,00573,8,1,0
150741,260311,052241228,009460124,041,00085,00574,7,1,0
150742,260311,052241229,009460232,046,00090,00566,8,1,0
150743,260311,052241228,009460343,045,00092,00562,8,1,0
150744,260311,052241226,009460451,042,00091,00564,8,1,0
150745,260311,052241224,009460551,038,00091,00567,8,1,0
150746,260311,052241220,009460638,033,00088,00574,8,1,0
150747,260311,052241221,009460707,028,00084,00583,8,1,0
150748,260311,052241229,009460762,025,00078,00588,8,1,0
150749,260311,052241234,009460814,023,00088,00598,8,1,0
150750,260311,052241233,009460873,023,00094,00597,8,1,0
150751,260311,052241228,009460928,023,00092,00588,8,1,0
150752,260311,052241227,009460988,024,00092,00592,8,1,0
150753,260311,052241224,009461050,024,00092,00592,8,1,0
150754,260311,052241222,009461111,024,00094,00596,8,1,0
150755,260311,052241213,009461172,024,00098,00586,8,1,0
150756,260311,052241206,009461230,022,00097,00582,8,1,0
150757,260311,052241199,009461280,018,00097,00570,8,1,0
150758,260311,052241197,009461318,014,00085,00563,8,1,0
150759,260311,052241201,009461343,010,00059,00565,8,1,0
150800,260311,052241207,009461353,008,00015,00560,8,1,0
150801,260311,052241212,009461349,006,00341,00564,8,1,0
150802,260311,052241214,009461332,008,00277,00566,8,1,0
150803,260311,052241212,009461306,012,00253,00561,8,1,0
150804,260311,052241207,009461268,017,00262,00559,8,1,0
150805,260311,052241201,009461211,023,00260,00563,8,1,0
150806,260311,052241202,009461140,027,00268,00577,8,1,0
150807,260311,052241203,009461074,026,00270,00579,8,1,0
150808,260311,052241205,009461016,021,00270,00582,8,1,0
150809,260311,052241202,009460983,014,00268,00582,8,1,0
150810,260311,052241207,009460960,009,00295,00593,8,1,0
150811,260311,052241217,009460952,008,00326,00584,8,1,0
150812,260311,052241228,009460940,007,00334,00583,8,1,0
150813,260311,052241241,009460936,008,00353,00583,8,1,0
150814,260311,052241259,009460932,012,00359,00587,8,1,0
150815,260311,052241280,009460931,013,00357,00574,8,1,0
150816,260311,052241302,009460933,014,00004,00557,8,1,0
150817,260311,052241326,009460937,017,00006,00547,8,1,0
150818,260311,052241352,009460939,017,00004,00543,8,1,0
150819,260311,052241377,009460940,017,00001,00538,8,1,0
150820,260311,052241403,009460940,017,00001,00536,8,1,0
150821,260311,052241426,009460937,016,00001,00538,8,1,0
150822,260311,052241447,009460934,015,00358,00541,8,1,0
150823,260311,052241472,009460934,016,00358,00538,8,1,0
150824,260311,052241496,009460932,017,00358,00536,8,1,0
150825,260311,052241523,009460934,016,00002,00537,7,1,0
150826,260311,052241550,009460934,018,00358,00537,7,1,0
150827,260311,052241573,009460933,014,00004,00534,7,1,0
150828,260311,052241591,009460936,011,00007,00531,7,1,0
150829,260311,052241604,009460938,008,00011,00528,7,1,0
150830,260311,052241613,009460939,006,00005,00527,7,1,0
150831,260311,052241623,009460939,007,00355,00524,8,1,0
150832,260311,052241636,009460936,009,00348,00524,7,1,0
150833,260311,052241652,009460934,012,00003,00525,8,1,0
150834,260311,052241671,009460938,013,00012,00523,8,1,0
150835,260311,052241691,009460945,013,00014,00519,8,1,0
164431,260311,052241724,009461031,000,00000,00396,5,1,0
164432,260311,052241696,009461044,000,00000,00375,7,1,0
164433,260311,052241678,009461051,000,00000,00357,7,1,0
164434,260311,052241756,009460981,000,00000,00493,7,1,0
164435,260311,052241784,009460962,000,00035,00385,7,1,0
164436,260311,052241823,009460969,001,00164,00404,5,1,0
164437,260311,052241775,009460921,000,00180,00395,6,1,0
164438,260311,052241774,009460909,000,00187,00385,6,1,0
164439,260311,052241775,009460909,000,00155,00377,6,1,0
164440,260311,052241779,009460913,000,00141,00378,6,1,0
164441,260311,052241778,009460918,000,00135,00363,6,1,0
164442,260311,052241789,009460928,001,00009,00370,6,1,0
164443,260311,052241794,009460937,000,00121,00371,6,1,0
164444,260311,052241794,009460946,001,00127,00394,6,1,0
164445,260311,052241795,009460948,001,00132,00406,6,1,0
164446,260311,052241796,009460951,000,00116,00413,6,1,0
164447,260311,052241792,009460950,001,00143,00427,6,1,0
164448,260311,052241783,009460957,002,00130,00438,6,1,0
164449,260311,052241769,009460967,002,00160,00448,6,1,0
164450,260311,052241759,009460975,002,00155,00454,6,1,0
164451,260311,052241755,009460979,001,00065,00473,6,1,0
164452,260311,052241755,009460990,001,00114,00471,6,1,0
164453,260311,052241761,009460999,001,00043,00478,6,1,0
164454,260311,052241761,009461003,001,00056,00487,6,1,0
164455,260311,052241754,009461005,001,00170,00487,6,1,0
164456,260311,052241748,009461007,001,00108,00485,6,1,0
164457,260311,052241748,009461009,000,00025,00486,6,1,0
164458,260311,052241751,009461009,001,00011,00490,6,1,0
164459,260311,052241752,009461008,000,00035,00492,6,1,0
164513,260311,052241710,009460967,000,00291,00000,0,0,0
164514,260311,052241722,009460976,000,00357,00601,7,1,0
164515,260311,052241768,009460999,000,00022,00616,7,1,0
164516,260311,052241755,009460991,001,00305,00600,7,1,0
164517,260311,052241756,009460988,001,00290,00580,7,1,0
164518,260311,052241763,009460990,000,00330,00576,7,1,0
164519,260311,052241764,009460989,001,00003,00571,7,1,0
164520,260311,052241760,009460996,000,00309,00574,7,1,0
164521,260311,052241765,009461000,000,00034,00561,7,1,0
164522,260311,052241768,009461007,000,00050,00555,7,1,0
164523,260311,052241770,009461013,000,00079,00553,7,1,0
164524,260311,052241770,009461019,000,00081,00554,7,1,0
164525,260311,052241771,009461025,000,00101,00556,7,1,0
164526,260311,052241771,009461026,000,00137,00554,7,1,0
164527,260311,052241771,009461026,000,00078,00552,7,1,0
164528,260311,052241771,009461025,000,00132,00551,7,1,0
164529,260311,052241767,009461029,000,00135,00553,7,1,0
164530,260311,052241764,009461032,000,00129,00554,7,1,0
164531,260311,052241761,009461034,000,00127,00556,7,1,0
164532,260311,052241759,009461036,000,00132,00557,7,1,0
164533,260311,052241758,009461037,000,00126,00558,7,1,0
164534,260311,052241756,009461039,000,00125,00559,7,1,0
164535,260311,052241755,009461039,000,00141,00559,7,1,0
164536,260311,052241755,009461038,000,00317,00559,7,1,0
164537,260311,052241759,009461031,000,00304,00554,7,1,0
164538,260311,052241759,009461030,001,00305,00552,7,1,0
164539,260311,052241759,009461029,000,00311,00551,7,1,0
164540,260311,052241759,009461029,000,00089,00551,7,1,0
164541,260311,052241758,009461030,000,00129,00551,7,1,0
164542,260311,052241758,009461030,000,00311,00551,7,1,0
164543,260311,052241758,009461030,000,00144,00551,7,1,0
164544,260311,052241758,009461029,000,00317,00551,7,1,0
164545,260311,052241758,009461028,000,00299,00550,7,1,0
164546,260311,052241758,009461028,000,00068,00551,7,1,0
164547,260311,052241758,009461028,000,00314,00551,7,1,0
164548,260311,052241758,009461028,000,00356,00551,7,1,0
164549,260311,052241758,009461027,000,00296,00551,7,1,0
164550,260311,052241758,009461025,001,00308,00552,7,1,0
164551,260311,052241758,009461024,000,00302,00552,7,1,0
164552,260311,052241758,009461024,000,00303,00553,7,1,0
164553,260311,052241758,009461024,000,00332,00552,7,1,0
164554,260311,052241759,009461024,000,00355,00552,7,1,0
164555,260311,052241759,009461024,000,00350,00551,7,1,0
164556,260311,052241760,009461024,000,00324,00550,7,1,0
164557,260311,052241761,009461024,000,00353,00548,7,1,0
164558,260311,052241762,009461024,000,00350,00547,7,1,0
164559,260311,052241767,009461015,000,00316,00539,7,1,0
164600,260311,052241770,009461009,000,00324,00533,7,1,0
164601,260311,052241773,009461005,000,00303,00529,7,1,0
164602,260311,052241775,009461001,000,00357,00525,7,1,0
164603,260311,052241777,009460999,000,00276,00523,7,1,0
164604,260311,052241777,009460997,000,00348,00521,7,1,0
164605,260311,052241778,009460996,000,00347,00520,7,1,0
164606,260311,052241779,009460996,000,00359,00519,7,1,0
164607,260311,052241779,009460995,000,00258,00518,7,1,0
164608,260311,052241779,009460994,000,00005,00517,7,1,0
164609,260311,052241780,009460994,000,00018,00515,7,1,0
164610,260311,052241780,009460995,000,00017,00514,7,1,0
164611,260311,052241780,009460995,000,00228,00513,7,1,0
164612,260311,052241778,009461000,000,00157,00516,7,1,0
164613,260311,052241776,009461004,000,00100,00520,6,1,0
164614,260311,052241775,009461008,000,00069,00523,6,1,0
164615,260311,052241774,009461010,000,00162,00525,7,1,0
164616,260311,052241773,009461013,000,00119,00529,7,1,0
164617,260311,052241771,009461014,000,00136,00531,7,1,0
164618,260311,052241768,009461014,000,00176,00530,7,1,0
164619,260311,052241767,009461013,000,00098,00531,7,1,0
164620,260311,052241766,009461013,000,00171,00531,7,1,0
164621,260311,052241766,009461012,000,00013,00531,8,1,0
164622,260311,052241766,009461012,000,00036,00532,8,1,0
164623,260311,052241767,009461010,000,00346,00531,8,1,0
164624,260311,052241767,009461008,000,00343,00530,8,1,0
164625,260311,052241768,009461006,000,00288,00529,8,1,0
164626,260311,052241768,009461004,000,00306,00528,8,1,0
164627,260311,052241769,009461002,000,00321,00527,8,1,0
164628,260311,052241769,009461000,000,00306,00525,8,1,0
164629,260311,052241769,009460998,000,00257,00524,8,1,0
164630,260311,052241769,009460996,000,00341,00523,8,1,0
164631,260311,052241770,009460994,000,00243,00522,8,1,0
164632,260311,052241770,009460992,000,00314,00521,8,1,0
164633,260311,052241770,009460991,000,00007,00520,9,1,0
164634,260311,052241770,009460990,000,00021,00520,9,1,0
164635,260311,052241769,009460988,000,00037,00517,9,1,0
164636,260311,052241768,009460987,000,00325,00516,9,1,0
164637,260311,052241768,009460986,000,00028,00516,9,1,0
164638,260311,052241768,009460986,000,00066,00516,9,1,0
164639,260311,052241768,009460986,000,00059,00516,9,1,0
164640,260311,052241768,009460985,000,00077,00517,9,1,0
164641,260311,052241767,009460985,000,00025,00517,9,1,0
164642,260311,052241768,009460984,000,00024,00517,8,1,0
164643,260311,052241768,009460984,000,00026,00519,9,1,0
164644,260311,052241768,009460984,000,00026,00519,8,1,0
164645,260311,052241769,009460984,000,00027,00520,9,1,0
164646,260311,052241769,009460984,000,00012,00521,9,1,0
164647,260311,052241769,009460983,000,00045,00521,9,1,0
164648,260311,052241767,009460982,000,00044,00519,9,1,0
164649,260311,052241767,009460982,000,00060,00519,9,1,0
164650,260311,052241767,009460981,000,00034,00520,9,1,0
164651,260311,052241767,009460982,000,00054,00522,9,1,0
164652,260311,052241767,009460982,000,00115,00524,9,1,0
164653,260311,052241767,009460983,000,00146,00525,9,1,0
164654,260311,052241767,009460983,000,00143,00526,9,1,0
164655,260311,052241766,009460983,000,00089,00526,9,1,0
164656,260311,052241765,009460982,000,00068,00526,9,1,0
164657,260311,052241765,009460984,000,00149,00530,10,1,0
164658,260311,052241766,009460986,000,00070,00533,10,1,0
164659,260311,052241766,009460987,000,00083,00536,10,1,0
164700,260311,052241767,009460989,000,00028,00538,10,1,0
164701,260311,052241768,009460990,000,00061,00541,10,1,0
164702,260311,052241769,009460991,001,00009,00541,10,1,0
164703,260311,052241770,009460992,000,00027,00543,10,1,0
164704,260311,052241771,009460993,000,00056,00546,10,1,0
164705,260311,052241771,009460994,000,00338,00547,10,1,0
164706,260311,052241770,009460993,000,00047,00550,10,1,0
164707,260311,052241770,009460993,000,00023,00552,10,1,0
164708,260311,052241770,009460993,000,00047,00553,10,1,0
164709,260311,052241771,009460993,000,00052,00553,10,1,0
164710,260311,052241769,009460992,000,00067,00552,10,1,0
164711,260311,052241769,009460992,000,00323,00552,10,1,0
164712,260311,052241769,009460992,000,00311,00554,10,1,0
164713,260311,052241770,009460993,000,00041,00556,10,1,0
164714,260311,052241772,009460996,001,00052,00558,10,1,0
164715,260311,052241773,009460999,001,00109,00559,10,1,0
164716,260311,052241774,009461001,000,00104,00559,10,1,0
164717,260311,052241775,009461002,000,00333,00558,10,1,0
164718,260311,052241776,009461003,000,00331,00559,10,1,0
164719,260311,052241777,009461003,000,00054,00558,10,1,0
164720,260311,052241777,009461005,000,00088,00559,9,1,0
164721,260311,052241777,009461006,000,00090,00561,10,1,0
164722,260311,052241777,009461004,003,00342,00564,10,1,0
164723,260311,052241779,009461003,001,00347,00564,10,1,0
164724,260311,052241778,009461001,001,00000,00567,10,1,0
164725,260311,052241777,009460999,000,00340,00570,10,1,0
164726,260311,052241775,009460996,000,00191,00573,10,1,0
164727,260311,052241772,009460996,001,00159,00570,10,1,0
164728,260311,052241770,009460993,000,00225,00572,10,1,0
164729,260311,052241768,009460991,000,00007,00574,10,1,0
164730,260311,052241767,009460989,001,00010,00577,9,1,0
164731,260311,052241768,009460987,002,00016,00580,8,1,0
164732,260311,052241773,009460986,004,00350,00582,9,1,0
164733,260311,052241780,009460982,005,00334,00586,10,1,0
164734,260311,052241786,009460978,003,00315,00586,10,1,0
164735,260311,052241788,009460974,002,00267,00582,10,1,0
164736,260311,052241789,009460968,002,00262,00579,10,1,0
164737,260311,052241788,009460965,003,00236,00580,10,1,0
164738,260311,052241786,009460959,003,00211,00578,10,1,0
164739,260311,052241782,009460956,004,00173,00579,10,1,0
164740,260311,052241774,009460957,007,00162,00578,9,1,0
164741,260311,052241763,009460961,010,00166,00578,9,1,0
164742,260311,052241747,009460965,012,00174,00579,10,1,0
164743,260311,052241727,009460965,014,00185,00579,8,1,0
164744,260311,052241706,009460959,015,00188,00576,10,1,0
164745,260311,052241682,009460956,017,00186,00575,10,1,0
164746,260311,052241653,009460949,020,00182,00569,10,1,0
164747,260311,052241624,009460946,019,00181,00565,10,1,0
164748,260311,052241595,009460944,020,00179,00561,10,1,0
164749,260311,052241567,009460943,018,00179,00554,10,1,0
164750,260311,052241540,009460942,019,00183,00549,10,1,0
164751,260311,052241514,009460940,017,00180,00544,10,1,0
164752,260311,052241486,009460938,019,00182,00541,10,1,0
164753,260311,052241457,009460936,021,00182,00541,9,1,0
164754,260311,052241422,009460936,024,00179,00540,10,1,0
164755,260311,052241387,009460936,023,00179,00540,10,1,0
164756,260311,052241355,009460936,021,00180,00538,9,1,0
164757,260311,052241327,009460936,017,00178,00538,10,1,0
164758,260311,052241303,009460935,013,00180,00538,10,1,0
164759,000000,052241289,009460935,330,02603,00532,10,1,0
164800,260311,052241278,009460934,006,00182,00530,10,1,0
164801,260311,052241271,009460932,004,00191,00530,9,1,0
164802,260311,052241263,009460932,007,00187,00532,10,1,0
164803,260311,052241253,009460933,006,00171,00540,10,1,0
164804,260311,052241244,009460935,006,00171,00542,0,1,0
164805,260311,052241237,009460946,005,00131,00547,10,1,0
164806,260311,052241216,009460977,011,00117,00545,10,1,0
164807,260311,052241198,009461020,015,00119,00550,9,1,0
164808,260311,052241178,009461072,019,00122,00558,10,1,0
164809,260311,052241147,009461187,030,00118,00558,10,1,0
164810,260311,052241167,009461296,032,00094,00570,9,1,0
164811,260311,052241177,009461388,031,00095,00571,10,1,0
164812,260311,052241171,009461463,028,00098,00583,10,1,0
164813,260311,052241176,009461532,026,00094,00594,10,1,0
164814,260311,052241177,009461602,024,00097,00598,10,1,0
164815,260311,052241171,009461666,022,00097,00595,10,1,0
164816,260311,052241166,009461720,019,00096,00594,9,1,0
164817,260311,052241165,009461771,017,00091,00583,9,1,0
164818,260311,052241162,009461813,016,00093,00580,9,1,0
164819,260311,052241158,009461856,017,00095,00584,9,1,0
164820,260311,052241157,009461904,019,00098,00582,9,1,0
164821,260311,052241155,009461952,020,00094,00589,9,1,0
164822,260311,052241153,009462005,021,00094,00590,9,1,0
164823,260311,052241150,009462060,022,00097,00591,9,1,0
164824,260311,052241148,009462120,023,00094,00587,9,1,0
164825,260311,052241152,009462182,024,00094,00581,9,1,0
164826,260311,052241154,009462243,024,00092,00577,9,1,0
164827,260311,052241153,009462301,023,00094,00572,9,1,0
164828,260311,052241148,009462355,022,00097,00571,9,1,0
164829,260311,052241143,009462405,021,00095,00574,9,1,0
164830,260311,052241145,009462456,021,00092,00578,9,1,0
164831,260311,052241151,009462517,024,00090,00577,9,1,0
164832,260311,052241148,009462582,026,00095,00589,8,1,0
164833,260311,052241142,009462646,026,00099,00584,8,1,0
164834,260311,052241141,009462713,026,00094,00579,8,1,0
164835,260311,052241150,009462782,025,00093,00577,8,1,0
164836,260311,052241150,009462841,022,00094,00573,7,1,0
164837,260311,052241147,009462886,018,00097,00566,8,1,0
164838,260311,052241152,009462924,014,00101,00569,8,1,0
164839,260311,052241143,009462955,011,00113,00566,8,1,0
164840,260311,052241128,009462983,014,00126,00566,8,1,0
164841,260311,052241100,009462999,014,00154,00571,8,1,0
164842,260311,052241064,009463003,015,00171,00587,8,1,0
164843,260311,052241027,009463003,018,00180,00598,8,1,0
164844,260311,052240989,009463004,022,00181,00610,8,1,0
164845,260311,052240947,009463002,023,00181,00620,8,1,0
164846,260311,052240909,009463002,025,00182,00624,8,1,0
164847,260311,052240864,009462999,027,00182,00628,8,1,0
164848,260311,052240811,009462987,027,00182,00653,8,1,0
164849,260311,052240765,009462985,025,00182,00659,8,1,0
164850,260311,052240723,009462982,027,00180,00653,8,1,0
164851,260311,052240678,009462978,029,00182,00652,8,1,0
164852,260311,052240626,009462972,031,00183,00651,8,1,0
164853,260311,052240577,009462969,029,00182,00647,8,1,0
164854,260311,052240538,009462967,026,00182,00646,8,1,0
164855,260311,052240505,009462959,023,00183,00638,8,1,0
164856,260311,052240478,009462953,019,00185,00644,9,1,0
164857,260311,052240450,009462953,016,00181,00648,9,1,0
164858,260311,052240426,009462952,014,00183,00638,9,1,0
164859,260311,052240406,009462945,012,00182,00624,9,1,0
164900,260311,052240390,009462936,011,00183,00620,9,1,0
164901,260311,052240373,009462929,013,00184,00613,9,1,0
164902,260311,052240349,009462921,016,00183,00609,9,1,0
164903,260311,052240325,009462918,015,00178,00608,7,1,0
164904,260311,052240301,009462913,017,00184,00609,9,1,0
164905,260311,052240273,009462908,019,00184,00605,9,1,0
164906,260311,052240244,009462905,019,00182,00606,9,1,0
164907,260311,052240214,009462903,022,00182,00612,9,1,0
164908,260311,052240184,009462898,024,00182,00622,9,1,0
164909,260311,052240130,009462898,030,00176,00628,9,1,0
164910,260311,052240080,009462903,031,00176,00625,9,1,0
164911,260311,052240021,009462907,032,00178,00614,9,1,0
164912,260311,052239977,009462908,029,00177,00629,9,1,0
164913,260311,052239926,009462915,030,00176,00629,9,1,0
164914,260311,052239886,009462915,027,00176,00639,8,1,0
164915,260311,052239831,009462915,030,00178,00637,9,1,0
164916,260311,052239786,009462917,030,00178,00641,0,1,0
164917,260311,052239753,009462921,025,00174,00659,8,1,0
164918,260311,052239695,009462931,025,00172,00678,9,1,0
164919,260311,052239675,009462928,019,00171,00709,9,1,0
164920,260311,052239670,009462924,015,00176,00732,9,1,0
164921,260311,052239648,009462937,015,00169,00758,9,1,0
164922,260311,052239629,009462942,014,00183,00795,8,1,0
164923,260311,052239606,009462940,015,00185,00818,8,1,0
164924,260311,052239585,009462931,016,00183,00841,8,1,0
164925,260311,052239561,009462926,017,00184,00863,5,1,0
164926,260311,052239540,009462925,018,00174,00901,6,1,0
164927,260311,052239521,009462914,020,00176,00942,9,1,0
164928,260311,052239498,009462904,018,00176,00973,5,1,0
164929,260311,052239480,009462915,016,00177,01032,9,1,0
164930,260311,052239456,009462917,017,00180,01075,7,1,0
164931,260311,052239429,009462923,017,00176,01099,7,1,0
164932,260311,052239406,009462929,013,00178,01130,8,1,0
164933,260311,052239379,009462915,012,00196,01140,8,1,0
182646,260311,052239304,009462500,000,00000,01164,3,0,0
182647,260311,052238596,009462662,005,00075,00506,4,1,0
182648,260311,052238679,009462586,005,00014,00305,4,1,0
182649,260311,052238697,009462584,004,00006,00325,4,1,0
182650,260311,052238779,009462571,004,00011,00470,5,1,0
182651,260311,052238767,009462548,001,00037,00426,5,1,0
182652,260311,052238775,009462543,001,00105,00439,6,1,0
182653,260311,052238760,009462545,001,00074,00435,6,1,0
182654,260311,052238732,009462540,001,00055,00406,6,1,0
182655,260311,052238732,009462544,000,00096,00416,5,1,0
182656,260311,052238729,009462544,000,00117,00406,5,1,0
182657,260311,052238732,009462547,000,00110,00406,6,1,0
182658,260311,052238754,009462552,000,00047,00423,6,1,0
182659,260311,052238777,009462561,000,00040,00454,6,1,0
182700,260311,052238797,009462569,000,00062,00485,6,1,0
182701,260311,052238812,009462577,000,00073,00513,6,1,0
182702,260311,052238823,009462586,000,00099,00535,6,1,0
182703,260311,052238833,009462593,000,00051,00557,6,1,0
182704,260311,052238863,009462611,001,00019,00652,6,1,0
182705,260311,052238872,009462616,000,00072,00674,6,1,0
182706,260311,052238876,009462618,000,00075,00680,6,1,0
182707,260311,052238878,009462619,000,00070,00680,6,1,0
182708,260311,052238880,009462619,000,00081,00680,6,1,0
182709,260311,052238879,009462618,001,00147,00671,6,1,0
182710,260311,052238880,009462619,000,00142,00670,6,1,0
182711,260311,052238874,009462617,001,00166,00657,5,1,0
182712,260311,052238872,009462617,001,00167,00654,5,1,0
182713,260311,052238870,009462616,000,00352,00650,5,1,0
182714,260311,052238875,009462617,001,00164,00661,6,1,0
182715,260311,052238870,009462616,001,00165,00658,5,1,0
182716,260311,052238863,009462611,001,00176,00653,5,1,0
182717,260311,052238861,009462608,000,00190,00646,5,1,0
182718,260311,052238860,009462606,001,00176,00639,5,1,0
182719,260311,052238854,009462603,002,00177,00632,5,1,0
182720,260311,052238847,009462601,001,00181,00627,5,1,0
182721,260311,052238841,009462602,001,00180,00626,6,1,0
182722,260311,052238838,009462601,000,00227,00624,6,1,0
182723,260311,052238838,009462602,000,00355,00625,6,1,0
182724,260311,052238834,009462604,000,00173,00627,6,1,0
182725,260311,052238826,009462604,000,00181,00628,6,1,0
182726,260311,052238822,009462605,000,00180,00629,6,1,0
182727,260311,052238820,009462607,000,00180,00630,6,1,0
182728,260311,052238819,009462608,000,00001,00629,6,1,0
182729,260311,052238818,009462609,000,00129,00628,6,1,0
182730,260311,052238819,009462611,001,00168,00626,6,1,0
182731,260311,052238817,009462612,000,00121,00625,6,1,0
182732,260311,052238817,009462613,001,00175,00624,6,1,0
182733,260311,052238815,009462614,000,00098,00619,5,1,0
182734,260311,052238815,009462616,000,00126,00617,6,1,0
182735,260311,052238819,009462618,000,00354,00621,6,1,0
182736,260311,052238827,009462622,000,00131,00625,6,1,0
182737,260311,052238829,009462624,001,00359,00631,6,1,0
182738,260311,052238834,009462628,000,00112,00645,6,1,0
182739,260311,052238839,009462632,000,00015,00661,6,1,0
182740,260311,052238844,009462635,001,00017,00674,6,1,0
182741,260311,052238846,009462637,001,00021,00678,6,1,0
182742,260311,052238846,009462638,000,00129,00676,6,1,0
182743,260311,052238842,009462638,000,00043,00667,6,1,0
182744,260311,052238844,009462639,000,00028,00673,5,1,0
182745,260311,052238848,009462642,001,00018,00687,5,1,0
182746,260311,052238854,009462645,000,00066,00702,5,1,0
182747,260311,052238856,009462647,000,00113,00711,5,1,0
182748,260311,052238861,009462650,000,00126,00725,6,1,0
182749,260311,052238861,009462651,000,00091,00732,6,1,0
182750,260311,052238857,009462651,000,00041,00728,6,1,0
182751,260311,052238855,009462646,000,00166,00711,7,1,0
182752,260311,052238849,009462643,001,00172,00698,7,1,0
182753,260311,052238847,009462640,001,00173,00691,7,1,0
182754,260311,052238848,009462639,000,00190,00687,7,1,0
182755,260311,052238849,009462637,000,00348,00683,7,1,0
182756,260311,052238850,009462636,000,00215,00681,7,1,0
182757,260311,052238853,009462635,000,00000,00680,7,1,0
182758,260311,052238856,009462635,000,00003,00685,7,1,0
182759,260311,052238860,009462636,000,00320,00690,7,1,0
182800,260311,052238864,009462636,000,00058,00698,7,1,0
182801,260311,052238868,009462632,000,00005,00689,7,1,0
182802,260311,052238872,009462629,000,00343,00684,7,1,0
182803,260311,052238876,009462627,000,00342,00681,7,1,0
182804,260311,052238880,009462624,000,00347,00679,7,1,0
182805,260311,052238885,009462623,000,00001,00679,7,1,0
182806,260311,052238890,009462622,000,00354,00679,7,1,0
182807,260311,052238894,009462621,000,00323,00680,7,1,0
182808,260311,052238897,009462622,000,00041,00686,7,1,0
182809,260311,052238901,009462623,000,00313,00692,7,1,0
182810,260311,052238904,009462620,001,00323,00696,6,1,0
182811,260311,052238904,009462622,001,00005,00699,5,1,0
182812,260311,052238906,009462619,001,00359,00693,7,1,0
182813,260311,052238905,009462622,001,00025,00695,7,1,0
182814,260311,052238904,009462624,002,00354,00699,7,1,0
182815,260311,052238903,009462626,001,00325,00704,7,1,0
182816,260311,052238902,009462627,001,00203,00707,7,1,0
182817,260311,052238901,009462629,000,00143,00708,7,1,0
182818,260311,052238899,009462629,000,00175,00705,7,1,0
182819,260311,052238900,009462629,000,00177,00707,7,1,0
182820,260311,052238899,009462624,000,00206,00689,7,1,0
182821,260311,052238897,009462619,000,00205,00679,7,1,0
182822,260311,052238893,009462621,001,00157,00684,7,1,0
182823,260311,052238890,009462625,001,00133,00692,7,1,0
182824,260311,052238885,009462632,003,00128,00699,7,1,0
182825,260311,052238881,009462638,004,00107,00693,7,1,0
182826,260311,052238874,009462648,004,00096,00680,7,1,0
182827,260311,052238871,009462659,005,00088,00676,7,1,0
182828,260311,052238869,009462672,006,00086,00666,7,1,0
182829,260311,052238863,009462685,005,00088,00651,7,1,0
182830,260311,052238860,009462687,002,00029,00648,7,1,0
182831,260311,052238856,009462694,003,00068,00641,6,1,0
182832,260311,052238854,009462702,004,00103,00635,6,1,0
182833,260311,052238855,009462723,006,00130,00662,7,1,0
182834,260311,052238847,009462739,005,00148,00658,7,1,0
182835,260311,052238838,009462748,005,00164,00647,7,1,0
182836,260311,052238821,009462755,008,00174,00635,7,1,0
182837,260311,052238809,009462763,008,00191,00630,6,1,0
182838,260311,052238789,009462769,012,00184,00644,6,1,0
182839,260311,052238762,009462772,015,00185,00648,7,1,0
182840,260311,052238735,009462771,013,00186,00639,7,1,0
182841,260311,052238717,009462773,011,00185,00650,7,1,0
182842,260311,052238698,009462771,009,00190,00645,7,1,0
182843,260311,052238683,009462773,008,00183,00649,7,1,0
182844,260311,052238666,009462776,007,00180,00651,7,1,0
182845,260311,052238658,009462781,004,00174,00666,7,1,0
182846,260311,052238662,009462780,001,00351,00669,7,1,0
182847,260311,052238672,009462780,000,00328,00674,7,1,0
182848,260311,052238682,009462781,001,00009,00676,7,1,0
182849,260311,052238693,009462782,000,00359,00670,7,1,0
182850,260311,052238699,009462785,000,00193,00675,7,1,0
182851,260311,052238705,009462789,000,00359,00678,7,1,0
182852,260311,052238712,009462791,001,00015,00674,7,1,0
182853,260311,052238717,009462792,001,00010,00667,7,1,0
182854,260311,052238722,009462794,000,00015,00662,7,1,0
182855,260311,052238725,009462796,000,00004,00657,7,1,0
182856,260311,052238727,009462795,000,00346,00651,7,1,0
182857,260311,052238727,009462795,000,00232,00646,7,1,0
182858,260311,052238726,009462796,001,00190,00648,7,1,0
182900,260311,052238722,009462797,000,00196,00661,7,1,0
182901,260311,052238720,009462798,001,00010,00660,7,1,0
182902,260311,052238719,009462798,001,00004,00669,7,1,0
182903,260311,052238712,009462799,001,00178,00666,7,1,0
182904,260311,052238711,009462799,000,00173,00671,7,1,0
182905,260311,052238705,009462800,000,00209,00671,7,1,0
182906,260311,052238705,009462798,000,00002,00662,7,1,0
182907,260311,052238693,009462796,001,00195,00650,7,1,0
182908,260311,052238692,009462796,001,00199,00649,7,1,0
182909,260311,052238681,009462795,001,00192,00641,7,1,0
182910,260311,052238666,009462796,002,00191,00638,7,1,0
182911,260311,052238664,009462799,000,00206,00642,7,1,0
182912,260311,052238656,009462799,000,00157,00657,7,1,0
182913,260311,052238653,009462799,001,00015,00670,7,1,0
182914,260311,052238651,009462800,001,00012,00681,6,1,0
182915,260311,052238645,009462800,000,00160,00690,7,1,0
182916,260311,052238644,009462802,000,00119,00699,7,1,0
182917,260311,052238636,009462804,001,00174,00703,7,1,0
182918,260311,052238631,009462805,000,00087,00717,7,1,0
182919,260311,052238626,009462807,000,00034,00721,7,1,0
182920,260311,052238621,009462810,000,00135,00744,7,1,0
182921,260311,052238621,009462816,001,00037,00761,7,1,0
182922,260311,052238623,009462821,001,00023,00776,7,1,0
182923,260311,052238624,009462824,000,00067,00791,7,1,0
182924,260311,052238622,009462828,001,00037,00801,7,1,0
182925,260311,052238623,009462831,000,00164,00816,7,1,0
182926,260311,052238625,009462834,000,00067,00830,7,1,0
182927,260311,052238623,009462836,001,00184,00842,7,1,0
182928,260311,052238617,009462838,001,00164,00849,7,1,0
182929,260311,052238612,009462839,002,00178,00853,7,1,0
182930,260311,052238610,009462839,004,00206,00865,7,1,0
182931,260311,052238600,009462829,007,00228,00850,7,1,0
182932,260311,052238580,009462806,013,00224,00838,7,1,0
182933,260311,052238549,009462760,021,00237,00823,7,1,0
182934,260311,052238511,009462688,029,00243,00821,7,1,0
182935,260311,052238485,009462613,029,00243,00822,7,1,0
182936,260311,052238459,009462544,028,00243,00816,7,1,0
182937,260311,052238441,009462479,026,00245,00807,7,1,0
182938,260311,052238421,009462421,023,00246,00792,7,1,0
182939,260311,052238408,009462369,021,00246,00781,7,1,0
182940,260311,052238394,009462322,018,00246,00766,7,1,0
182941,260311,052238382,009462283,015,00247,00754,7,1,0
182942,260311,052238368,009462255,013,00246,00753,7,1,0
182943,260311,052238358,009462234,010,00247,00753,7,1,0
182944,260311,052238350,009462215,008,00248,00749,7,1,0
182945,260311,052238343,009462201,006,00246,00743,7,1,0
182946,260311,052238342,009462184,004,00246,00724,7,1,0
182947,260311,052238342,009462172,002,00255,00701,6,1,0
182948,260311,052238344,009462165,000,00317,00679,7,1,0
182949,260311,052238345,009462159,002,00264,00660,7,1,0
182950,260311,052238345,009462145,005,00265,00640,7,1,0
182951,260311,052238342,009462116,012,00257,00615,7,1,0
182952,260311,052238332,009462067,020,00252,00593,7,1,0
182953,260311,052238313,009461993,029,00247,00575,7,1,0
182954,260311,052238277,009461918,038,00242,00614,6,1,0
182955,260311,052238244,009461817,044,00244,00613,7,1,0
182956,260311,052238210,009461701,048,00245,00616,7,1,0
182957,260311,052238181,009461577,052,00245,00610,7,1,0
182958,260311,052238146,009461460,056,00246,00628,7,1,0
182959,260311,052238108,009461328,058,00245,00634,7,1,0
183000,260311,052238072,009461195,058,00245,00636,7,1,0
183001,260311,052238036,009461064,057,00245,00633,7,1,0
183002,260311,052238003,009460932,058,00244,00625,6,1,0
183003,260311,052237967,009460815,058,00244,00657,7,1,0
183004,260311,052237939,009460679,058,00247,00635,6,1,0
183005,260311,052237908,009460550,057,00245,00629,6,1,0
183006,260311,052237878,009460417,058,00246,00611,6,1,0
183007,260311,052237844,009460284,059,00246,00608,7,1,0
183008,260311,052237802,009460148,059,00246,00588,7,1,0
183009,260311,052237765,009460011,058,00247,00575,7,1,0
183010,260311,052237731,009459875,058,00247,00561,7,1,0
183011,260311,052237697,009459741,057,00247,00543,6,1,0
183012,260311,052237667,009459618,055,00245,00553,6,1,0
183013,260311,052237629,009459499,052,00245,00542,6,1,0
183014,260311,052237590,009459390,050,00245,00569,6,1,0
183015,260311,052237556,009459284,048,00244,00580,5,1,0
183016,260311,052237523,009459179,048,00244,00585,5,1,0
183017,260311,052237489,009459075,049,00244,00595,5,1,0
183018,260311,052237459,009458971,050,00245,00615,6,1,0
183019,260311,052237432,009458862,050,00247,00629,7,1,0
183020,260311,052237403,009458749,049,00249,00628,7,1,0
183021,260311,052237373,009458646,047,00248,00649,7,1,0
183022,260311,052237356,009458550,041,00252,00668,7,1,0
183023,260311,052237349,009458456,039,00256,00661,7,1,0
183024,260311,052237337,009458357,042,00257,00659,7,1,0
183025,260311,052237324,009458254,041,00255,00651,7,1,0
183026,260311,052237308,009458160,039,00252,00650,7,1,0
183027,260311,052237296,009458064,036,00252,00628,7,1,0
183028,260311,052237287,009457981,035,00257,00632,7,1,0
183029,260311,052237283,009457888,037,00262,00626,7,1,0
183030,260311,052237294,009457770,044,00272,00616,7,1,0
183031,260311,052237317,009457633,050,00280,00615,7,1,0
183032,260311,052237343,009457500,052,00283,00616,7,1,0
183033,260311,052237356,009457360,054,00282,00615,6,1,0
183034,260311,052237382,009457230,055,00285,00587,7,1,0
183035,260311,052237415,009457109,053,00290,00590,7,1,0
183036,260311,052237436,009457000,048,00289,00590,7,1,0
183037,260311,052237447,009456908,042,00290,00583,7,1,0
183038,260311,052237446,009456833,038,00280,00571,6,1,0
183039,260311,052237453,009456744,039,00281,00543,6,1,0
183040,260311,052237467,009456643,039,00283,00511,6,1,0
183041,260311,052237489,009456545,042,00283,00505,6,1,0
183042,260311,052237510,009456455,040,00286,00494,6,1,0
183043,260311,052237542,009456370,041,00291,00510,6,1,0
183044,260311,052237556,009456282,040,00285,00500,6,1,0
183045,260311,052237564,009456205,039,00280,00516,5,1,0
183046,260311,052237566,009456119,037,00275,00512,4,1,0
183047,260311,052237567,009456031,038,00275,00513,6,1,0
183048,260311,052237563,009455939,037,00274,00504,6,1,0
183049,260311,052237568,009455840,037,00275,00486,6,1,0
183050,260311,052237579,009455756,035,00275,00502,6,1,0
183051,260311,052237583,009455673,033,00276,00484,6,1,0
183052,260311,052237591,009455599,032,00275,00487,6,1,0
183053,260311,052237596,009455529,030,00275,00500,6,1,0
183054,260311,052237596,009455466,026,00275,00491,6,1,0
183055,260311,052237598,009455410,023,00276,00493,5,1,0
183056,260311,052237600,009455355,021,00277,00487,5,1,0
183057,260311,052237606,009455308,020,00276,00491,5,1,0
183058,260311,052237619,009455269,019,00275,00537,6,1,0
183059,260311,052237629,009455223,020,00276,00568,7,1,0
183100,260311,052237631,009455168,022,00273,00562,7,1,0
183101,260311,052237628,009455108,024,00273,00540,7,1,0
183102,260311,052237628,009455039,028,00275,00529,7,1,0
183103,260311,052237634,009454962,032,00275,00531,7,1,0
183104,260311,052237641,009454877,034,00274,00526,7,1,0
183105,260311,052237641,009454798,032,00270,00530,7,1,0
183106,260311,052237640,009454737,033,00273,00575,6,1,0
183107,260311,052237641,009454659,034,00271,00584,6,1,0
183108,260311,052237643,009454572,034,00269,00587,7,1,0
183109,260311,052237643,009454485,034,00270,00585,5,1,0
183110,260311,052237642,009454404,033,00269,00589,4,1,0
183111,260311,052237638,009454346,031,00264,00652,7,1,0
183112,260311,052237631,009454278,031,00261,00686,7,1,0
183113,260311,052237631,009454197,031,00255,00710,7,1,0
183114,260311,052237610,009454120,032,00252,00707,7,1,0
183115,260311,052237590,009454038,034,00251,00699,7,1,0
183116,260311,052237570,009453953,035,00251,00689,7,1,0
183117,260311,052237546,009453864,037,00249,00684,7,1,0
183118,260311,052237523,009453776,039,00249,00717,7,1,0
183119,260311,052237499,009453682,040,00249,00729,7,1,0
183120,260311,052237474,009453580,042,00248,00717,7,1,0
183121,260311,052237446,009453481,042,00248,00715,7,1,0
183122,260311,052237422,009453379,043,00248,00723,7,1,0
183123,260311,052237399,009453278,042,00247,00721,7,1,0
183124,260311,052237381,009453176,041,00246,00721,7,1,0
183125,260311,052237361,009453080,040,00249,00715,7,1,0
183126,260311,052237343,009452988,039,00249,00707,7,1,0
183127,260311,052237325,009452896,039,00247,00698,7,1,0
183128,260311,052237303,009452805,038,00250,00684,7,1,0
183129,260311,052237286,009452712,039,00252,00673,7,1,0
183130,260311,052237267,009452609,042,00248,00648,7,1,0
183131,260311,052237249,009452506,040,00252,00626,7,1,0
183132,260311,052237229,009452407,040,00251,00623,7,1,0
183133,260311,052237208,009452293,046,00250,00610,7,1,0
183134,260311,052237183,009452186,046,00251,00614,7,1,0
183135,260311,052237157,009452079,045,00250,00611,7,1,0
183136,260311,052237134,009451971,044,00250,00602,7,1,0
183137,260311,052237109,009451870,042,00250,00590,7,1,0
183138,260311,052237085,009451775,040,00250,00584,7,1,0
183139,260311,052237064,009451684,038,00249,00583,7,1,0
183140,260311,052237042,009451595,036,00250,00592,7,1,0
183141,260311,052237021,009451518,034,00254,00612,7,1,0
183142,260311,052237007,009451444,032,00256,00615,7,1,0
183143,260311,052236993,009451372,030,00249,00602,7,1,0
183144,260311,052236980,009451307,031,00248,00586,7,1,0
183145,260311,052236967,009451249,028,00251,00607,7,1,0
183146,260311,052236954,009451174,034,00252,00622,7,1,0
183147,260311,052236942,009451090,037,00254,00630,7,1,0
183148,260311,052236935,009451000,039,00259,00644,7,1,0
183149,260311,052236924,009450906,038,00263,00658,7,1,0
183150,260311,052236923,009450795,039,00265,00635,7,1,0
183151,260311,052236919,009450699,039,00265,00638,0,1,0
183152,260311,052236915,009450603,039,00265,00640,0,1,0
183153,260311,052236922,009450492,039,00270,00630,7,1,0
183154,260311,052236936,009450371,038,00271,00619,7,1,0
183155,260311,052236959,009450258,038,00277,00579,6,1,0
183156,260311,052236976,009450164,036,00282,00562,7,1,0
183157,260311,052236992,009450070,034,00282,00538,7,1,0
183158,260311,052237005,009449971,035,00282,00532,7,1,0
183159,260311,052237021,009449877,034,00282,00503,6,1,0
183200,260311,052237032,009449775,036,00281,00473,4,1,0
183201,260311,052237037,009449681,037,00278,00468,7,1,0
183202,260311,052237049,009449606,033,00282,00471,7,1,0
183203,260311,052237065,009449522,032,00287,00455,7,1,0
183204,260311,052237076,009449434,031,00286,00434,6,1,0
183205,260311,052237090,009449356,030,00284,00408,6,1,0
183206,260311,052237096,009449289,029,00280,00421,6,1,0
183207,260311,052237105,009449226,026,00280,00424,6,1,0
183208,260311,052237108,009449184,021,00279,00444,7,1,0
183209,260311,052237117,009449148,018,00283,00464,7,1,0
183210,260311,052237125,009449104,015,00283,00482,7,1,0
183211,260311,052237130,009449070,013,00284,00494,7,1,0
183212,260311,052237130,009449041,011,00287,00513,7,1,0
183213,260311,052237132,009449015,010,00281,00524,7,1,0
183214,260311,052237135,009448990,010,00281,00524,0,1,0
183215,260311,052237136,009448956,015,00277,00530,7,1,0
183216,260311,052237139,009448904,018,00275,00528,7,1,0
183217,260311,052237146,009448851,023,00281,00538,6,1,0
183218,260311,052237152,009448777,029,00282,00543,6,1,0
183219,260311,052237163,009448696,030,00280,00556,7,1,0
183220,260311,052237169,009448625,030,00278,00586,7,1,0
183221,260311,052237188,009448522,033,00282,00571,7,1,0
183222,260311,052237196,009448426,035,00278,00581,7,1,0
183223,260311,052237200,009448331,036,00272,00587,7,1,0
183224,260311,052237205,009448230,035,00271,00590,7,1,0
183225,260311,052237212,009448134,034,00273,00581,7,1,0
183226,260311,052237219,009448045,034,00273,00581,7,1,0
183227,260311,052237227,009447951,033,00275,00571,7,1,0
183228,260311,052237226,009447854,036,00269,00560,7,1,0
183229,260311,052237224,009447750,040,00268,00554,7,1,0
183230,260311,052237220,009447655,039,00268,00577,7,1,0
183231,260311,052237216,009447548,039,00269,00585,6,1,0
183232,260311,052237213,009447460,035,00268,00619,6,1,0
183233,260311,052237215,009447378,033,00264,00632,7,1,0
183234,260311,052237213,009447301,031,00262,00640,7,1,0
183235,260311,052237209,009447233,028,00261,00690,6,1,0
183236,260311,052237209,009447172,024,00261,00707,7,1,0
183237,260311,052237201,009447143,020,00260,00794,6,1,0
183238,260311,052237203,009447101,017,00257,00821,7,1,0
183239,260311,052237203,009447065,014,00259,00835,7,1,0
183240,260311,052237201,009447042,010,00257,00844,7,1,0
183241,260311,052237200,009447025,006,00253,00853,7,1,0
183242,260311,052237192,009447035,002,00219,00897,7,1,0
183243,260311,052237192,009447040,002,00146,00918,7,1,0
183244,260311,052237196,009447049,001,00091,00946,7,1,0
183245,260311,052237202,009447057,002,00109,00976,7,1,0
183246,260311,052237203,009447064,002,00041,00995,7,1,0
183247,260311,052237207,009447068,001,00083,01014,7,1,0
183248,260311,052237209,009447069,002,00120,01041,7,1,0
183249,260311,052237209,009447072,002,00093,01073,7,1,0
183250,260311,052237205,009447080,002,00097,01104,7,1,0
183251,260311,052237204,009447089,002,00082,01134,7,1,0
183252,260311,052237203,009447095,001,00063,01160,7,1,0
183253,260311,052237199,009447100,002,00032,01176,7,1,0
183254,260311,052237197,009447106,001,00020,01192,7,1,0
183255,260311,052237199,009447097,001,00266,01172,7,1,0
183256,260311,052237201,009447087,005,00257,01192,7,1,0
183257,260311,052237195,009447057,008,00239,01182,7,1,0
183258,260311,052237183,009447028,011,00240,01173,7,1,0
183259,260311,052237167,009446987,015,00247,01157,7,1,0
183300,260311,052237149,009446925,023,00250,01132,7,1,0
183301,260311,052237130,009446857,025,00247,01119,7,1,0
183302,260311,052237107,009446792,022,00240,01096,7,1,0
183303,260311,052237085,009446735,020,00239,01069,7,1,0
183304,260311,052237067,009446684,018,00239,01038,7,1,0
183305,260311,052237057,009446652,012,00235,01025,7,1,0
183306,260311,052237047,009446616,014,00239,00998,6,1,0
183307,260311,052237038,009446565,020,00248,00956,7,1,0
183308,260311,052237025,009446500,027,00248,00931,7,1,0
183309,260311,052237008,009446435,031,00246,00933,7,1,0
183310,260311,052236988,009446355,038,00248,00935,7,1,0
183311,260311,052236962,009446259,045,00246,00939,7,1,0
183312,260311,052236932,009446143,048,00246,00921,7,1,0
183313,260311,052236901,009446018,053,00247,00918,7,1,0
183314,260311,052236862,009445864,064,00247,00919,7,1,0
183315,260311,052236822,009445693,069,00249,00910,7,1,0
183316,260311,052236785,009445526,068,00248,00903,7,1,0
183317,260311,052236751,009445371,062,00248,00897,7,1,0
183318,260311,052236722,009445225,063,00249,00886,7,1,0
183319,260311,052236698,009445101,057,00249,00890,7,1,0
183320,260311,052236692,009445007,044,00253,00864,7,1,0
183321,260311,052236692,009444967,026,00255,00832,7,1,0
183322,260311,052236715,009444947,014,00264,00832,7,1,0
183323,260311,052236707,009444940,009,00248,00825,7,1,0
183324,260311,052236698,009444928,008,00247,00806,7,1,0
183325,260311,052236692,009444921,004,00242,00788,7,1,0
183326,260311,052236686,009444914,001,00227,00756,7,1,0
183327,260311,052236682,009444916,001,00205,00736,7,1,0
183328,260311,052236676,009444919,002,00191,00718,7,1,0
183329,260311,052236670,009444921,002,00195,00700,7,1,0
183330,260311,052236664,009444922,003,00192,00682,7,1,0
183331,260311,052236659,009444923,002,00200,00665,7,1,0
183332,260311,052236655,009444921,001,00211,00640,7,1,0
183333,260311,052236652,009444919,001,00217,00618,7,1,0
183334,260311,052236649,009444916,001,00219,00597,7,1,0
183335,260311,052236646,009444918,001,00212,00589,6,1,0
183336,260311,052236644,009444917,002,00212,00577,5,1,0
183337,260311,052236644,009444917,001,00219,00569,7,1,0
183338,260311,052236641,009444913,001,00219,00551,7,1,0
183339,260311,052236640,009444908,004,00238,00542,6,1,0
183340,260311,052236636,009444886,012,00245,00533,6,1,0
183341,260311,052236628,009444844,019,00251,00527,6,1,0
183342,260311,052236613,009444780,028,00251,00522,7,1,0
183343,260311,052236601,009444690,036,00255,00529,7,1,0
183344,260311,052236592,009444573,045,00261,00517,7,1,0
183345,260311,052236580,009444422,057,00264,00501,7,1,0
183346,260311,052236587,009444254,064,00268,00499,4,1,0
183347,260311,052236598,009444084,067,00272,00506,3,1,0
183348,260311,052236612,009443865,074,00273,00500,6,1,0
183349,260311,052236624,009443662,074,00273,00485,5,1,0
183350,260311,052236635,009443485,070,00273,00480,5,1,0
183351,260311,052236653,009443326,065,00274,00465,6,1,0
183352,260311,052236663,009443162,063,00275,00443,5,1,0
183353,260311,052236675,009443018,062,00275,00441,6,1,0
183354,260311,052236692,009442871,060,00277,00435,6,1,0
183355,260311,052236708,009442740,058,00277,00445,7,1,0
183356,260311,052236722,009442604,056,00279,00436,7,1,0
183357,260311,052236735,009442474,053,00278,00426,6,1,0
183358,260311,052236750,009442352,051,00278,00412,7,1,0
183359,260311,052236764,009442236,048,00278,00394,7,1,0
183400,260311,052236775,009442125,046,00279,00380,7,1,0
183401,260311,052236784,009442020,044,00277,00373,7,1,0
183402,260311,052236794,009441918,041,00277,00360,7,1,0
183403,260311,052236801,009441826,039,00278,00355,7,1,0
183404,260311,052236811,009441740,034,00279,00341,7,1,0
183405,260311,052236822,009441671,029,00281,00331,7,1,0
183406,260311,052236835,009441615,023,00282,00319,7,1,0
183407,260311,052236841,009441580,018,00287,00331,6,1,0
183408,260311,052236847,009441558,012,00289,00337,7,1,0
183409,260311,052236853,009441542,008,00288,00325,7,1,0
183410,260311,052236850,009441540,004,00281,00342,7,1,0
183411,260311,052236837,009441552,001,00220,00385,7,1,0
183412,260311,052236827,009441565,001,00142,00421,7,1,0
183413,260311,052236820,009441585,001,00072,00459,7,1,0
183414,260311,052236818,009441594,001,00048,00465,6,1,0
183415,260311,052236817,009441601,000,00087,00468,6,1,0
183416,260311,052236818,009441608,000,00116,00464,6,1,0
183417,260311,052236818,009441614,001,00050,00461,6,1,0
183418,260311,052236817,009441618,001,00259,00452,6,1,0
183419,260311,052236814,009441625,002,00313,00483,5,1,0
183420,260311,052236820,009441618,005,00326,00472,6,1,0
183421,260311,052236829,009441602,009,00312,00461,7,1,0
183422,260311,052236835,009441572,014,00304,00462,7,1,0
183423,260311,052236843,009441526,020,00298,00477,7,1,0
183424,260311,052236851,009441457,029,00289,00494,7,1,0
183425,260311,052236859,009441368,036,00285,00508,7,1,0
183426,260311,052236867,009441263,041,00286,00526,7,1,0
183427,260311,052236875,009441147,042,00283,00552,7,1,0
183428,260311,052236887,009441027,045,00281,00559,6,1,0
183429,260311,052236895,009440898,049,00278,00581,6,1,0
183430,260311,052236906,009440769,049,00275,00597,7,1,0
183431,260311,052236914,009440646,047,00275,00600,7,1,0
183432,260311,052236917,009440511,046,00272,00575,6,1,0
183433,260311,052236916,009440393,043,00269,00579,6,1,0
183434,260311,052236911,009440294,043,00261,00620,7,1,0
183435,260311,052236901,009440189,043,00262,00616,7,1,0
183436,260311,052236900,009440083,041,00268,00636,6,1,0
183437,260311,052236914,009439974,042,00276,00647,6,1,0
183438,260311,052236926,009439868,041,00278,00663,7,1,0
183439,260311,052236935,009439768,041,00278,00669,0,1,0
183440,260311,052236943,009439669,041,00278,00675,0,1,0
183441,260311,052236952,009439569,041,00278,00682,0,1,0
183442,260311,052236927,009439443,047,00269,00706,7,1,0
183443,260311,052236936,009439326,044,00271,00736,6,1,0
183444,260311,052236938,009439227,045,00274,00757,6,1,0
183445,260311,052236943,009439116,045,00274,00767,0,1,0
183446,260311,052236948,009439005,045,00274,00777,0,1,0
183447,260311,052236957,009438895,042,00275,00788,6,1,0
183448,260311,052236960,009438780,038,00274,00808,6,1,0
183449,260311,052236977,009438685,037,00274,00824,6,1,0
183450,260311,052236981,009438588,036,00268,00807,6,1,0
183451,260311,052236977,009438494,035,00261,00782,6,1,0
183452,260311,052236973,009438405,034,00258,00749,6,1,0
183453,260311,052236964,009438317,033,00255,00719,6,1,0
183454,260311,052236951,009438238,032,00254,00698,6,1,0
183455,260311,052236939,009438160,032,00254,00681,6,1,0
183456,260311,052236927,009438081,032,00255,00661,6,1,0
183457,260311,052236916,009438002,031,00254,00642,6,1,0
183458,260311,052236905,009437925,031,00255,00623,6,1,0
183459,260311,052236895,009437849,031,00254,00605,6,1,0
183500,260311,052236878,009437779,030,00252,00616,6,1,0
183501,260311,052236865,009437712,028,00251,00606,7,1,0
183502,260311,052236853,009437649,026,00250,00597,7,1,0
183503,260311,052236842,009437595,023,00249,00592,7,1,0
183504,260311,052236834,009437544,021,00251,00579,7,1,0
183505,260311,052236825,009437507,017,00256,00582,7,1,0
183506,260311,052236817,009437480,015,00261,00597,7,1,0
183507,260311,052236815,009437451,013,00265,00604,7,1,0
183508,260311,052236809,009437432,011,00255,00624,7,1,0
183509,260311,052236802,009437420,007,00249,00639,7,1,0
183510,260311,052236793,009437425,002,00224,00667,6,1,0
183511,260311,052236794,009437425,001,00159,00671,7,1,0
183512,260311,052236795,009437426,001,00126,00675,7,1,0
183513,260311,052236795,009437430,001,00108,00676,7,1,0
183514,260311,052236798,009437432,001,00048,00686,7,1,0
183515,260311,052236791,009437436,001,00089,00706,7,1,0
183516,260311,052236788,009437443,001,00165,00711,7,1,0
183517,260311,052236784,009437443,004,00239,00722,7,1,0
183518,260311,052236784,009437417,010,00253,00705,7,1,0
183519,260311,052236777,009437379,016,00251,00701,7,1,0
183520,260311,052236768,009437325,022,00250,00695,7,1,0
183521,260311,052236756,009437262,027,00252,00691,7,1,0
183522,260311,052236744,009437179,033,00253,00677,7,1,0
183523,260311,052236733,009437087,037,00258,00672,7,1,0
183524,260311,052236725,009436991,038,00260,00672,7,1,0
183525,260311,052236720,009436903,036,00260,00662,7,1,0
183526,260311,052236717,009436813,035,00263,00656,6,1,0
183527,260311,052236710,009436729,035,00263,00656,0,1,0
183528,260311,052236704,009436644,035,00263,00657,0,1,0
183529,260311,052236693,009436636,022,00261,00697,7,1,0
183530,260311,052236701,009436603,014,00264,00697,7,1,0
183531,260311,052236712,009436594,007,00267,00703,7,1,0
183532,260311,052236714,009436593,005,00260,00730,7,1,0
183533,260311,052236702,009436572,004,00247,00734,7,1,0
183534,260311,052236682,009436559,004,00198,00774,7,1,0
183535,260311,052236661,009436543,008,00185,00791,7,1,0
183536,260311,052236640,009436547,009,00184,00837,7,1,0
183537,260311,052236603,009436533,014,00184,00875,7,1,0
183538,260311,052236569,009436534,015,00174,00893,7,1,0
183539,260311,052236537,009436531,018,00178,00907,7,1,0
183540,260311,052236496,009436528,020,00175,00945,7,1,0
183541,260311,052236452,009436525,020,00177,00966,7,1,0
183542,260311,052236412,009436522,019,00179,00988,7,1,0
183543,260311,052236377,009436524,018,00179,01007,7,1,0
183544,260311,052236335,009436521,020,00183,01028,7,1,0
183545,260311,052236299,009436511,021,00190,01043,6,1,0
183546,260311,052236259,009436504,022,00189,01050,5,1,0
183547,260311,052236210,009436497,020,00194,01046,6,1,0
183548,260311,052236172,009436480,022,00194,01034,6,1,0
183549,260311,052236142,009436458,020,00202,01015,6,1,0
183550,260311,052236111,009436450,019,00199,01000,6,1,0
183551,260311,052236091,009436453,013,00210,00977,6,1,0
183552,260311,052236069,009436451,012,00211,00964,7,1,0
183553,260311,052236035,009436438,016,00213,00949,7,1,0
183554,260311,052236006,009436421,016,00210,00912,7,1,0
183555,260311,052235995,009436393,014,00224,00898,6,1,0
183556,260311,052235994,009436356,012,00240,00888,6,1,0
183557,260311,052236001,009436317,012,00266,00879,7,1,0
183558,260311,052236017,009436275,017,00289,00860,7,1,0
183559,260311,052236016,009436229,017,00288,00859,7,1,0
183600,260311,052236028,009436177,022,00290,00841,6,1,0
183601,260311,052236046,009436108,024,00290,00816,6,1,0
183602,260311,052236063,009436041,024,00289,00783,7,1,0
183603,260311,052236081,009435981,023,00299,00765,7,1,0
183604,260311,052236095,009435926,022,00299,00751,7,1,0
183605,260311,052236118,009435857,019,00297,00673,7,1,0
183606,260311,052236143,009435815,018,00312,00640,7,1,0
183607,260311,052236172,009435792,016,00339,00610,7,1,0
183608,260311,052236195,009435775,016,00348,00583,7,1,0
183609,260311,052236209,009435775,013,00357,00586,7,1,0
183610,260311,052236231,009435774,016,00000,00594,6,1,0
183611,260311,052236252,009435790,015,00358,00623,5,1,0
183612,260311,052236275,009435796,016,00002,00650,7,1,0
183613,260311,052236299,009435793,017,00353,00687,7,1,0
183614,260311,052236326,009435783,019,00353,00702,7,1,0
183615,260311,052236355,009435787,016,00358,00726,6,1,0
183616,260311,052236389,009435776,016,00352,00748,6,1,0
183617,260311,052236403,009435770,010,00356,00743,7,1,0
183618,260311,052236407,009435762,006,00006,00721,7,1,0
183619,260311,052236414,009435760,006,00014,00715,7,1,0
183620,260311,052236420,009435757,004,00005,00706,7,1,0
183621,260311,052236422,009435754,001,00352,00698,7,1,0
183622,260311,052236424,009435747,001,00262,00682,7,1,0
183623,260311,052236423,009435743,001,00270,00666,7,1,0
183624,260311,052236423,009435738,001,00246,00658,7,1,0
183625,260311,052236422,009435736,002,00287,00642,7,1,0
183626,260311,052236420,009435736,001,00259,00635,7,1,0
183633,260311,052236401,009435719,001,00226,00000,0,0,0
183634,260311,052236404,009435710,000,00198,00520,7,1,0
183635,260311,052236406,009435704,000,00184,00516,7,1,0
183636,260311,052236408,009435697,000,00188,00495,7,1,0
183637,260311,052236412,009435697,000,00181,00488,7,1,0
183638,260311,052236412,009435696,000,00169,00484,7,1,0
183639,260311,052236414,009435696,000,00185,00480,7,1,0
183640,260311,052236414,009435697,000,00169,00476,7,1,0
183641,260311,052236415,009435695,000,00175,00467,7,1,0
183642,260311,052236415,009435693,000,00175,00461,7,1,0
183643,260311,052236416,009435692,000,00185,00456,7,1,0
183644,260311,052236416,009435690,000,00182,00451,7,1,0
183645,260311,052236416,009435689,000,00168,00447,7,1,0
183646,260311,052236416,009435692,000,00167,00456,7,1,0
183647,260311,052236416,009435691,000,00181,00453,7,1,0
183648,260311,052236415,009435690,000,00161,00440,7,1,0
183649,260311,052236413,009435686,001,00173,00417,7,1,0
183650,260311,052236411,009435685,001,00176,00406,7,1,0
183651,260311,052236410,009435684,001,00179,00397,6,1,0
183652,260311,052236407,009435679,001,00184,00371,7,1,0
183653,260311,052236405,009435677,001,00187,00361,7,1,0
183654,260311,052236401,009435674,001,00180,00339,7,1,0
183655,260311,052236399,009435676,001,00181,00339,6,1,0
183656,260311,052236404,009435681,000,00195,00364,7,1,0
183657,260311,052236405,009435684,000,00190,00377,7,1,0
183658,260311,052236407,009435687,000,00164,00390,7,1,0
183659,260311,052236409,009435690,000,00196,00405,7,1,0
183700,260311,052236412,009435693,000,00022,00420,7,1,0
183701,260311,052236416,009435697,000,00011,00443,7,1,0
