175602,180311,052236376,009435734,000,00119,00000,0,0,0
175603,180311,052236377,009435734,000,00151,4294964766,3,1,0
175604,180311,052236379,009435735,000,00040,4294964766,3,1,0
175605,180311,052236471,009435781,002,00267,4294964766,3,1,0
175606,180311,052236425,009435761,001,00221,4294964766,3,1,0
175607,180311,052236448,009435737,000,00142,4294964766,3,1,0
175608,180311,052236445,009435706,000,00143,4294964766,3,1,0
175609,180311,052236467,009435706,000,00117,4294964766,3,1,0
175610,180311,052236455,009435732,000,00095,4294964766,3,1,0
175611,180311,052236432,009435730,000,00080,4294964766,3,1,0
175612,180311,052236450,009435731,000,00132,4294964766,3,1,0
175613,180311,052236440,009435736,000,00160,4294964766,3,1,0
175614,180311,052236435,009435735,000,00132,4294964766,3,1,0
175615,180311,052236429,009435713,000,00125,4294964766,3,1,0
175616,180311,052236427,009435709,000,00138,4294964766,3,1,0
175617,180311,052236431,009435708,000,00148,4294964766,3,1,0
175618,180311,052236431,009435707,000,00163,4294964766,3,1,0
175619,180311,052236428,009435708,000,00101,4294964766,3,1,0
175620,180311,052236424,009435711,000,00147,4294964766,3,1,0
175621,180311,052236419,009435713,000,00075,4294964766,3,1,0
175622,180311,052236415,009435715,000,00163,4294964766,3,1,0
175623,180311,052236412,009435717,000,00093,4294964766,3,1,0
175624,180311,052236409,009435719,000,00126,4294964766,3,1,0
175625,180311,052236406,009435721,000,00027,4294964766,3,1,0
175626,180311,052236403,009435723,000,00073,4294964766,3,1,0
175627,180311,052236368,009435739,001,00058,4294964766,3,1,0
175628,180311,052236379,009435738,000,00098,4294964766,3,1,0
175629,180311,052236390,009435734,000,00296,4294964766,3,1,0
175630,180311,052236396,009435735,000,00126,4294964766,3,1,0
175631,180311,052236361,009435856,000,00013,4294964766,3,1,0
175632,180311,052236351,009435872,000,00080,4294964766,3,1,0
175633,180311,052236348,009435872,000,00040,4294964766,3,1,0
175634,180311,052236357,009435854,001,00346,4294964766,3,1,0
175635,180311,052236366,009435837,002,00009,4294964766,3,1,0
175636,180311,052236374,009435826,002,00027,4294964766,3,1,0
175637,180311,052236382,009435817,003,00031,4294964766,3,1,0
175638,180311,052236385,009435815,001,00057,4294964766,3,1,0
175639,180311,052236388,009435809,000,00184,4294964766,3,1,0
175640,180311,052236390,009435801,001,00229,4294964766,3,1,0
175641,180311,052236389,009435792,002,00224,4294964766,3,1,0
175642,180311,052236390,009435782,001,00249,4294964766,3,1,0
175643,180311,052236391,009435776,001,00234,4294964766,3,1,0
175644,180311,052236391,009435773,001,00122,4294964766,3,1,0
175645,180311,052236322,009435700,002,00125,4294964766,3,1,0
175646,180311,052236329,009435709,002,00101,4294964766,3,1,0
175647,180311,052236337,009435718,002,00108,4294964766,3,1,0
175648,180311,052236332,009435722,005,00146,4294964766,3,1,0
175649,180311,052236333,009435735,007,00166,4294964766,3,1,0
175650,180311,052236370,009435788,009,00177,4294964766,3,1,0
175651,180311,052236343,009435769,010,00185,4294964766,3,1,0
175652,180311,052236334,009435764,010,00192,4294964766,3,1,0
175653,180311,052236311,009435750,011,00185,4294964766,3,1,0
175654,180311,052236292,009435740,009,00183,4294964766,3,1,0
175655,180311,052236290,009435685,010,00188,4294964766,3,1,0
175656,180311,052236295,009435687,006,00167,4294964766,3,1,0
175657,180311,052236340,009435733,014,00190,4294964766,3,1,0
175658,180311,052236262,009435691,006,00188,4294964766,3,1,0
175659,180311,052236286,009435685,008,00185,4294964766,3,1,0
180034,180311,052235865,009435955,005,00337,4294964767,3,1,0
180035,180311,052235876,009435941,008,00323,4294964767,3,1,0
180036,180311,052235891,009435918,009,00321,4294964767,3,1,0
180037,180311,052235902,009435906,008,00327,4294964767,3,1,0
180038,180311,052235907,009435897,004,00319,4294964767,3,1,0
180039,180311,052235914,009435888,004,00322,4294964767,3,1,0
180040,180311,052235919,009435879,004,00306,4294964767,3,1,0
180041,180311,052235922,009435872,003,00295,4294964767,3,1,0
180042,180311,052235922,009435861,004,00263,4294964767,3,1,0
180043,180311,052235922,009435851,004,00245,4294964767,3,1,0
180044,180311,052235920,009435840,005,00234,4294964767,3,1,0
180045,180311,052235915,009435825,007,00231,4294964767,3,1,0
180046,180311,052235907,009435808,008,00232,4294964767,3,1,0
180047,180311,052235901,009435789,009,00238,4294964767,3,1,0
180048,180311,052235895,009435774,008,00228,4294964767,3,1,0
180049,180311,052235888,009435761,007,00224,4294964767,3,1,0
180050,180311,052235881,009435744,008,00235,4294964767,3,1,0
180051,180311,052235876,009435728,007,00236,4294964767,3,1,0
180052,180311,052235968,009435825,006,00213,00489,4,1,0
180053,180311,052235959,009435825,006,00191,00553,4,1,0
180054,180311,052235955,009435825,005,00184,00555,4,1,0
180055,180311,052235942,009435826,006,00179,00550,4,1,0
180056,180311,052235930,009435825,008,00186,00549,4,1,0
180057,180311,052235916,009435823,010,00186,00549,4,1,0
180058,180311,052235902,009435826,011,00182,00590,4,1,0
180059,180311,052235887,009435824,010,00180,00585,4,1,0
180100,180311,052235870,009435819,010,00186,00562,4,1,0
180101,180311,052235854,009435813,010,00190,00549,4,1,0
180102,180311,052235839,009435808,009,00184,00539,4,1,0
180132,180311,052235728,009435787,002,00109,00469,4,1,0
180133,180311,052235727,009435795,005,00107,00491,4,1,0
180134,180311,052235727,009435812,006,00102,00501,4,1,0
180135,180311,052235732,009435831,007,00102,00514,4,1,0
180136,180311,052235736,009435852,009,00101,00531,4,1,0
180137,180311,052235738,009435873,008,00105,00552,4,1,0
180138,180311,052235737,009435894,009,00105,00565,4,1,0
180139,180311,052235736,009435917,010,00106,00580,4,1,0
180140,180311,052235735,009435937,008,00106,00577,4,1,0
180141,180311,052235731,009435954,007,00110,00578,4,1,0
180142,180311,052235728,009435968,005,00108,00580,4,1,0
180143,180311,052235726,009435979,004,00105,00582,4,1,0
180144,180311,052235724,009435988,003,00106,00583,4,1,0
180145,180311,052235724,009435995,002,00111,00585,4,1,0
180146,180311,052235724,009435998,001,00100,00588,4,1,0
180147,180311,052235724,009435999,000,00094,00591,4,1,0
180148,180311,052235724,009435998,000,00111,00591,4,1,0
180149,180311,052235723,009435998,000,00105,00591,4,1,0
180150,180311,052235723,009435997,000,00107,00589,4,1,0
180151,180311,052235722,009435996,000,00114,00587,4,1,0
180152,180311,052235720,009435995,000,00094,00584,4,1,0
180153,180311,052235719,009435994,000,00120,00581,4,1,0
180154,180311,052235718,009435993,000,00102,00579,4,1,0
180155,180311,052235716,009435992,000,00127,00576,4,1,0
180156,180311,052235715,009435991,000,00138,00572,4,1,0
180157,180311,052235713,009435991,000,00114,00569,4,1,0
180158,180311,052235712,009435990,000,00093,00567,4,1,0
180159,180311,052235711,009435989,000,00045,00564,4,1,0
180200,180311,052235710,009435989,000,00102,00562,4,1,0
180201,180311,052235709,009435988,000,00132,00560,4,1,0
180202,180311,052235708,009435988,000,00100,00558,4,1,0
180203,180311,052235708,009435988,000,00090,00556,4,1,0
180204,180311,052235708,009435989,000,00095,00568,5,1,0
180205,180311,052235709,009435990,000,00093,00574,5,1,0
180206,180311,052235709,009435991,000,00083,00577,5,1,0
180207,180311,052235710,009435991,000,00100,00579,5,1,0
180208,180311,052235710,009435991,000,00078,00581,5,1,0
180209,180311,052235711,009435992,000,00088,00581,5,1,0
180210,180311,052235711,009435992,000,00094,00582,5,1,0
180211,180311,052235712,009435992,000,00051,00582,5,1,0
180212,180311,052235713,009435992,000,00061,00582,5,1,0
180213,180311,052235715,009435992,000,00102,00583,5,1,0
180214,180311,052235716,009435992,000,00089,00583,5,1,0
180215,180311,052235717,009435992,000,00061,00583,5,1,0
180216,180311,052235719,009435993,000,00045,00582,5,1,0
180217,180311,052235721,009435993,000,00052,00582,4,1,0
180218,180311,052235723,009435993,001,00203,00581,5,1,0
180219,180311,052235736,009436001,001,00035,00571,5,1,0
180220,180311,052235745,009436007,001,00029,00564,5,1,0
180221,180311,052235749,009436010,001,00035,00560,5,1,0
180222,180311,052235753,009436012,000,00044,00556,5,1,0
180223,180311,052235754,009436012,000,00074,00555,5,1,0
180224,180311,052235756,009436014,000,00061,00552,5,1,0
180225,180311,052235757,009436014,000,00073,00551,5,1,0
180226,180311,052235757,009436014,001,00095,00550,5,1,0
180227,180311,052235756,009436018,003,00096,00550,5,1,0
180228,180311,052235757,009436029,006,00069,00549,5,1,0
180229,180311,052235766,009436042,008,00036,00547,5,1,0
180230,180311,052235780,009436043,008,00341,00546,5,1,0
180231,180311,052235800,009436027,013,00319,00543,5,1,0
180232,180311,052235826,009436005,016,00333,00545,5,1,0
180233,180311,052235859,009436002,018,00003,00547,5,1,0
180234,180311,052235891,009436014,020,00016,00547,5,1,0
180235,180311,052235923,009436031,022,00019,00548,5,1,0
180236,180311,052235956,009436052,023,00021,00549,5,1,0
180237,180311,052235987,009436075,021,00026,00553,5,1,0
180238,180311,052236011,009436097,015,00026,00558,5,1,0
180239,180311,052236030,009436109,013,00013,00557,5,1,0
180240,180311,052236050,009436109,014,00350,00555,5,1,0
180241,180311,052236072,009436101,015,00345,00559,4,1,0
180242,180311,052236101,009436090,020,00344,00575,4,1,0
180243,180311,052236126,009436069,019,00337,00582,4,1,0
180244,180311,052236133,009436005,022,00302,00594,5,1,0
180245,180311,052236138,009435935,023,00289,00598,5,1,0
180246,180311,052236146,009435876,020,00295,00597,5,1,0
180247,180311,052236162,009435835,018,00311,00601,4,1,0
180248,180311,052236172,009435797,014,00314,00607,5,1,0
180249,180311,052236178,009435769,010,00311,00619,5,1,0
180250,180311,052236214,009435787,024,00021,00643,5,1,0
180251,180311,052236266,009435814,030,00012,00684,5,1,0
180252,180311,052236321,009435834,033,00008,00727,5,1,0
180253,180311,052236372,009435847,032,00006,00762,5,1,0
180254,180311,052236417,009435856,028,00009,00802,5,1,0
180255,180311,052236465,009435874,029,00011,00848,5,1,0
180256,180311,052236497,009435879,022,00007,00887,5,1,0
180257,180311,052236518,009435878,014,00359,00918,5,1,0
180258,180311,052236532,009435872,010,00353,00939,5,1,0
180259,180311,052236538,009435869,003,00001,00965,5,1,0
180300,180311,052236539,009435866,001,00312,00991,5,1,0
180301,180311,052236539,009435864,000,00317,01012,5,1,0
180302,180311,052236539,009435863,000,00314,01029,5,1,0
180303,180311,052236538,009435862,000,00310,01043,5,1,0
180304,180311,052236537,009435861,000,00321,01055,5,1,0
180305,180311,052236536,009435860,000,00311,01066,5,1,0
180306,180311,052236535,009435859,000,00166,01072,5,1,0
180307,180311,052236534,009435859,000,00166,01077,5,1,0
180308,180311,052236533,009435859,000,00161,01082,5,1,0
180309,180311,052236533,009435859,000,00150,01085,5,1,0
180310,180311,052236532,009435858,000,00150,01088,5,1,0
180311,180311,052236532,009435858,000,00141,01090,5,1,0
180312,180311,052236531,009435858,000,00143,01091,5,1,0
180313,180311,052236531,009435858,000,00135,01092,5,1,0
180314,180311,052236531,009435858,000,00135,01093,5,1,0
180315,180311,052236531,009435858,000,00129,01094,5,1,0
180316,180311,052236531,009435858,000,00130,01095,5,1,0
180317,180311,052236531,009435858,000,00116,01095,5,1,0
180318,180311,052236531,009435858,000,00117,01095,5,1,0
180319,180311,052236531,009435858,000,00120,01095,5,1,0
180320,180311,052236531,009435858,000,00117,01095,5,1,0
180321,180311,052236531,009435858,000,00124,01095,5,1,0
180322,180311,052236531,009435858,000,00086,01095,5,1,0
180323,180311,052236531,009435860,000,00106,01090,5,1,0
180324,180311,052236531,009435862,000,00102,01084,5,1,0
180325,180311,052236531,009435865,000,00102,01079,5,1,0
180326,180311,052236531,009435866,000,00007,01075,5,1,0
180327,180311,052236531,009435868,000,00113,01069,5,1,0
180328,180311,052236531,009435870,000,00080,01065,5,1,0
180329,180311,052236530,009435872,000,00096,01059,5,1,0
180330,180311,052236530,009435874,000,00120,01054,5,1,0
180331,180311,052236529,009435876,000,00120,01048,5,1,0
180332,180311,052236529,009435878,000,00101,01043,5,1,0
180333,180311,052236528,009435880,000,00116,01038,5,1,0
180334,180311,052236527,009435882,000,00125,01032,5,1,0
180335,180311,052236525,009435884,001,00129,01028,5,1,0
180336,180311,052236524,009435886,001,00137,01022,5,1,0
180337,180311,052236523,009435888,000,00121,01017,5,1,0
180338,180311,052236522,009435890,000,00123,01012,5,1,0
180339,180311,052236521,009435892,001,00123,01007,5,1,0
180339,180311,052236520,009435893,001,00055,01007,4,1,0
180340,180311,052236521,009435895,001,00034,01004,4,1,0
180341,180311,052236522,009435895,001,00187,01006,5,1,0
180342,180311,052236521,009435897,001,00137,01000,5,1,0
180343,180311,052236525,009435904,000,00103,00988,5,1,0
180344,180311,052236526,009435907,000,00106,00982,5,1,0
180345,180311,052236529,009435912,001,00086,00973,5,1,0
180346,180311,052236531,009435918,001,00101,00960,5,1,0
180347,180311,052236533,009435922,000,00097,00950,5,1,0
180348,180311,052236531,009435922,001,00132,00945,5,1,0
180349,180311,052236530,009435920,000,00091,00946,5,1,0
180350,180311,052236525,009435914,001,00127,00948,5,1,0
180351,180311,052236524,009435914,001,00147,00946,5,1,0
180352,180311,052236519,009435906,000,00154,00957,5,1,0
180353,180311,052236514,009435901,001,00164,00962,5,1,0
180354,180311,052236510,009435897,001,00165,00966,5,1,0
180355,180311,052236507,009435893,001,00158,00972,5,1,0
180356,180311,052236504,009435889,000,00155,00978,5,1,0
180357,180311,052236504,009435886,002,00354,00984,5,1,0
180358,180311,052236507,009435883,003,00346,00985,4,1,0
180359,180311,052236515,009435881,004,00352,00987,5,1,0
180400,180311,052236535,009435883,011,00350,00991,5,1,0
180401,180311,052236560,009435883,013,00357,01004,5,1,0
180402,180311,052236598,009435888,017,00356,01004,5,1,0
180403,180311,052236629,009435888,020,00005,01000,5,1,0
180404,180311,052236674,009435893,025,00001,01000,5,1,0
180405,180311,052236708,009435894,022,00001,01008,5,1,0
180406,180311,052236748,009435905,020,00011,01004,5,1,0
180407,180311,052236780,009435921,017,00022,00995,5,1,0
180408,180311,052236795,009435934,015,00037,00964,5,1,0
180409,180311,052236811,009435960,016,00054,00929,5,1,0
180410,180311,052236826,009436001,021,00060,00892,5,1,0
180411,180311,052236838,009436060,026,00069,00855,5,1,0
180412,180311,052236835,009436143,032,00084,00817,5,1,0
180413,180311,052236824,009436243,039,00093,00789,5,1,0
180414,180311,052236814,009436344,040,00094,00756,5,1,0
180415,180311,052236801,009436443,038,00093,00724,5,1,0
180416,180311,052236797,009436537,037,00092,00699,5,1,0
180417,180311,052236784,009436621,035,00094,00681,5,1,0
180418,180311,052236774,009436701,033,00093,00660,5,1,0
180419,180311,052236763,009436771,030,00092,00651,5,1,0
180420,180311,052236748,009436827,025,00098,00648,5,1,0
180421,180311,052236745,009436879,020,00098,00632,5,1,0
180422,180311,052236738,009436911,015,00092,00620,5,1,0
180423,180311,052236733,009436933,012,00098,00613,5,1,0
180424,180311,052236736,009436949,008,00091,00602,5,1,0
180425,180311,052236743,009436957,004,00075,00594,5,1,0
180426,180311,052236746,009436957,001,00114,00583,5,1,0
180427,180311,052236762,009436949,002,00350,00575,5,1,0
180428,180311,052236764,009436946,000,00119,00565,5,1,0
180429,180311,052236769,009436943,000,00103,00554,5,1,0
180430,180311,052236772,009436940,001,00000,00545,5,1,0
180431,180311,052236778,009436937,000,00029,00538,5,1,0
180432,180311,052236785,009436934,001,00006,00532,5,1,0
180433,180311,052236790,009436932,000,00070,00527,5,1,0
180434,180311,052236793,009436930,001,00133,00522,5,1,0
180435,180311,052236802,009436926,000,00108,00520,5,1,0
180436,180311,052236814,009436919,000,00130,00526,5,1,0
180437,180311,052236827,009436918,003,00074,00528,5,1,0
180438,180311,052236819,009436941,010,00082,00531,5,1,0
180439,180311,052236805,009436986,017,00081,00527,5,1,0
180440,180311,052236798,009437039,020,00091,00544,5,1,0
180441,180311,052236782,009437090,020,00112,00555,5,1,0
180442,180311,052236759,009437139,021,00120,00561,5,1,0
180443,180311,052236723,009437187,026,00134,00571,5,1,0
180444,180311,052236670,009437230,032,00147,00572,4,1,0
180445,180311,052236603,009437266,039,00156,00574,4,1,0
180446,180311,052236530,009437302,045,00159,00575,4,1,0
180447,180311,052236457,009437342,047,00160,00576,4,1,0
180448,180311,052236386,009437384,047,00159,00593,5,1,0
180449,180311,052236316,009437424,047,00160,00597,5,1,0
180450,180311,052236241,009437459,046,00159,00610,5,1,0
180451,180311,052236170,009437501,044,00158,00667,5,1,0
180452,180311,052236104,009437531,041,00160,00688,5,1,0
180453,180311,052236044,009437557,039,00164,00700,5,1,0
180454,180311,052235991,009437592,037,00161,00746,5,1,0
180455,180311,052235932,009437624,041,00163,00761,5,1,0
180456,180311,052235872,009437662,044,00158,00808,5,1,0
180457,180311,052235809,009437708,044,00156,00836,5,1,0
180458,180311,052235745,009437764,047,00152,00880,5,1,0
180459,180311,052235669,009437823,051,00154,00880,4,1,0
180500,180311,052235593,009437875,054,00157,00899,4,1,0
180501,180311,052235512,009437924,056,00156,00899,5,1,0
180502,180311,052235427,009437984,059,00156,00912,5,1,0
180503,180311,052235334,009438046,063,00156,00940,5,1,0
180504,180311,052235245,009438110,061,00155,00967,5,1,0
180505,180311,052235157,009438168,061,00156,00980,5,1,0
180506,180311,052235071,009438223,061,00156,00992,5,1,0
180507,180311,052235001,009438275,054,00156,00989,5,1,0
180508,180311,052234945,009438323,047,00155,01008,5,1,0
180509,180311,052234893,009438362,041,00155,01016,5,1,0
180510,180311,052234847,009438395,036,00157,01037,5,1,0
180511,180311,052234810,009438421,032,00162,01071,5,1,0
180512,180311,052234772,009438440,028,00171,01110,5,1,0
180513,180311,052234749,009438413,027,00192,01153,5,1,0
180514,180311,052234731,009438349,029,00219,01212,5,1,0
180515,180311,052234710,009438259,037,00235,01262,5,1,0
180516,180311,052234677,009438149,045,00235,01301,5,1,0
180517,180311,052234628,009438046,050,00230,01320,4,1,1
180518,180311,052234577,009437930,053,00227,01338,4,1,0
180519,180311,052234520,009437820,056,00225,01345,4,1,0
180520,180311,052234462,009437725,055,00222,01371,4,1,0
180521,180311,052234400,009437634,056,00219,01394,5,1,0
180522,180311,052234343,009437555,057,00219,01512,5,1,0
180523,180311,052234274,009437452,060,00218,01492,5,1,0
180524,180311,052234203,009437348,062,00218,01490,5,1,0
180525,180311,052234130,009437241,063,00220,01479,5,1,0
180526,180311,052234054,009437134,065,00220,01473,5,1,0
180527,180311,052233984,009437022,066,00222,01469,4,1,0
180528,180311,052233912,009436913,066,00222,01483,0,1,0
180529,180311,052233839,009436804,066,00222,01496,0,1,0
180530,180311,052233767,009436695,066,00222,01510,0,1,0
180531,180311,052233695,009436587,066,00222,01524,0,1,0
180533,180311,052233553,009436385,059,00218,01503,5,1,0
180534,180311,052233502,009436258,053,00216,01318,5,1,0
180535,180311,052233453,009436198,044,00216,01161,5,1,0
180536,180311,052233410,009436147,037,00217,01067,5,1,0
180537,180311,052233372,009436092,033,00217,01028,5,1,0
180538,180311,052233337,009436047,029,00217,00988,5,1,0
180539,180311,052233308,009436007,025,00216,00963,5,1,0
180540,180311,052233280,009435974,021,00215,00936,5,1,0
180541,180311,052233256,009435949,017,00215,00908,5,1,0
180542,180311,052233238,009435930,013,00217,00880,5,1,0
180543,180311,052233224,009435916,010,00213,00854,5,1,0
180544,180311,052233214,009435909,006,00207,00831,5,1,0
180545,180311,052233210,009435907,002,00192,00810,5,1,0
180546,180311,052233208,009435910,001,00148,00792,5,1,0
180547,180311,052233208,009435914,001,00137,00774,5,1,0
180548,180311,052233208,009435918,001,00139,00757,5,1,0
180549,180311,052233208,009435922,001,00141,00741,5,1,0
180550,180311,052233208,009435925,001,00144,00725,5,1,0
180551,180311,052233207,009435928,001,00143,00713,5,1,0
180552,180311,052233207,009435931,001,00140,00702,5,1,0
180553,180311,052233207,009435934,001,00142,00693,5,1,0
180554,180311,052233207,009435935,001,00147,00688,5,1,0
180555,180311,052233206,009435937,001,00144,00684,5,1,0
180556,180311,052233206,009435938,001,00146,00681,5,1,0
180557,180311,052233206,009435939,001,00145,00679,5,1,0
180558,180311,052233205,009435940,001,00147,00677,5,1,0
180559,180311,052233205,009435940,001,00142,00676,5,1,0
180600,180311,052233205,009435941,001,00146,00674,5,1,0
180601,180311,052233204,009435942,001,00145,00672,5,1,0
180602,180311,052233203,009435943,001,00142,00671,5,1,0
180603,180311,052233203,009435944,001,00140,00669,5,1,0
180604,180311,052233202,009435945,001,00136,00666,5,1,0
180605,180311,052233201,009435946,001,00138,00664,5,1,0
180606,180311,052233200,009435947,000,00141,00661,5,1,0
180607,180311,052233200,009435948,000,00139,00658,5,1,0
180608,180311,052233198,009435948,002,00201,00657,5,1,0
180609,180311,052233193,009435943,006,00214,00655,5,1,0
180610,180311,052233182,009435931,010,00219,00650,5,1,0
180611,180311,052233164,009435908,015,00222,00639,5,1,0
180612,180311,052233136,009435871,022,00221,00634,5,1,0
180613,180311,052233094,009435820,030,00218,00628,5,1,0
180614,180311,052233041,009435759,037,00215,00625,5,1,0
180615,180311,052232981,009435690,043,00217,00621,5,1,0
180616,180311,052232918,009435610,048,00218,00624,5,1,0
180617,180311,052232851,009435528,051,00216,00625,5,1,0
180618,180311,052232786,009435448,051,00217,00622,5,1,0
180619,180311,052232723,009435370,050,00219,00605,5,1,0
180620,180311,052232661,009435289,050,00219,00600,5,1,0
180621,180311,052232604,009435205,051,00222,00599,5,1,0
180622,180311,052232558,009435119,047,00227,00591,5,1,0
180623,180311,052232530,009435028,042,00237,00595,5,1,0
180624,180311,052232514,009434934,040,00246,00602,4,1,0
180625,180311,052232503,009434838,039,00252,00598,4,1,0
180626,180311,052232489,009434746,037,00251,00597,5,1,0
180627,180311,052232475,009434659,036,00251,00593,5,1,0
180628,180311,052232460,009434575,035,00251,00587,5,1,0
180629,180311,052232446,009434493,034,00251,00583,5,1,0
180630,180311,052232431,009434413,033,00252,00577,5,1,0
180631,180311,052232417,009434335,032,00251,00573,5,1,0
180632,180311,052232403,009434259,032,00251,00569,5,1,0
180633,180311,052232388,009434182,033,00250,00566,5,1,0
180634,180311,052232371,009434103,034,00247,00547,5,1,0
180635,180311,052232354,009434024,035,00248,00555,5,1,0
180636,180311,052232336,009433946,033,00247,00552,5,1,0
180637,180311,052232317,009433873,032,00248,00539,5,1,0
180638,180311,052232302,009433800,030,00250,00537,5,1,0
180639,180311,052232290,009433731,028,00252,00538,5,1,0
180640,180311,052232281,009433665,027,00255,00538,5,1,0
180641,180311,052232273,009433599,027,00256,00538,5,1,0
180642,180311,052232265,009433534,027,00257,00538,5,1,0
180643,180311,052232256,009433471,026,00253,00538,5,1,0
180644,180311,052232244,009433414,024,00258,00513,5,1,0
180645,180311,052232240,009433363,020,00262,00507,5,1,0
180646,180311,052232237,009433311,022,00258,00527,5,1,0
180647,180311,052232229,009433260,022,00246,00568,5,1,0
180648,180311,052232211,009433218,021,00231,00577,5,1,0
180649,180311,052232184,009433185,020,00218,00559,5,1,0
180650,180311,052232150,009433170,020,00201,00582,5,1,0
180651,180311,052232086,009433192,028,00175,00551,5,1,0
180652,180311,052232002,009433228,041,00174,00570,5,1,0
180653,180311,052231919,009433251,044,00175,00567,5,1,0
180654,180311,052231838,009433267,048,00173,00574,5,1,0
180655,180311,052231747,009433284,055,00174,00621,5,1,0
180656,180311,052231656,009433294,054,00175,00647,5,1,0
180657,180311,052231576,009433310,054,00175,00688,5,1,0
180658,180311,052231499,009433323,051,00175,00727,5,1,0
180659,180311,052231431,009433342,045,00176,00754,5,1,0
180700,180311,052231380,009433362,041,00176,00767,5,1,0
180701,180311,052231321,009433377,044,00175,00778,5,1,0
180702,180311,052231260,009433398,042,00172,00807,5,1,0
180703,180311,052231202,009433427,041,00170,00832,5,1,0
180704,180311,052231144,009433451,039,00168,00844,4,1,0
180705,180311,052231091,009433467,037,00170,00843,5,1,0
180706,180311,052231047,009433462,033,00175,00840,5,1,0
180707,180311,052231010,009433462,032,00171,00836,5,1,0
180708,180311,052230974,009433472,032,00164,00811,5,1,0
180709,180311,052230924,009433484,036,00168,00811,5,1,0
180710,180311,052230875,009433508,039,00168,00833,5,1,0
180711,180311,052230815,009433519,039,00170,00844,4,1,0
180712,180311,052230764,009433531,037,00175,00843,4,1,0
180713,180311,052230707,009433537,038,00175,00846,4,1,0
180714,180311,052230648,009433556,039,00168,00851,4,1,0
180715,180311,052230589,009433577,040,00169,00855,4,1,0
180716,180311,052230528,009433596,042,00170,00857,3,1,0
180717,180311,052230466,009433615,044,00168,00868,4,1,0
180718,180311,052230402,009433628,041,00166,00837,5,1,0
180719,180311,052230334,009433643,041,00170,00849,4,1,0
180720,180311,052230266,009433647,040,00173,00860,4,1,0
180721,180311,052230206,009433655,035,00170,00867,4,1,0
180722,180311,052230155,009433657,030,00173,00854,5,1,0
180723,180311,052230119,009433670,025,00176,00859,4,1,0
180724,180311,052230090,009433652,022,00191,00791,5,1,0
180725,180311,052230070,009433613,021,00212,00729,5,1,0
180726,180311,052230061,009433543,026,00242,00683,5,1,0
180727,180311,052230062,009433420,039,00259,00661,5,1,0
180728,180311,052230067,009433299,042,00263,00648,5,1,0
180729,180311,052230064,009433191,041,00263,00619,5,1,0
180730,180311,052230077,009433085,039,00269,00612,5,1,0
180731,180311,052230067,009432997,036,00267,00589,5,1,0
180732,180311,052230073,009432911,032,00267,00578,5,1,0
180733,180311,052230073,009432843,027,00271,00547,4,1,0
180734,180311,052230078,009432784,023,00277,00536,4,1,0
180735,180311,052230057,009432744,019,00261,00516,5,1,0
180736,180311,052230029,009432712,018,00251,00500,5,1,0
180737,180311,052230007,009432675,020,00247,00489,5,1,0
180738,180311,052229987,009432634,022,00247,00464,5,1,0
180739,180311,052229968,009432589,022,00251,00434,5,1,0
180740,180311,052229953,009432549,018,00239,00431,5,1,0
180741,180311,052229934,009432514,018,00235,00431,4,1,0
180742,180311,052229907,009432501,016,00216,00413,3,1,0
180743,180311,052229882,009432483,017,00208,00424,4,1,0
180744,180311,052229844,009432468,023,00203,00471,4,1,0
180745,180311,052229818,009432425,023,00212,00465,4,1,0
180746,180311,052229793,009432404,020,00202,00496,5,1,0
180747,180311,052229769,009432365,019,00210,00491,5,1,0
180748,180311,052229753,009432335,017,00219,00505,5,1,0
185304,180311,052230018,009431521,000,00000,00645,4,0,0
185305,180311,052230224,009431005,000,00000,00645,4,0,0
185306,180311,052230315,009430589,000,00000,00645,4,0,0
185307,180311,052230378,009430641,000,00000,00645,4,0,0
185308,180311,052230484,009430316,000,00000,00645,4,0,0
185309,180311,052230376,009430917,000,00000,00645,4,0,0
185310,180311,052229830,009432725,000,00000,01104,5,1,0
185311,180311,052229902,009432435,002,00232,00997,5,1,0
185312,180311,052229872,009432339,000,00071,00918,5,1,0
185313,180311,052229865,009432367,001,00059,00948,5,1,0
185314,180311,052229867,009432393,000,00142,01018,5,1,0
185315,180311,052229863,009432401,001,00204,01045,5,1,0
185316,180311,052229860,009432409,001,00212,01065,5,1,0
185317,180311,052229855,009432407,000,00182,01083,5,1,0
185318,180311,052229851,009432404,001,00068,01099,5,1,0
185319,180311,052229853,009432409,002,00054,01110,5,1,0
185320,180311,052229856,009432415,002,00055,01119,5,1,0
185321,180311,052229857,009432419,002,00054,01126,5,1,0
185322,180311,052229859,009432424,001,00059,01131,5,1,0
185323,180311,052229852,009432416,002,00212,01142,5,1,0
185324,180311,052229846,009432409,002,00210,01150,5,1,0
185325,180311,052229844,009432408,001,00197,01154,5,1,0
185326,180311,052229843,009432407,001,00193,01158,5,1,0
185327,180311,052229844,009432411,000,00159,01162,5,1,0
185328,180311,052229840,009432406,001,00187,01169,5,1,0
185329,180311,052229838,009432406,000,00162,01177,5,1,0
185330,180311,052229836,009432404,000,00177,01185,5,1,0
185331,180311,052229833,009432401,001,00190,01195,5,1,0
185332,180311,052229830,009432398,001,00184,01206,5,1,0
193648,180311,052229869,009432231,003,00241,00531,5,1,0
193650,180311,052229792,009432260,001,00342,00494,7,1,0
193651,180311,052229824,009432259,001,00044,00435,7,1,0
193652,180311,052229831,009432233,001,00076,00520,7,1,0
193653,180311,052229819,009432236,001,00175,00490,7,1,0
193654,180311,052229823,009432242,001,00084,00479,7,1,0
193655,180311,052229830,009432248,001,00087,00471,7,1,0
193656,180311,052229829,009432247,000,00076,00487,7,1,0
193657,180311,052229830,009432241,000,00282,00509,7,1,0
193658,180311,052229827,009432234,001,00191,00528,7,1,0
193659,180311,052229822,009432225,001,00216,00539,7,1,0
193700,180311,052229827,009432218,000,00210,00543,7,1,0
193701,180311,052229828,009432212,000,00253,00548,7,1,0
193702,180311,052229830,009432208,001,00190,00559,7,1,0
193703,180311,052229832,009432206,001,00189,00568,7,1,0
193704,180311,052229835,009432205,000,00194,00576,7,1,0
193705,180311,052229839,009432205,001,00341,00582,7,1,0
193706,180311,052229843,009432204,000,00004,00580,7,1,0
193707,180311,052229844,009432206,000,00175,00577,7,1,0
193708,180311,052229845,009432208,001,00352,00576,7,1,0
193709,180311,052229847,009432209,000,00164,00575,7,1,0
193710,180311,052229850,009432210,000,00192,00570,7,1,0
193711,180311,052229854,009432212,000,00103,00564,7,1,0
193712,180311,052229858,009432215,000,00042,00557,7,1,0
193713,180311,052229865,009432220,001,00020,00546,7,1,0
193714,180311,052229873,009432227,001,00023,00530,7,1,0
193715,180311,052229882,009432234,001,00025,00514,7,1,0
193716,180311,052229888,009432240,001,00034,00499,7,1,0
193717,180311,052229892,009432243,001,00001,00492,7,1,0
193718,180311,052229900,009432248,001,00039,00479,6,1,0
193719,180311,052229907,009432252,001,00058,00468,7,1,0
193720,180311,052229915,009432257,001,00016,00456,7,1,0
193721,180311,052229914,009432260,001,00015,00447,7,1,0
193722,180311,052229915,009432264,002,00000,00436,7,1,0
193723,180311,052229930,009432269,002,00019,00419,7,1,0
193724,180311,052229929,009432272,001,00107,00410,7,1,0
193725,180311,052229924,009432271,001,00192,00408,7,1,0
193726,180311,052229922,009432270,001,00192,00402,0,1,0
193727,180311,052229921,009432269,001,00192,00397,0,1,0
193728,180311,052229916,009432269,002,00173,00413,7,1,0
193729,180311,052229910,009432266,001,00122,00425,7,1,0
193730,180311,052229899,009432250,001,00132,00441,7,1,0
193731,180311,052229886,009432246,002,00169,00458,7,1,0
193732,180311,052229869,009432242,002,00192,00491,7,1,0
193733,180311,052229851,009432238,002,00189,00530,7,1,0
193734,180311,052229837,009432232,002,00221,00555,7,1,0
193735,180311,052229827,009432218,002,00210,00569,7,1,0
193736,180311,052229817,009432219,002,00212,00567,7,1,0
193737,180311,052229809,009432209,002,00224,00577,7,1,0
193738,180311,052229805,009432210,002,00174,00583,8,1,0
193739,180311,052229802,009432218,003,00124,00587,8,1,0
193740,180311,052229799,009432235,007,00112,00584,7,1,0
193741,180311,052229797,009432255,008,00090,00582,7,1,0
193742,180311,052229798,009432269,006,00055,00593,7,1,0
193743,180311,052229802,009432289,006,00046,00601,8,1,0
193744,180311,052229814,009432307,008,00037,00605,8,1,0
193745,180311,052229830,009432331,010,00032,00603,8,1,0
193746,180311,052229854,009432361,014,00034,00606,8,1,0
193747,180311,052229874,009432391,016,00040,00615,6,1,0
193748,180311,052229896,009432428,020,00047,00624,8,1,0
193749,180311,052229920,009432458,019,00046,00646,8,1,0
193750,180311,052229930,009432469,011,00041,00665,7,1,0
193751,180311,052229940,009432512,014,00068,00683,8,1,0
193752,180311,052229955,009432555,015,00067,00695,8,1,0
193753,180311,052229960,009432594,014,00057,00711,6,1,0
193754,180311,052229971,009432658,014,00044,00741,7,1,0
193755,180311,052229988,009432699,017,00036,00749,8,1,0
193756,180311,052230005,009432737,018,00039,00772,8,1,0
193757,180311,052230026,009432750,016,00030,00792,8,1,0
193758,180311,052230062,009432726,021,00001,00798,7,1,0
193759,180311,052230112,009432690,030,00347,00813,7,1,0
193800,180311,052230160,009432665,033,00343,00830,6,1,0
193801,180311,052230211,009432629,035,00341,00840,5,1,0
193802,180311,052230266,009432601,037,00345,00848,4,1,0
193803,180311,052230324,009432586,036,00348,00849,5,1,0
193804,180311,052230373,009432583,040,00347,00893,6,1,0
193805,180311,052230443,009432534,044,00346,00876,6,1,0
193806,180311,052230525,009432484,047,00348,00832,7,1,0
193807,180311,052230599,009432445,046,00347,00808,7,1,0
193808,180311,052230663,009432421,044,00350,00819,7,1,0
193809,180311,052230727,009432419,042,00352,00840,7,1,0
193810,180311,052230787,009432428,041,00356,00850,6,1,0
193811,180311,052230852,009432435,041,00358,00843,5,1,0
193812,180311,052230915,009432439,040,00359,00841,5,1,0
193813,180311,052230973,009432439,037,00000,00846,5,1,0
193814,180311,052231024,009432440,032,00000,00850,5,1,0
193815,180311,052231072,009432448,027,00000,00840,5,1,0
193816,180311,052231112,009432456,021,00003,00833,5,1,0
193817,180311,052231146,009432442,017,00346,00802,7,1,0
193818,180311,052231173,009432405,015,00329,00763,7,1,0
193819,180311,052231193,009432389,013,00330,00756,7,1,0
193820,180311,052231215,009432389,011,00348,00755,7,1,0
193821,180311,052231229,009432388,011,00347,00777,6,1,0
193822,180311,052231245,009432360,011,00324,00799,6,1,0
193823,180311,052231246,009432304,013,00292,00835,7,1,0
193824,180311,052231253,009432245,017,00280,00880,6,1,0
193825,180311,052231261,009432168,024,00274,00911,6,1,0
193826,180311,052231271,009432100,025,00282,00937,7,1,0
193827,180311,052231288,009432006,030,00287,00965,4,1,0
193828,180311,052231324,009431938,031,00297,00987,4,1,0
193829,180311,052231350,009431896,028,00306,01034,6,1,0
193830,180311,052231409,009431784,038,00306,01105,6,1,0
193831,180311,052231455,009431713,039,00309,01128,5,1,0
193832,180311,052231494,009431601,041,00306,01151,4,1,0
193833,180311,052231540,009431455,047,00301,01172,4,1,0
193834,180311,052231583,009431318,050,00296,01198,5,1,0
193835,180311,052231642,009431191,053,00297,01216,5,1,0
193836,180311,052231683,009431065,054,00297,01234,6,1,0
193837,180311,052231738,009430994,048,00306,01233,7,1,0
193838,180311,052231752,009430970,037,00298,01227,8,1,0
193839,180311,052231702,009430987,021,00253,01206,8,1,0
193840,180311,052231691,009430911,026,00242,01139,7,1,0
193841,180311,052231677,009430825,031,00243,01071,7,1,0
193842,180311,052231647,009430760,030,00241,01047,8,1,0
193843,180311,052231618,009430713,025,00239,01035,8,1,0
193844,180311,052231595,009430677,019,00242,01035,8,1,0
193845,180311,052231589,009430640,016,00254,01022,8,1,0
193846,180311,052231589,009430594,017,00266,00999,7,1,0
193847,180311,052231595,009430543,018,00280,00970,7,1,0
193848,180311,052231610,009430486,018,00287,00947,8,1,0
193849,180311,052231633,009430439,018,00297,00944,8,1,0
193850,180311,052231652,009430399,015,00309,00925,7,1,0
193851,180311,052231678,009430369,015,00338,00897,7,1,0
193852,180311,052231710,009430368,018,00003,00881,7,1,0
193853,180311,052231736,009430395,017,00033,00869,8,1,0
193854,180311,052231760,009430445,023,00050,00863,7,1,0
193855,180311,052231787,009430504,028,00052,00849,8,1,0
193856,180311,052231819,009430571,033,00050,00842,8,1,0
193857,180311,052231856,009430641,038,00051,00816,8,1,0
193858,180311,052231894,009430723,040,00052,00801,8,1,0
193859,180311,052231931,009430804,040,00052,00785,7,1,0
193900,180311,052231970,009430880,041,00053,00759,7,1,0
193901,180311,052232011,009430952,041,00053,00732,7,1,0
193902,180311,052232049,009431031,039,00052,00720,7,1,0
193903,180311,052232085,009431103,036,00050,00711,7,1,0
193904,180311,052232123,009431168,034,00050,00689,6,1,0
193905,180311,052232154,009431237,032,00051,00684,7,1,0
193906,180311,052232179,009431304,033,00056,00682,7,1,0
193907,180311,052232207,009431378,035,00056,00680,6,1,0
193908,180311,052232236,009431458,038,00060,00664,6,1,0
193909,180311,052232269,009431542,042,00060,00652,7,1,0
193910,180311,052232304,009431635,046,00060,00624,7,1,0
193911,180311,052232344,009431740,048,00064,00604,7,1,0
193912,180311,052232385,009431842,047,00065,00577,6,1,0
193913,180311,052232428,009431948,049,00064,00557,6,1,0
193914,180311,052232469,009432056,050,00061,00541,5,1,0
193915,180311,052232500,009432180,051,00063,00540,5,1,0
193916,180311,052232535,009432279,046,00062,00521,6,1,0
193917,180311,052232561,009432374,045,00066,00511,6,1,0
193918,180311,052232570,009432448,038,00071,00499,6,1,0
193919,180311,052232578,009432518,032,00074,00491,7,1,0
193920,180311,052232567,009432569,027,00086,00490,7,1,0
193921,180311,052232570,009432616,023,00084,00494,7,1,0
193922,180311,052232564,009432656,021,00087,00494,6,1,0
193923,180311,052232567,009432717,025,00099,00506,6,1,0
193924,180311,052232576,009432786,026,00093,00500,7,1,0
193925,180311,052232576,009432832,023,00087,00496,6,1,0
193926,180311,052232580,009432880,021,00082,00512,5,1,0
193927,180311,052232605,009432947,025,00065,00512,6,1,0
193928,180311,052232654,009433040,037,00053,00519,6,1,0
193929,180311,052232708,009433124,039,00046,00535,5,1,0
193930,180311,052232761,009433192,040,00041,00542,5,1,0
193931,180311,052232816,009433253,040,00039,00549,7,1,0
193932,180311,052232869,009433316,040,00036,00555,6,1,0
193933,180311,052232917,009433368,036,00035,00566,7,1,0
193934,180311,052232966,009433420,036,00035,00586,7,1,0
193935,180311,052232985,009433468,023,00050,00593,6,1,0
193936,180311,052232983,009433536,023,00070,00625,6,1,0
193937,180311,052232976,009433590,020,00082,00648,7,1,0
193938,180311,052232960,009433630,018,00099,00672,7,1,0
193939,180311,052232916,009433631,018,00146,00698,8,1,0
193940,180311,052232860,009433634,027,00156,00722,8,1,0
193941,180311,052232801,009433679,033,00155,00748,8,1,0
193942,180311,052232736,009433732,041,00152,00768,8,1,0
193943,180311,052232662,009433787,046,00153,00798,8,1,0
193944,180311,052232582,009433848,052,00154,00816,6,1,0
193945,180311,052232506,009433911,052,00155,00820,7,1,0
193946,180311,052232430,009433962,047,00160,00838,7,1,0
193947,180311,052232368,009434010,043,00156,00845,7,1,0
193948,180311,052232328,009434051,038,00147,00829,7,1,0
193949,180311,052232311,009434092,030,00134,00804,7,1,0
193950,180311,052232313,009434135,025,00109,00768,7,1,0
193951,180311,052232321,009434189,023,00091,00742,7,1,0
193952,180311,052232333,009434258,027,00087,00712,7,1,0
193953,180311,052232352,009434324,030,00083,00700,7,1,0
193954,180311,052232362,009434411,036,00084,00682,8,1,0
193955,180311,052232381,009434527,044,00081,00654,8,1,0
193956,180311,052232409,009434659,048,00079,00626,8,1,0
193957,180311,052232440,009434789,049,00082,00602,8,1,0
193958,180311,052232463,009434911,050,00077,00579,8,1,0
193959,180311,052232488,009435029,051,00074,00576,7,1,0
194000,180311,052232518,009435140,051,00067,00572,6,1,0
194001,180311,052232562,009435258,051,00059,00550,6,1,0
194002,180311,052232610,009435368,049,00053,00528,5,1,0
194003,180311,052232662,009435450,049,00045,00520,7,1,0
194004,180311,052232717,009435523,047,00042,00505,7,1,0
194005,180311,052232764,009435583,041,00040,00500,8,1,0
194006,180311,052232804,009435634,035,00037,00501,8,1,0
194007,180311,052232835,009435676,028,00038,00505,8,1,0
194008,180311,052232862,009435708,023,00037,00505,8,1,0
194009,180311,052232885,009435728,017,00037,00509,8,1,0
194010,180311,052232903,009435741,012,00038,00509,8,1,0
194011,180311,052232913,009435746,004,00039,00508,8,1,0
194012,180311,052232915,009435746,000,00015,00516,8,1,0
194013,180311,052232915,009435745,000,00005,00519,8,1,0
194014,180311,052232916,009435745,000,00011,00524,8,1,0
194015,180311,052232916,009435747,000,00058,00528,8,1,0
194016,180311,052232916,009435748,000,00158,00531,8,1,0
194017,180311,052232916,009435748,000,00212,00535,8,1,0
194018,180311,052232916,009435750,000,00115,00537,8,1,0
194019,180311,052232916,009435752,000,00173,00539,8,1,0
194020,180311,052232916,009435753,000,00315,00540,8,1,0
194021,180311,052232916,009435755,000,00132,00541,8,1,0
194022,180311,052232915,009435756,000,00181,00542,8,1,0
194023,180311,052232916,009435756,000,00010,00541,8,1,0
194024,180311,052232917,009435756,000,00196,00540,8,1,0
194025,180311,052232917,009435756,000,00290,00539,8,1,0
194026,180311,052232918,009435757,000,00153,00538,8,1,0
194027,180311,052232918,009435757,000,00213,00537,8,1,0
194028,180311,052232918,009435757,000,00167,00537,8,1,0
194029,180311,052232919,009435758,000,00043,00535,8,1,0
194030,180311,052232919,009435758,000,00039,00534,8,1,0
194031,180311,052232919,009435758,000,00219,00534,8,1,0
194032,180311,052232919,009435758,000,00191,00533,8,1,0
194033,180311,052232919,009435758,000,00085,00533,8,1,0
194034,180311,052232919,009435758,000,00134,00532,8,1,0
194035,180311,052232919,009435758,000,00123,00531,8,1,0
194036,180311,052232919,009435757,000,00140,00531,8,1,0
194037,180311,052232919,009435757,000,00176,00530,8,1,0
194038,180311,052232919,009435757,000,00069,00530,8,1,0
194039,180311,052232916,009435756,000,00162,00530,8,1,0
194040,180311,052232913,009435756,000,00168,00531,8,1,0
194041,180311,052232910,009435755,000,00170,00530,8,1,0
194042,180311,052232908,009435755,000,00252,00528,8,1,0
194043,180311,052232905,009435754,000,00337,00528,8,1,0
194044,180311,052232904,009435753,000,00269,00526,8,1,0
194045,180311,052232903,009435752,000,00016,00525,8,1,0
194046,180311,052232901,009435754,000,00053,00528,8,1,0
194047,180311,052232899,009435755,000,00066,00530,8,1,0
194048,180311,052232897,009435756,000,00073,00533,8,1,0
194049,180311,052232896,009435759,002,00050,00535,8,1,0
194050,180311,052232900,009435763,005,00040,00533,8,1,0
194051,180311,052232911,009435776,011,00039,00534,8,1,0
194052,180311,052232929,009435798,016,00036,00532,8,1,0
194053,180311,052232956,009435829,023,00039,00535,8,1,0
194054,180311,052232983,009435862,024,00033,00537,7,1,0
194055,180311,052233015,009435894,025,00033,00536,8,1,0
194056,180311,052233050,009435934,030,00035,00537,8,1,0
194057,180311,052233091,009435984,033,00036,00532,8,1,0
194058,180311,052233132,009436039,035,00041,00525,7,1,0
194059,180311,052233177,009436098,038,00040,00514,7,1,0
194100,180311,052233222,009436160,039,00039,00511,6,1,0
194101,180311,052233269,009436221,039,00038,00503,7,1,0
194102,180311,052233318,009436280,039,00037,00492,7,1,0
194103,180311,052233364,009436343,040,00037,00492,6,1,0
194104,180311,052233409,009436409,040,00040,00494,7,1,0
194105,180311,052233455,009436477,042,00039,00495,7,1,0
194106,180311,052233507,009436551,046,00039,00497,7,1,0
194107,180311,052233566,009436622,047,00039,00500,4,1,0
194108,180311,052233621,009436694,047,00039,00498,0,1,0
194109,180311,052233675,009436767,047,00039,00496,0,1,0
194110,180311,052233730,009436839,047,00039,00494,0,1,0
194111,180311,052233785,009436912,047,00039,00492,0,1,0
194113,180311,052233878,009437001,039,00032,00500,5,1,0
194114,180311,052233972,009437115,043,00030,00492,5,1,0
194115,180311,052234057,009437211,048,00034,00487,5,1,0
194116,180311,052234134,009437287,050,00036,00490,6,1,0
194117,180311,052234187,009437373,050,00038,00498,6,1,0
194118,180311,052234236,009437460,049,00038,00503,8,1,0
194119,180311,052234297,009437536,047,00039,00508,8,1,0
194120,180311,052234355,009437604,046,00040,00518,8,1,0
194121,180311,052234406,009437675,043,00040,00516,8,1,0
194122,180311,052234456,009437746,043,00041,00519,7,1,0
194123,180311,052234507,009437819,046,00043,00525,7,1,0
194124,180311,052234555,009437903,046,00044,00530,6,1,0
194125,180311,052234599,009437982,043,00048,00531,6,1,0
194126,180311,052234641,009438055,038,00050,00537,6,1,0
194127,180311,052234676,009438120,034,00050,00546,7,1,0
194128,180311,052234705,009438176,029,00050,00561,6,1,0
194129,180311,052234724,009438225,025,00054,00574,6,1,0
194130,180311,052234734,009438263,017,00060,00592,6,1,0
194131,180311,052234737,009438291,010,00065,00609,7,1,0
194132,180311,052234739,009438310,006,00070,00622,6,1,0
194133,180311,052234738,009438321,003,00097,00633,6,1,0
194134,180311,052234732,009438321,001,00127,00643,6,1,0
194135,180311,052234726,009438320,001,00138,00655,6,1,0
194136,180311,052234721,009438320,001,00133,00669,6,1,0
194137,180311,052234716,009438318,001,00148,00680,7,1,0
194138,180311,052234708,009438332,001,00142,00724,6,1,0
194139,180311,052234703,009438334,001,00143,00746,6,1,0
194140,180311,052234696,009438349,002,00133,00807,6,1,0
194141,180311,052234691,009438355,002,00130,00847,6,1,0
194142,180311,052234685,009438362,002,00221,00868,7,1,0
194143,180311,052234678,009438371,001,00142,00890,7,1,0
194144,180311,052234672,009438374,001,00151,00906,7,1,0
194145,180311,052234667,009438376,001,00137,00920,7,1,0
194146,180311,052234663,009438375,001,00166,00932,7,1,0
194147,180311,052234659,009438374,001,00172,00942,7,1,0
194148,180311,052234655,009438372,001,00187,00950,7,1,0
194149,180311,052234652,009438371,001,00189,00958,7,1,0
194150,180311,052234649,009438369,000,00191,00965,7,1,0
194151,180311,052234646,009438367,000,00195,00971,7,1,0
194152,180311,052234644,009438365,000,00209,00977,7,1,0
194153,180311,052234643,009438357,000,00190,00974,7,1,0
194154,180311,052234644,009438361,000,00352,00974,7,1,0
194155,180311,052234647,009438369,005,00058,00969,7,1,0
194156,180311,052234657,009438386,009,00055,00957,7,1,0
194157,180311,052234667,009438407,012,00056,00948,8,1,0
194158,180311,052234681,009438433,015,00054,00935,8,1,0
194159,180311,052234700,009438459,017,00037,00920,8,1,0
194200,180311,052234727,009438478,020,00021,00902,8,1,0
194201,180311,052234757,009438472,020,00356,00892,8,1,0
194202,180311,052234794,009438445,028,00342,00894,8,1,0
194203,180311,052234844,009438397,038,00336,00901,8,1,0
194204,180311,052234902,009438347,044,00335,00909,8,1,0
194205,180311,052234975,009438287,050,00335,00886,8,1,0
194206,180311,052235055,009438219,056,00334,00858,8,1,0
194207,180311,052235132,009438150,059,00335,00863,8,1,0
194208,180311,052235211,009438088,058,00336,00868,7,1,0
194209,180311,052235285,009438031,055,00335,00882,7,1,0
194210,180311,052235358,009437983,052,00338,00895,7,1,0
194211,180311,052235425,009437932,049,00338,00908,7,1,0
194212,180311,052235490,009437887,046,00339,00916,8,1,0
194213,180311,052235552,009437852,043,00339,00923,8,1,0
194214,180311,052235611,009437807,039,00338,00919,8,1,0
194215,180311,052235658,009437775,033,00340,00930,8,1,0
194216,180311,052235699,009437756,027,00341,00930,8,1,0
194217,180311,052235741,009437726,020,00336,00896,8,1,0
194218,180311,052235771,009437704,016,00331,00866,8,1,0
194219,180311,052235801,009437655,018,00314,00816,7,1,0
194220,180311,052235820,009437623,016,00306,00794,6,1,0
194221,180311,052235841,009437581,019,00304,00777,6,1,0
194222,180311,052235842,009437526,018,00284,00743,8,1,0
194223,180311,052235840,009437460,021,00273,00732,8,1,0
194224,180311,052235848,009437385,025,00279,00718,8,1,0
194225,180311,052235865,009437300,029,00281,00716,7,1,0
194226,180311,052235876,009437228,029,00279,00718,7,1,0
194227,180311,052235891,009437141,029,00275,00710,6,1,0
194228,180311,052235909,009437043,032,00279,00681,7,1,0
194229,180311,052235937,009436925,034,00289,00636,7,1,0
194230,180311,052235949,009436841,035,00289,00618,7,1,0
194231,180311,052235962,009436758,033,00291,00596,7,1,0
194232,180311,052235978,009436670,030,00291,00577,7,1,0
194233,180311,052235991,009436588,031,00288,00555,8,1,0
194234,180311,052236007,009436508,029,00290,00536,8,1,0
194235,180311,052236020,009436433,031,00288,00533,8,1,0
194236,180311,052236034,009436350,033,00285,00525,8,1,0
194237,180311,052236041,009436274,026,00282,00519,8,1,0
