13:14:20 **** Incremental Build of configuration Release for project ATm2560_Firmware ****
make all 
Building file: ../gps.cpp
Invoking: AVR C++ Compiler
avr-g++ -I"/home/jkw/Store/17 - Speedmaster/ATm2560_Firmware" -I"/home/jkw/Store/17 - Speedmaster/ATm2560_Firmware/inc" -I/usr/lib/avr/include/ -Wall -Os -fpack-struct -fshort-enums -funsigned-char -funsigned-bitfields -fno-exceptions -v -lm -mmcu=atmega2560 -DF_CPU=16000000UL -MMD -MP -MF"gps.d" -MT"gps.d" -c -o"gps.o" "../gps.cpp"
Using built-in specs.
COLLECT_GCC=avr-g++
Target: avr
Configured with: ../src/configure -v --enable-languages=c,c++ --prefix=/usr/lib --infodir=/usr/share/info --mandir=/usr/share/man --bindir=/usr/bin --libexecdir=/usr/lib --libdir=/usr/lib --enable-shared --with-system-zlib --enable-long-long --enable-nls --without-included-gettext --disable-libssp --build=x86_64-linux-gnu --host=x86_64-linux-gnu --target=avr
Thread model: single
gcc version 4.7.0 (GCC) 
COLLECT_GCC_OPTIONS='-I' '/home/jkw/Store/17 - Speedmaster/ATm2560_Firmware' '-I' '/home/jkw/Store/17 - Speedmaster/ATm2560_Firmware/inc' '-I' '/usr/lib/avr/include/' '-Wall' '-Os' '-fpack-struct' '-fshort-enums' '-funsigned-char' '-funsigned-bitfields' '-fno-exceptions' '-v' '-mmcu=atmega2560' '-D' 'F_CPU=16000000UL' '-MMD' '-MP' '-MF' 'gps.d' '-MT' 'gps.d' '-c' '-o' 'gps.o'
 /usr/lib/gcc/avr/4.7.0/cc1plus -quiet -v -I /home/jkw/Store/17 - Speedmaster/ATm2560_Firmware -I /home/jkw/Store/17 - Speedmaster/ATm2560_Firmware/inc -I /usr/lib/avr/include/ -imultilib avr6 -MMD gps.d -MF gps.d -MP -MT gps.d -D F_CPU=16000000UL ../gps.cpp -quiet -dumpbase gps.cpp -mmcu=atmega2560 -auxbase-strip gps.o -Os -Wall -version -fpack-struct -fshort-enums -funsigned-char -funsigned-bitfields -fno-exceptions -fno-rtti -fno-enforce-eh-specs -fno-exceptions -o /tmp/cc4o0ecH.s
GNU C++ (GCC) version 4.7.0 (avr)
	compiled by GNU C version 4.7.0, GMP version 5.0.2, MPFR version 3.1.0-p3, MPC version 0.9
GGC heuristics: --param ggc-min-expand=100 --param ggc-min-heapsize=131072
ignoring nonexistent directory "/usr/lib/gcc/avr/4.7.0/../../../avr/include/c++/4.7.0"
ignoring nonexistent directory "/usr/lib/gcc/avr/4.7.0/../../../avr/include/c++/4.7.0/avr/avr6"
ignoring nonexistent directory "/usr/lib/gcc/avr/4.7.0/../../../avr/include/c++/4.7.0/backward"
ignoring nonexistent directory "/usr/lib/gcc/avr/4.7.0/../../../avr/sys-include"
ignoring duplicate directory "/usr/lib/avr/include/"
  as it is a non-system directory that duplicates a system directory
#include "..." search starts here:
#include <...> search starts here:
 /home/jkw/Store/17 - Speedmaster/ATm2560_Firmware
 /home/jkw/Store/17 - Speedmaster/ATm2560_Firmware/inc
 /usr/lib/gcc/avr/4.7.0/include
 /usr/lib/gcc/avr/4.7.0/include-fixed
 /usr/lib/gcc/avr/4.7.0/../../../avr/include
End of search list.
GNU C++ (GCC) version 4.7.0 (avr)
	compiled by GNU C version 4.7.0, GMP version 5.0.2, MPFR version 3.1.0-p3, MPC version 0.9
GGC heuristics: --param ggc-min-expand=100 --param ggc-min-heapsize=131072
Compiler executable checksum: c29e1c4d0d898621d62de7616eea5a85
COLLECT_GCC_OPTIONS='-I' '/home/jkw/Store/17 - Speedmaster/ATm2560_Firmware' '-I' '/home/jkw/Store/17 - Speedmaster/ATm2560_Firmware/inc' '-I' '/usr/lib/avr/include/' '-Wall' '-Os' '-fpack-struct' '-fshort-enums' '-funsigned-char' '-funsigned-bitfields' '-fno-exceptions' '-v' '-mmcu=atmega2560' '-D' 'F_CPU=16000000UL' '-MMD' '-MP' '-MF' 'gps.d' '-MT' 'gps.d' '-c' '-o' 'gps.o'
Finished building: ../gps.cpp
 
Building file: ../main.cpp
Invoking: AVR C++ Compiler
avr-g++ -I"/home/jkw/Store/17 - Speedmaster/ATm2560_Firmware" -I"/home/jkw/Store/17 - Speedmaster/ATm2560_Firmware/inc" -I/usr/lib/avr/include/ -Wall -Os -fpack-struct -fshort-enums -funsigned-char -funsigned-bitfields -fno-exceptions -v -lm -mmcu=atmega2560 -DF_CPU=16000000UL -MMD -MP -MF"main.d" -MT"main.d" -c -o"main.o" "../main.cpp"
 /usr/lib/gcc/avr/4.7.0/../../../avr/bin/as -mmcu=atmega2560 -mno-skip-bug -o gps.o /tmp/cc4o0ecH.s
COMPILER_PATH=/usr/lib/gcc/avr/4.7.0/:/usr/lib/gcc/avr/4.7.0/:/usr/lib/gcc/avr/:/usr/lib/gcc/avr/4.7.0/:/usr/lib/gcc/avr/:/usr/lib/gcc/avr/4.7.0/../../../avr/bin/
LIBRARY_PATH=/usr/lib/gcc/avr/4.7.0/avr6/:/usr/lib/gcc/avr/4.7.0/../../../avr/lib/avr6/:/usr/lib/gcc/avr/4.7.0/:/usr/lib/gcc/avr/4.7.0/../../../avr/lib/
COLLECT_GCC_OPTIONS='-I' '/home/jkw/Store/17 - Speedmaster/ATm2560_Firmware' '-I' '/home/jkw/Store/17 - Speedmaster/ATm2560_Firmware/inc' '-I' '/usr/lib/avr/include/' '-Wall' '-Os' '-fpack-struct' '-fshort-enums' '-funsigned-char' '-funsigned-bitfields' '-fno-exceptions' '-v' '-mmcu=atmega2560' '-D' 'F_CPU=16000000UL' '-MMD' '-MP' '-MF' 'gps.d' '-MT' 'gps.d' '-c' '-o' 'gps.o'
Finished building: ../main.cpp
 
Building target: Speedoino.elf
Invoking: AVR C++ Linker
avr-g++  -lc -lm -Wl,-Map,Speedoino.map,--cref -Wl,--relax -L"/home/jkw/Store/17 - Speedmaster/ATm2560_Firmware/inc" -mmcu=atmega2560 -o"Speedoino.elf"   ./inc/HardwareSerial.o ./inc/I2C.o ./inc/Print.o ./inc/Sd2Card.o ./inc/SdFat.o ./inc/SdFatUtil.o ./inc/SdFile.o ./inc/SdStream.o ./inc/SdVolume.o ./inc/istream.o ./inc/ostream.o ./inc/pins_arduino.o ./inc/ssd0323.o ./inc/wiring.o ./inc/wiring_analog.o ./inc/wiring_digital.o ./inc/wiring_pulse.o ./inc/wiring_shift.o  ./CAN.o ./aktors.o ./blinker.o ./clock_me.o ./config.o ./debug.o ./display.o ./dz.o ./file_manager_v2.o ./fuel.o ./gear.o ./gps.o ./helper.o ./main.o ./menu.o ./oiler.o ./reset.o ./sd.o ./sensors.o ./speed.o ./speedo.o ./sprint.o ./stepper.o ./temperature.o ./tetris.o ./timer.o ./voltage.o     -lc
Using built-in specs.
COLLECT_GCC=avr-g++
Target: avr
Configured with: ../src/configure -v --enable-languages=c,c++ --prefix=/usr/lib --infodir=/usr/share/info --mandir=/usr/share/man --bindir=/usr/bin --libexecdir=/usr/lib --libdir=/usr/lib --enable-shared --with-system-zlib --enable-long-long --enable-nls --without-included-gettext --disable-libssp --build=x86_64-linux-gnu --host=x86_64-linux-gnu --target=avr
Finished building target: Speedoino.elf
 
Invoking: AVR Create Extended Listing
avr-objdump -h -S Speedoino.elf  >"Speedoino.lss"
Thread model: single
gcc version 4.7.0 (GCC) 
COLLECT_GCC_OPTIONS='-I' '/home/jkw/Store/17 - Speedmaster/ATm2560_Firmware' '-I' '/home/jkw/Store/17 - Speedmaster/ATm2560_Firmware/inc' '-I' '/usr/lib/avr/include/' '-Wall' '-Os' '-fpack-struct' '-fshort-enums' '-funsigned-char' '-funsigned-bitfields' '-fno-exceptions' '-v' '-mmcu=atmega2560' '-D' 'F_CPU=16000000UL' '-MMD' '-MP' '-MF' 'main.d' '-MT' 'main.d' '-c' '-o' 'main.o'
 /usr/lib/gcc/avr/4.7.0/cc1plus -quiet -v -I /home/jkw/Store/17 - Speedmaster/ATm2560_Firmware -I /home/jkw/Store/17 - Speedmaster/ATm2560_Firmware/inc -I /usr/lib/avr/include/ -imultilib avr6 -MMD main.d -MF main.d -MP -MT main.d -D F_CPU=16000000UL ../main.cpp -quiet -dumpbase main.cpp -mmcu=atmega2560 -auxbase-strip main.o -Os -Wall -version -fpack-struct -fshort-enums -funsigned-char -funsigned-bitfields -fno-exceptions -fno-rtti -fno-enforce-eh-specs -fno-exceptions -o /tmp/cc3c1DFK.s
GNU C++ (GCC) version 4.7.0 (avr)
	compiled by GNU C version 4.7.0, GMP version 5.0.2, MPFR version 3.1.0-p3, MPC version 0.9
GGC heuristics: --param ggc-min-expand=100 --param ggc-min-heapsize=131072
ignoring nonexistent directory "/usr/lib/gcc/avr/4.7.0/../../../avr/include/c++/4.7.0"
ignoring nonexistent directory "/usr/lib/gcc/avr/4.7.0/../../../avr/include/c++/4.7.0/avr/avr6"
ignoring nonexistent directory "/usr/lib/gcc/avr/4.7.0/../../../avr/include/c++/4.7.0/backward"
ignoring nonexistent directory "/usr/lib/gcc/avr/4.7.0/../../../avr/sys-include"
ignoring duplicate directory "/usr/lib/avr/include/"
  as it is a non-system directory that duplicates a system directory
#include "..." search starts here:
#include <...> search starts here:
 /home/jkw/Store/17 - Speedmaster/ATm2560_Firmware
 /home/jkw/Store/17 - Speedmaster/ATm2560_Firmware/inc
 /usr/lib/gcc/avr/4.7.0/include
 /usr/lib/gcc/avr/4.7.0/include-fixed
 /usr/lib/gcc/avr/4.7.0/../../../avr/include
End of search list.
GNU C++ (GCC) version 4.7.0 (avr)
	compiled by GNU C version 4.7.0, GMP version 5.0.2, MPFR version 3.1.0-p3, MPC version 0.9
GGC heuristics: --param ggc-min-expand=100 --param ggc-min-heapsize=131072
Compiler executable checksum: c29e1c4d0d898621d62de7616eea5a85
../main.cpp: In function ‘void init_speedo()’:
../main.cpp:86:64: warning: deprecated conversion from string constant to ‘char*’ [-Wwrite-strings]
../main.cpp:87:66: warning: deprecated conversion from string constant to ‘char*’ [-Wwrite-strings]
../main.cpp:88:64: warning: deprecated conversion from string constant to ‘char*’ [-Wwrite-strings]
../main.cpp:89:66: warning: deprecated conversion from string constant to ‘char*’ [-Wwrite-strings]
COLLECT_GCC_OPTIONS='-I' '/home/jkw/Store/17 - Speedmaster/ATm2560_Firmware' '-I' '/home/jkw/Store/17 - Speedmaster/ATm2560_Firmware/inc' '-I' '/usr/lib/avr/include/' '-Wall' '-Os' '-fpack-struct' '-fshort-enums' '-funsigned-char' '-funsigned-bitfields' '-fno-exceptions' '-v' '-mmcu=atmega2560' '-D' 'F_CPU=16000000UL' '-MMD' '-MP' '-MF' 'main.d' '-MT' 'main.d' '-c' '-o' 'main.o'
 /usr/lib/gcc/avr/4.7.0/../../../avr/bin/as -mmcu=atmega2560 -mno-skip-bug -o main.o /tmp/cc3c1DFK.s
COMPILER_PATH=/usr/lib/gcc/avr/4.7.0/:/usr/lib/gcc/avr/4.7.0/:/usr/lib/gcc/avr/:/usr/lib/gcc/avr/4.7.0/:/usr/lib/gcc/avr/:/usr/lib/gcc/avr/4.7.0/../../../avr/bin/
LIBRARY_PATH=/usr/lib/gcc/avr/4.7.0/avr6/:/usr/lib/gcc/avr/4.7.0/../../../avr/lib/avr6/:/usr/lib/gcc/avr/4.7.0/:/usr/lib/gcc/avr/4.7.0/../../../avr/lib/
COLLECT_GCC_OPTIONS='-I' '/home/jkw/Store/17 - Speedmaster/ATm2560_Firmware' '-I' '/home/jkw/Store/17 - Speedmaster/ATm2560_Firmware/inc' '-I' '/usr/lib/avr/include/' '-Wall' '-Os' '-fpack-struct' '-fshort-enums' '-funsigned-char' '-funsigned-bitfields' '-fno-exceptions' '-v' '-mmcu=atmega2560' '-D' 'F_CPU=16000000UL' '-MMD' '-MP' '-MF' 'main.d' '-MT' 'main.d' '-c' '-o' 'main.o'
Finished building: Speedoino.lss
 
Create Flash image (ihex format)
avr-objcopy -R .eeprom -O ihex Speedoino.elf  "Speedoino.hex"
Finished building: Speedoino.hex
 
Create eeprom image (ihex format)
avr-objcopy -j .eeprom --no-change-warnings --change-section-lma .eeprom=0 -O ihex Speedoino.elf  "Speedoino.eep"
Finished building: Speedoino.eep
 
Invoking: Print Size
avr-size --format=avr --mcu=atmega2560 Speedoino.elf
AVR Memory Usage
----------------
Device: atmega2560

Program:  164604 bytes (62.8% Full)
(.text + .data + .bootloader)

Data:       3947 bytes (48.2% Full)
(.data + .bss + .noinit)


Finished building: sizedummy
 

13:14:34 Build Finished (took 13s.544ms)

