20:20:59 **** Build of configuration Release for project ATm328_Firmware ****
make all 
Building file: ../main.c
Invoking: AVR Compiler
avr-gcc -I"/home/jkw/Store/17 - Speedmaster/ATm328_Firmware" -I/usr/lib/avr/include/ -Wall -Werror -Os -fpack-struct -fshort-enums -std=gnu99 -funsigned-char -funsigned-bitfields -mmcu=atmega328p -DF_CPU=16000000UL -MMD -MP -MF"main.d" -MT"main.d" -c -o "main.o" "../main.c"
In file included from ../main.c:51:0:
../speed_cntr.h:62:11: note: #pragma message: [speed_cntr.c] *** Using Halfsteps ***
Finished building: ../main.c
 
Building file: ../reset.c
Invoking: AVR Compiler
avr-gcc -I"/home/jkw/Store/17 - Speedmaster/ATm328_Firmware" -I/usr/lib/avr/include/ -Wall -Werror -Os -fpack-struct -fshort-enums -std=gnu99 -funsigned-char -funsigned-bitfields -mmcu=atmega328p -DF_CPU=16000000UL -MMD -MP -MF"reset.d" -MT"reset.d" -c -o "reset.o" "../reset.c"
Finished building: ../reset.c
 
Building file: ../sm_driver.c
Invoking: AVR Compiler
avr-gcc -I"/home/jkw/Store/17 - Speedmaster/ATm328_Firmware" -I/usr/lib/avr/include/ -Wall -Werror -Os -fpack-struct -fshort-enums -std=gnu99 -funsigned-char -funsigned-bitfields -mmcu=atmega328p -DF_CPU=16000000UL -MMD -MP -MF"sm_driver.d" -MT"sm_driver.d" -c -o "sm_driver.o" "../sm_driver.c"
Finished building: ../sm_driver.c
 
Building file: ../speed_cntr.c
Invoking: AVR Compiler
avr-gcc -I"/home/jkw/Store/17 - Speedmaster/ATm328_Firmware" -I/usr/lib/avr/include/ -Wall -Werror -Os -fpack-struct -fshort-enums -std=gnu99 -funsigned-char -funsigned-bitfields -mmcu=atmega328p -DF_CPU=16000000UL -MMD -MP -MF"speed_cntr.d" -MT"speed_cntr.d" -c -o "speed_cntr.o" "../speed_cntr.c"
In file included from ../speed_cntr.c:32:0:
../speed_cntr.h:62:11: note: #pragma message: [speed_cntr.c] *** Using Halfsteps ***
Finished building: ../speed_cntr.c
 
Building file: ../uart.c
Invoking: AVR Compiler
avr-gcc -I"/home/jkw/Store/17 - Speedmaster/ATm328_Firmware" -I/usr/lib/avr/include/ -Wall -Werror -Os -fpack-struct -fshort-enums -std=gnu99 -funsigned-char -funsigned-bitfields -mmcu=atmega328p -DF_CPU=16000000UL -MMD -MP -MF"uart.d" -MT"uart.d" -c -o "uart.o" "../uart.c"
In file included from ../uart.c:25:0:
../speed_cntr.h:62:11: note: #pragma message: [speed_cntr.c] *** Using Halfsteps ***
Finished building: ../uart.c
 
Building target: Watchdog.elf
Invoking: AVR C++ Linker
avr-g++ -Wl,-Map,Watchdog.map,--cref -mmcu=atmega328p -o "Watchdog.elf"  ./main.o ./reset.o ./sm_driver.o ./speed_cntr.o ./uart.o   
Finished building target: Watchdog.elf
 
Create Flash image (ihex format)
avr-objcopy -R .eeprom -O ihex Watchdog.elf  "Watchdog.hex"
Finished building: Watchdog.hex
 
Create eeprom image (ihex format)
avr-objcopy -j .eeprom --no-change-warnings --change-section-lma .eeprom=0 -O ihex Watchdog.elf  "Watchdog.eep"
Finished building: Watchdog.eep
 
Invoking: Print Size
avr-size --format=avr --mcu=atmega328p Watchdog.elf
AVR Memory Usage
----------------
Device: atmega328p

Program:    7748 bytes (23.6% Full)
(.text + .data + .bootloader)

Data:        117 bytes (5.7% Full)
(.data + .bss + .noinit)


Finished building: sizedummy
 

20:21:00 Build Finished (took 1s.274ms)

